<?xml version="1.0" encoding="UTF-8"?>
<testng-results skipped="0" failed="26" ignored="0" total="147" passed="121">
  <reporter-output>
  </reporter-output>
  <suite name="Default suite" duration-ms="2652074" started-at="2020-01-07T04:44:14Z" finished-at="2020-01-07T05:28:26Z">
    <groups>
    </groups>
    <test name="Default test" duration-ms="2652074" started-at="2020-01-07T04:44:14Z" finished-at="2020-01-07T05:28:26Z">
      <class name="com.nse.test.NSEMainTest">
        <test-method status="PASS" signature="setUp()[pri:0, instance:com.nse.test.NSEMainTest@100d6b1]" name="setUp" is-config="true" duration-ms="10032" started-at="2020-01-07T04:44:15Z" finished-at="2020-01-07T04:44:25Z">
          <reporter-output>
          </reporter-output>
        </test-method> <!-- setUp -->
        <test-method status="PASS" signature="callValuesTest(java.lang.String)[pri:0, instance:com.nse.test.NSEMainTest@100d6b1]" name="callValuesTest" duration-ms="9477" started-at="2020-01-07T04:44:25Z" data-provider="readTestData" finished-at="2020-01-07T04:44:34Z">
          <params>
            <param index="0">
              <value>
                <![CDATA[ACC]]>
              </value>
            </param>
          </params>
          <reporter-output>
          </reporter-output>
        </test-method> <!-- callValuesTest -->
        <test-method status="PASS" signature="tearDown()[pri:0, instance:com.nse.test.NSEMainTest@100d6b1]" name="tearDown" is-config="true" duration-ms="662" started-at="2020-01-07T04:44:34Z" finished-at="2020-01-07T04:44:35Z">
          <reporter-output>
          </reporter-output>
        </test-method> <!-- tearDown -->
        <test-method status="PASS" signature="setUp()[pri:0, instance:com.nse.test.NSEMainTest@100d6b1]" name="setUp" is-config="true" duration-ms="9347" started-at="2020-01-07T04:44:35Z" finished-at="2020-01-07T04:44:44Z">
          <reporter-output>
          </reporter-output>
        </test-method> <!-- setUp -->
        <test-method status="PASS" signature="callValuesTest(java.lang.String)[pri:0, instance:com.nse.test.NSEMainTest@100d6b1]" name="callValuesTest" duration-ms="6687" started-at="2020-01-07T04:44:44Z" data-provider="readTestData" finished-at="2020-01-07T04:44:51Z">
          <params>
            <param index="0">
              <value>
                <![CDATA[ADANIENT]]>
              </value>
            </param>
          </params>
          <reporter-output>
          </reporter-output>
        </test-method> <!-- callValuesTest -->
        <test-method status="PASS" signature="tearDown()[pri:0, instance:com.nse.test.NSEMainTest@100d6b1]" name="tearDown" is-config="true" duration-ms="672" started-at="2020-01-07T04:44:51Z" finished-at="2020-01-07T04:44:51Z">
          <reporter-output>
          </reporter-output>
        </test-method> <!-- tearDown -->
        <test-method status="PASS" signature="setUp()[pri:0, instance:com.nse.test.NSEMainTest@100d6b1]" name="setUp" is-config="true" duration-ms="9307" started-at="2020-01-07T04:44:51Z" finished-at="2020-01-07T04:45:01Z">
          <reporter-output>
          </reporter-output>
        </test-method> <!-- setUp -->
        <test-method status="PASS" signature="callValuesTest(java.lang.String)[pri:0, instance:com.nse.test.NSEMainTest@100d6b1]" name="callValuesTest" duration-ms="9286" started-at="2020-01-07T04:45:01Z" data-provider="readTestData" finished-at="2020-01-07T04:45:10Z">
          <params>
            <param index="0">
              <value>
                <![CDATA[ADANIPORTS]]>
              </value>
            </param>
          </params>
          <reporter-output>
          </reporter-output>
        </test-method> <!-- callValuesTest -->
        <test-method status="PASS" signature="tearDown()[pri:0, instance:com.nse.test.NSEMainTest@100d6b1]" name="tearDown" is-config="true" duration-ms="685" started-at="2020-01-07T04:45:10Z" finished-at="2020-01-07T04:45:11Z">
          <reporter-output>
          </reporter-output>
        </test-method> <!-- tearDown -->
        <test-method status="PASS" signature="setUp()[pri:0, instance:com.nse.test.NSEMainTest@100d6b1]" name="setUp" is-config="true" duration-ms="9204" started-at="2020-01-07T04:45:11Z" finished-at="2020-01-07T04:45:20Z">
          <reporter-output>
          </reporter-output>
        </test-method> <!-- setUp -->
        <test-method status="FAIL" signature="callValuesTest(java.lang.String)[pri:0, instance:com.nse.test.NSEMainTest@100d6b1]" name="callValuesTest" duration-ms="6916" started-at="2020-01-07T04:45:20Z" data-provider="readTestData" finished-at="2020-01-07T04:45:27Z">
          <params>
            <param index="0">
              <value>
                <![CDATA[ADANIPOWER]]>
              </value>
            </param>
          </params>
          <exception class="java.lang.NumberFormatException">
            <message>
              <![CDATA[For input string: "-"]]>
            </message>
            <full-stacktrace>
              <![CDATA[java.lang.NumberFormatException: For input string: "-"
at sun.misc.FloatingDecimal.readJavaFormatString(FloatingDecimal.java:2043)
at sun.misc.FloatingDecimal.parseFloat(FloatingDecimal.java:122)
at java.lang.Float.parseFloat(Float.java:451)
at com.nse.pages.NSEMainPage.getPutLTPValue(NSEMainPage.java:125)
at com.nse.test.NSEMainTest.callValuesTest(NSEMainTest.java:65)
at sun.reflect.NativeMethodAccessorImpl.invoke0(Native Method)
at sun.reflect.NativeMethodAccessorImpl.invoke(NativeMethodAccessorImpl.java:62)
at sun.reflect.DelegatingMethodAccessorImpl.invoke(DelegatingMethodAccessorImpl.java:43)
at java.lang.reflect.Method.invoke(Method.java:498)
at org.testng.internal.MethodInvocationHelper.invokeMethod(MethodInvocationHelper.java:124)
at org.testng.internal.Invoker.invokeMethod(Invoker.java:583)
at org.testng.internal.Invoker.invokeTestMethod(Invoker.java:719)
at org.testng.internal.Invoker.invokeTestMethods(Invoker.java:989)
at org.testng.internal.TestMethodWorker.invokeTestMethods(TestMethodWorker.java:125)
at org.testng.internal.TestMethodWorker.run(TestMethodWorker.java:109)
at org.testng.TestRunner.privateRun(TestRunner.java:648)
at org.testng.TestRunner.run(TestRunner.java:505)
at org.testng.SuiteRunner.runTest(SuiteRunner.java:455)
at org.testng.SuiteRunner.runSequentially(SuiteRunner.java:450)
at org.testng.SuiteRunner.privateRun(SuiteRunner.java:415)
at org.testng.SuiteRunner.run(SuiteRunner.java:364)
at org.testng.SuiteRunnerWorker.runSuite(SuiteRunnerWorker.java:52)
at org.testng.SuiteRunnerWorker.run(SuiteRunnerWorker.java:84)
at org.testng.TestNG.runSuitesSequentially(TestNG.java:1208)
at org.testng.TestNG.runSuitesLocally(TestNG.java:1137)
at org.testng.TestNG.runSuites(TestNG.java:1049)
at org.testng.TestNG.run(TestNG.java:1017)
at org.testng.remote.AbstractRemoteTestNG.run(AbstractRemoteTestNG.java:114)
at org.testng.remote.RemoteTestNG.initAndRun(RemoteTestNG.java:251)
at org.testng.remote.RemoteTestNG.main(RemoteTestNG.java:77)
]]>
            </full-stacktrace>
          </exception> <!-- java.lang.NumberFormatException -->
          <reporter-output>
          </reporter-output>
        </test-method> <!-- callValuesTest -->
        <test-method status="PASS" signature="tearDown()[pri:0, instance:com.nse.test.NSEMainTest@100d6b1]" name="tearDown" is-config="true" duration-ms="638" started-at="2020-01-07T04:45:27Z" finished-at="2020-01-07T04:45:27Z">
          <reporter-output>
          </reporter-output>
        </test-method> <!-- tearDown -->
        <test-method status="PASS" signature="setUp()[pri:0, instance:com.nse.test.NSEMainTest@100d6b1]" name="setUp" is-config="true" duration-ms="9261" started-at="2020-01-07T04:45:27Z" finished-at="2020-01-07T04:45:37Z">
          <reporter-output>
          </reporter-output>
        </test-method> <!-- setUp -->
        <test-method status="FAIL" signature="callValuesTest(java.lang.String)[pri:0, instance:com.nse.test.NSEMainTest@100d6b1]" name="callValuesTest" duration-ms="6306" started-at="2020-01-07T04:45:37Z" data-provider="readTestData" finished-at="2020-01-07T04:45:43Z">
          <params>
            <param index="0">
              <value>
                <![CDATA[AMARAJABAT]]>
              </value>
            </param>
          </params>
          <exception class="java.lang.NumberFormatException">
            <message>
              <![CDATA[For input string: "-"]]>
            </message>
            <full-stacktrace>
              <![CDATA[java.lang.NumberFormatException: For input string: "-"
at sun.misc.FloatingDecimal.readJavaFormatString(FloatingDecimal.java:2043)
at sun.misc.FloatingDecimal.parseFloat(FloatingDecimal.java:122)
at java.lang.Float.parseFloat(Float.java:451)
at com.nse.pages.NSEMainPage.getPutLTPValue(NSEMainPage.java:125)
at com.nse.test.NSEMainTest.callValuesTest(NSEMainTest.java:65)
at sun.reflect.NativeMethodAccessorImpl.invoke0(Native Method)
at sun.reflect.NativeMethodAccessorImpl.invoke(NativeMethodAccessorImpl.java:62)
at sun.reflect.DelegatingMethodAccessorImpl.invoke(DelegatingMethodAccessorImpl.java:43)
at java.lang.reflect.Method.invoke(Method.java:498)
at org.testng.internal.MethodInvocationHelper.invokeMethod(MethodInvocationHelper.java:124)
at org.testng.internal.Invoker.invokeMethod(Invoker.java:583)
at org.testng.internal.Invoker.invokeTestMethod(Invoker.java:719)
at org.testng.internal.Invoker.invokeTestMethods(Invoker.java:989)
at org.testng.internal.TestMethodWorker.invokeTestMethods(TestMethodWorker.java:125)
at org.testng.internal.TestMethodWorker.run(TestMethodWorker.java:109)
at org.testng.TestRunner.privateRun(TestRunner.java:648)
at org.testng.TestRunner.run(TestRunner.java:505)
at org.testng.SuiteRunner.runTest(SuiteRunner.java:455)
at org.testng.SuiteRunner.runSequentially(SuiteRunner.java:450)
at org.testng.SuiteRunner.privateRun(SuiteRunner.java:415)
at org.testng.SuiteRunner.run(SuiteRunner.java:364)
at org.testng.SuiteRunnerWorker.runSuite(SuiteRunnerWorker.java:52)
at org.testng.SuiteRunnerWorker.run(SuiteRunnerWorker.java:84)
at org.testng.TestNG.runSuitesSequentially(TestNG.java:1208)
at org.testng.TestNG.runSuitesLocally(TestNG.java:1137)
at org.testng.TestNG.runSuites(TestNG.java:1049)
at org.testng.TestNG.run(TestNG.java:1017)
at org.testng.remote.AbstractRemoteTestNG.run(AbstractRemoteTestNG.java:114)
at org.testng.remote.RemoteTestNG.initAndRun(RemoteTestNG.java:251)
at org.testng.remote.RemoteTestNG.main(RemoteTestNG.java:77)
]]>
            </full-stacktrace>
          </exception> <!-- java.lang.NumberFormatException -->
          <reporter-output>
          </reporter-output>
        </test-method> <!-- callValuesTest -->
        <test-method status="PASS" signature="tearDown()[pri:0, instance:com.nse.test.NSEMainTest@100d6b1]" name="tearDown" is-config="true" duration-ms="640" started-at="2020-01-07T04:45:43Z" finished-at="2020-01-07T04:45:44Z">
          <reporter-output>
          </reporter-output>
        </test-method> <!-- tearDown -->
        <test-method status="PASS" signature="setUp()[pri:0, instance:com.nse.test.NSEMainTest@100d6b1]" name="setUp" is-config="true" duration-ms="9602" started-at="2020-01-07T04:45:44Z" finished-at="2020-01-07T04:45:53Z">
          <reporter-output>
          </reporter-output>
        </test-method> <!-- setUp -->
        <test-method status="PASS" signature="callValuesTest(java.lang.String)[pri:0, instance:com.nse.test.NSEMainTest@100d6b1]" name="callValuesTest" duration-ms="7532" started-at="2020-01-07T04:45:53Z" data-provider="readTestData" finished-at="2020-01-07T04:46:01Z">
          <params>
            <param index="0">
              <value>
                <![CDATA[AMBUJACEM]]>
              </value>
            </param>
          </params>
          <reporter-output>
          </reporter-output>
        </test-method> <!-- callValuesTest -->
        <test-method status="PASS" signature="tearDown()[pri:0, instance:com.nse.test.NSEMainTest@100d6b1]" name="tearDown" is-config="true" duration-ms="621" started-at="2020-01-07T04:46:01Z" finished-at="2020-01-07T04:46:01Z">
          <reporter-output>
          </reporter-output>
        </test-method> <!-- tearDown -->
        <test-method status="PASS" signature="setUp()[pri:0, instance:com.nse.test.NSEMainTest@100d6b1]" name="setUp" is-config="true" duration-ms="9344" started-at="2020-01-07T04:46:01Z" finished-at="2020-01-07T04:46:11Z">
          <reporter-output>
          </reporter-output>
        </test-method> <!-- setUp -->
        <test-method status="PASS" signature="callValuesTest(java.lang.String)[pri:0, instance:com.nse.test.NSEMainTest@100d6b1]" name="callValuesTest" duration-ms="8292" started-at="2020-01-07T04:46:11Z" data-provider="readTestData" finished-at="2020-01-07T04:46:19Z">
          <params>
            <param index="0">
              <value>
                <![CDATA[APOLLOHOSP]]>
              </value>
            </param>
          </params>
          <reporter-output>
          </reporter-output>
        </test-method> <!-- callValuesTest -->
        <test-method status="PASS" signature="tearDown()[pri:0, instance:com.nse.test.NSEMainTest@100d6b1]" name="tearDown" is-config="true" duration-ms="630" started-at="2020-01-07T04:46:19Z" finished-at="2020-01-07T04:46:20Z">
          <reporter-output>
          </reporter-output>
        </test-method> <!-- tearDown -->
        <test-method status="PASS" signature="setUp()[pri:0, instance:com.nse.test.NSEMainTest@100d6b1]" name="setUp" is-config="true" duration-ms="9314" started-at="2020-01-07T04:46:20Z" finished-at="2020-01-07T04:46:29Z">
          <reporter-output>
          </reporter-output>
        </test-method> <!-- setUp -->
        <test-method status="PASS" signature="callValuesTest(java.lang.String)[pri:0, instance:com.nse.test.NSEMainTest@100d6b1]" name="callValuesTest" duration-ms="7158" started-at="2020-01-07T04:46:29Z" data-provider="readTestData" finished-at="2020-01-07T04:46:36Z">
          <params>
            <param index="0">
              <value>
                <![CDATA[APOLLOTYRE]]>
              </value>
            </param>
          </params>
          <reporter-output>
          </reporter-output>
        </test-method> <!-- callValuesTest -->
        <test-method status="PASS" signature="tearDown()[pri:0, instance:com.nse.test.NSEMainTest@100d6b1]" name="tearDown" is-config="true" duration-ms="639" started-at="2020-01-07T04:46:36Z" finished-at="2020-01-07T04:46:37Z">
          <reporter-output>
          </reporter-output>
        </test-method> <!-- tearDown -->
        <test-method status="PASS" signature="setUp()[pri:0, instance:com.nse.test.NSEMainTest@100d6b1]" name="setUp" is-config="true" duration-ms="9251" started-at="2020-01-07T04:46:37Z" finished-at="2020-01-07T04:46:46Z">
          <reporter-output>
          </reporter-output>
        </test-method> <!-- setUp -->
        <test-method status="PASS" signature="callValuesTest(java.lang.String)[pri:0, instance:com.nse.test.NSEMainTest@100d6b1]" name="callValuesTest" duration-ms="6994" started-at="2020-01-07T04:46:46Z" data-provider="readTestData" finished-at="2020-01-07T04:46:53Z">
          <params>
            <param index="0">
              <value>
                <![CDATA[ASHOKLEY]]>
              </value>
            </param>
          </params>
          <reporter-output>
          </reporter-output>
        </test-method> <!-- callValuesTest -->
        <test-method status="PASS" signature="tearDown()[pri:0, instance:com.nse.test.NSEMainTest@100d6b1]" name="tearDown" is-config="true" duration-ms="610" started-at="2020-01-07T04:46:53Z" finished-at="2020-01-07T04:46:54Z">
          <reporter-output>
          </reporter-output>
        </test-method> <!-- tearDown -->
        <test-method status="PASS" signature="setUp()[pri:0, instance:com.nse.test.NSEMainTest@100d6b1]" name="setUp" is-config="true" duration-ms="9231" started-at="2020-01-07T04:46:54Z" finished-at="2020-01-07T04:47:03Z">
          <reporter-output>
          </reporter-output>
        </test-method> <!-- setUp -->
        <test-method status="PASS" signature="callValuesTest(java.lang.String)[pri:0, instance:com.nse.test.NSEMainTest@100d6b1]" name="callValuesTest" duration-ms="5502" started-at="2020-01-07T04:47:03Z" data-provider="readTestData" finished-at="2020-01-07T04:47:08Z">
          <params>
            <param index="0">
              <value>
                <![CDATA[ASIANPAINT]]>
              </value>
            </param>
          </params>
          <reporter-output>
          </reporter-output>
        </test-method> <!-- callValuesTest -->
        <test-method status="PASS" signature="tearDown()[pri:0, instance:com.nse.test.NSEMainTest@100d6b1]" name="tearDown" is-config="true" duration-ms="652" started-at="2020-01-07T04:47:08Z" finished-at="2020-01-07T04:47:09Z">
          <reporter-output>
          </reporter-output>
        </test-method> <!-- tearDown -->
        <test-method status="PASS" signature="setUp()[pri:0, instance:com.nse.test.NSEMainTest@100d6b1]" name="setUp" is-config="true" duration-ms="9265" started-at="2020-01-07T04:47:09Z" finished-at="2020-01-07T04:47:18Z">
          <reporter-output>
          </reporter-output>
        </test-method> <!-- setUp -->
        <test-method status="PASS" signature="callValuesTest(java.lang.String)[pri:0, instance:com.nse.test.NSEMainTest@100d6b1]" name="callValuesTest" duration-ms="7880" started-at="2020-01-07T04:47:18Z" data-provider="readTestData" finished-at="2020-01-07T04:47:26Z">
          <params>
            <param index="0">
              <value>
                <![CDATA[AUROPHARMA]]>
              </value>
            </param>
          </params>
          <reporter-output>
          </reporter-output>
        </test-method> <!-- callValuesTest -->
        <test-method status="PASS" signature="tearDown()[pri:0, instance:com.nse.test.NSEMainTest@100d6b1]" name="tearDown" is-config="true" duration-ms="613" started-at="2020-01-07T04:47:26Z" finished-at="2020-01-07T04:47:27Z">
          <reporter-output>
          </reporter-output>
        </test-method> <!-- tearDown -->
        <test-method status="PASS" signature="setUp()[pri:0, instance:com.nse.test.NSEMainTest@100d6b1]" name="setUp" is-config="true" duration-ms="9207" started-at="2020-01-07T04:47:27Z" finished-at="2020-01-07T04:47:36Z">
          <reporter-output>
          </reporter-output>
        </test-method> <!-- setUp -->
        <test-method status="PASS" signature="callValuesTest(java.lang.String)[pri:0, instance:com.nse.test.NSEMainTest@100d6b1]" name="callValuesTest" duration-ms="8243" started-at="2020-01-07T04:47:36Z" data-provider="readTestData" finished-at="2020-01-07T04:47:44Z">
          <params>
            <param index="0">
              <value>
                <![CDATA[AXISBANK]]>
              </value>
            </param>
          </params>
          <reporter-output>
          </reporter-output>
        </test-method> <!-- callValuesTest -->
        <test-method status="PASS" signature="tearDown()[pri:0, instance:com.nse.test.NSEMainTest@100d6b1]" name="tearDown" is-config="true" duration-ms="613" started-at="2020-01-07T04:47:44Z" finished-at="2020-01-07T04:47:45Z">
          <reporter-output>
          </reporter-output>
        </test-method> <!-- tearDown -->
        <test-method status="PASS" signature="setUp()[pri:0, instance:com.nse.test.NSEMainTest@100d6b1]" name="setUp" is-config="true" duration-ms="9266" started-at="2020-01-07T04:47:45Z" finished-at="2020-01-07T04:47:54Z">
          <reporter-output>
          </reporter-output>
        </test-method> <!-- setUp -->
        <test-method status="PASS" signature="callValuesTest(java.lang.String)[pri:0, instance:com.nse.test.NSEMainTest@100d6b1]" name="callValuesTest" duration-ms="5475" started-at="2020-01-07T04:47:54Z" data-provider="readTestData" finished-at="2020-01-07T04:48:00Z">
          <params>
            <param index="0">
              <value>
                <![CDATA[BAJAJ-AUTO]]>
              </value>
            </param>
          </params>
          <reporter-output>
          </reporter-output>
        </test-method> <!-- callValuesTest -->
        <test-method status="PASS" signature="tearDown()[pri:0, instance:com.nse.test.NSEMainTest@100d6b1]" name="tearDown" is-config="true" duration-ms="627" started-at="2020-01-07T04:48:00Z" finished-at="2020-01-07T04:48:00Z">
          <reporter-output>
          </reporter-output>
        </test-method> <!-- tearDown -->
        <test-method status="PASS" signature="setUp()[pri:0, instance:com.nse.test.NSEMainTest@100d6b1]" name="setUp" is-config="true" duration-ms="9310" started-at="2020-01-07T04:48:00Z" finished-at="2020-01-07T04:48:10Z">
          <reporter-output>
          </reporter-output>
        </test-method> <!-- setUp -->
        <test-method status="PASS" signature="callValuesTest(java.lang.String)[pri:0, instance:com.nse.test.NSEMainTest@100d6b1]" name="callValuesTest" duration-ms="7505" started-at="2020-01-07T04:48:10Z" data-provider="readTestData" finished-at="2020-01-07T04:48:17Z">
          <params>
            <param index="0">
              <value>
                <![CDATA[BAJAJFINSV]]>
              </value>
            </param>
          </params>
          <reporter-output>
          </reporter-output>
        </test-method> <!-- callValuesTest -->
        <test-method status="PASS" signature="tearDown()[pri:0, instance:com.nse.test.NSEMainTest@100d6b1]" name="tearDown" is-config="true" duration-ms="636" started-at="2020-01-07T04:48:17Z" finished-at="2020-01-07T04:48:18Z">
          <reporter-output>
          </reporter-output>
        </test-method> <!-- tearDown -->
        <test-method status="PASS" signature="setUp()[pri:0, instance:com.nse.test.NSEMainTest@100d6b1]" name="setUp" is-config="true" duration-ms="9549" started-at="2020-01-07T04:48:18Z" finished-at="2020-01-07T04:48:27Z">
          <reporter-output>
          </reporter-output>
        </test-method> <!-- setUp -->
        <test-method status="PASS" signature="callValuesTest(java.lang.String)[pri:0, instance:com.nse.test.NSEMainTest@100d6b1]" name="callValuesTest" duration-ms="7869" started-at="2020-01-07T04:48:27Z" data-provider="readTestData" finished-at="2020-01-07T04:48:35Z">
          <params>
            <param index="0">
              <value>
                <![CDATA[BAJFINANCE]]>
              </value>
            </param>
          </params>
          <reporter-output>
          </reporter-output>
        </test-method> <!-- callValuesTest -->
        <test-method status="PASS" signature="tearDown()[pri:0, instance:com.nse.test.NSEMainTest@100d6b1]" name="tearDown" is-config="true" duration-ms="673" started-at="2020-01-07T04:48:35Z" finished-at="2020-01-07T04:48:36Z">
          <reporter-output>
          </reporter-output>
        </test-method> <!-- tearDown -->
        <test-method status="PASS" signature="setUp()[pri:0, instance:com.nse.test.NSEMainTest@100d6b1]" name="setUp" is-config="true" duration-ms="9346" started-at="2020-01-07T04:48:36Z" finished-at="2020-01-07T04:48:45Z">
          <reporter-output>
          </reporter-output>
        </test-method> <!-- setUp -->
        <test-method status="PASS" signature="callValuesTest(java.lang.String)[pri:0, instance:com.nse.test.NSEMainTest@100d6b1]" name="callValuesTest" duration-ms="6400" started-at="2020-01-07T04:48:45Z" data-provider="readTestData" finished-at="2020-01-07T04:48:52Z">
          <params>
            <param index="0">
              <value>
                <![CDATA[BALKRISIND]]>
              </value>
            </param>
          </params>
          <reporter-output>
          </reporter-output>
        </test-method> <!-- callValuesTest -->
        <test-method status="PASS" signature="tearDown()[pri:0, instance:com.nse.test.NSEMainTest@100d6b1]" name="tearDown" is-config="true" duration-ms="693" started-at="2020-01-07T04:48:52Z" finished-at="2020-01-07T04:48:52Z">
          <reporter-output>
          </reporter-output>
        </test-method> <!-- tearDown -->
        <test-method status="PASS" signature="setUp()[pri:0, instance:com.nse.test.NSEMainTest@100d6b1]" name="setUp" is-config="true" duration-ms="9368" started-at="2020-01-07T04:48:52Z" finished-at="2020-01-07T04:49:02Z">
          <reporter-output>
          </reporter-output>
        </test-method> <!-- setUp -->
        <test-method status="PASS" signature="callValuesTest(java.lang.String)[pri:0, instance:com.nse.test.NSEMainTest@100d6b1]" name="callValuesTest" duration-ms="7994" started-at="2020-01-07T04:49:02Z" data-provider="readTestData" finished-at="2020-01-07T04:49:10Z">
          <params>
            <param index="0">
              <value>
                <![CDATA[BANKBARODA]]>
              </value>
            </param>
          </params>
          <reporter-output>
          </reporter-output>
        </test-method> <!-- callValuesTest -->
        <test-method status="PASS" signature="tearDown()[pri:0, instance:com.nse.test.NSEMainTest@100d6b1]" name="tearDown" is-config="true" duration-ms="673" started-at="2020-01-07T04:49:10Z" finished-at="2020-01-07T04:49:10Z">
          <reporter-output>
          </reporter-output>
        </test-method> <!-- tearDown -->
        <test-method status="PASS" signature="setUp()[pri:0, instance:com.nse.test.NSEMainTest@100d6b1]" name="setUp" is-config="true" duration-ms="9326" started-at="2020-01-07T04:49:10Z" finished-at="2020-01-07T04:49:20Z">
          <reporter-output>
          </reporter-output>
        </test-method> <!-- setUp -->
        <test-method status="PASS" signature="callValuesTest(java.lang.String)[pri:0, instance:com.nse.test.NSEMainTest@100d6b1]" name="callValuesTest" duration-ms="8698" started-at="2020-01-07T04:49:20Z" data-provider="readTestData" finished-at="2020-01-07T04:49:28Z">
          <params>
            <param index="0">
              <value>
                <![CDATA[BANKNIFTY]]>
              </value>
            </param>
          </params>
          <reporter-output>
          </reporter-output>
        </test-method> <!-- callValuesTest -->
        <test-method status="PASS" signature="tearDown()[pri:0, instance:com.nse.test.NSEMainTest@100d6b1]" name="tearDown" is-config="true" duration-ms="687" started-at="2020-01-07T04:49:28Z" finished-at="2020-01-07T04:49:29Z">
          <reporter-output>
          </reporter-output>
        </test-method> <!-- tearDown -->
        <test-method status="PASS" signature="setUp()[pri:0, instance:com.nse.test.NSEMainTest@100d6b1]" name="setUp" is-config="true" duration-ms="9345" started-at="2020-01-07T04:49:29Z" finished-at="2020-01-07T04:49:38Z">
          <reporter-output>
          </reporter-output>
        </test-method> <!-- setUp -->
        <test-method status="PASS" signature="callValuesTest(java.lang.String)[pri:0, instance:com.nse.test.NSEMainTest@100d6b1]" name="callValuesTest" duration-ms="7425" started-at="2020-01-07T04:49:38Z" data-provider="readTestData" finished-at="2020-01-07T04:49:46Z">
          <params>
            <param index="0">
              <value>
                <![CDATA[BATAINDIA]]>
              </value>
            </param>
          </params>
          <reporter-output>
          </reporter-output>
        </test-method> <!-- callValuesTest -->
        <test-method status="PASS" signature="tearDown()[pri:0, instance:com.nse.test.NSEMainTest@100d6b1]" name="tearDown" is-config="true" duration-ms="688" started-at="2020-01-07T04:49:46Z" finished-at="2020-01-07T04:49:46Z">
          <reporter-output>
          </reporter-output>
        </test-method> <!-- tearDown -->
        <test-method status="PASS" signature="setUp()[pri:0, instance:com.nse.test.NSEMainTest@100d6b1]" name="setUp" is-config="true" duration-ms="9297" started-at="2020-01-07T04:49:46Z" finished-at="2020-01-07T04:49:56Z">
          <reporter-output>
          </reporter-output>
        </test-method> <!-- setUp -->
        <test-method status="PASS" signature="callValuesTest(java.lang.String)[pri:0, instance:com.nse.test.NSEMainTest@100d6b1]" name="callValuesTest" duration-ms="8196" started-at="2020-01-07T04:49:56Z" data-provider="readTestData" finished-at="2020-01-07T04:50:04Z">
          <params>
            <param index="0">
              <value>
                <![CDATA[BEL]]>
              </value>
            </param>
          </params>
          <reporter-output>
          </reporter-output>
        </test-method> <!-- callValuesTest -->
        <test-method status="PASS" signature="tearDown()[pri:0, instance:com.nse.test.NSEMainTest@100d6b1]" name="tearDown" is-config="true" duration-ms="627" started-at="2020-01-07T04:50:04Z" finished-at="2020-01-07T04:50:05Z">
          <reporter-output>
          </reporter-output>
        </test-method> <!-- tearDown -->
        <test-method status="PASS" signature="setUp()[pri:0, instance:com.nse.test.NSEMainTest@100d6b1]" name="setUp" is-config="true" duration-ms="9388" started-at="2020-01-07T04:50:05Z" finished-at="2020-01-07T04:50:14Z">
          <reporter-output>
          </reporter-output>
        </test-method> <!-- setUp -->
        <test-method status="PASS" signature="callValuesTest(java.lang.String)[pri:0, instance:com.nse.test.NSEMainTest@100d6b1]" name="callValuesTest" duration-ms="8720" started-at="2020-01-07T04:50:14Z" data-provider="readTestData" finished-at="2020-01-07T04:50:23Z">
          <params>
            <param index="0">
              <value>
                <![CDATA[BERGEPAINT]]>
              </value>
            </param>
          </params>
          <reporter-output>
          </reporter-output>
        </test-method> <!-- callValuesTest -->
        <test-method status="PASS" signature="tearDown()[pri:0, instance:com.nse.test.NSEMainTest@100d6b1]" name="tearDown" is-config="true" duration-ms="780" started-at="2020-01-07T04:50:23Z" finished-at="2020-01-07T04:50:23Z">
          <reporter-output>
          </reporter-output>
        </test-method> <!-- tearDown -->
        <test-method status="PASS" signature="setUp()[pri:0, instance:com.nse.test.NSEMainTest@100d6b1]" name="setUp" is-config="true" duration-ms="9388" started-at="2020-01-07T04:50:23Z" finished-at="2020-01-07T04:50:33Z">
          <reporter-output>
          </reporter-output>
        </test-method> <!-- setUp -->
        <test-method status="PASS" signature="callValuesTest(java.lang.String)[pri:0, instance:com.nse.test.NSEMainTest@100d6b1]" name="callValuesTest" duration-ms="5568" started-at="2020-01-07T04:50:33Z" data-provider="readTestData" finished-at="2020-01-07T04:50:38Z">
          <params>
            <param index="0">
              <value>
                <![CDATA[BHARATFORG]]>
              </value>
            </param>
          </params>
          <reporter-output>
          </reporter-output>
        </test-method> <!-- callValuesTest -->
        <test-method status="PASS" signature="tearDown()[pri:0, instance:com.nse.test.NSEMainTest@100d6b1]" name="tearDown" is-config="true" duration-ms="663" started-at="2020-01-07T04:50:38Z" finished-at="2020-01-07T04:50:39Z">
          <reporter-output>
          </reporter-output>
        </test-method> <!-- tearDown -->
        <test-method status="PASS" signature="setUp()[pri:0, instance:com.nse.test.NSEMainTest@100d6b1]" name="setUp" is-config="true" duration-ms="9284" started-at="2020-01-07T04:50:39Z" finished-at="2020-01-07T04:50:48Z">
          <reporter-output>
          </reporter-output>
        </test-method> <!-- setUp -->
        <test-method status="PASS" signature="callValuesTest(java.lang.String)[pri:0, instance:com.nse.test.NSEMainTest@100d6b1]" name="callValuesTest" duration-ms="10542" started-at="2020-01-07T04:50:48Z" data-provider="readTestData" finished-at="2020-01-07T04:50:59Z">
          <params>
            <param index="0">
              <value>
                <![CDATA[BHARTIARTL]]>
              </value>
            </param>
          </params>
          <reporter-output>
          </reporter-output>
        </test-method> <!-- callValuesTest -->
        <test-method status="PASS" signature="tearDown()[pri:0, instance:com.nse.test.NSEMainTest@100d6b1]" name="tearDown" is-config="true" duration-ms="649" started-at="2020-01-07T04:50:59Z" finished-at="2020-01-07T04:51:00Z">
          <reporter-output>
          </reporter-output>
        </test-method> <!-- tearDown -->
        <test-method status="PASS" signature="setUp()[pri:0, instance:com.nse.test.NSEMainTest@100d6b1]" name="setUp" is-config="true" duration-ms="9325" started-at="2020-01-07T04:51:00Z" finished-at="2020-01-07T04:51:09Z">
          <reporter-output>
          </reporter-output>
        </test-method> <!-- setUp -->
        <test-method status="PASS" signature="callValuesTest(java.lang.String)[pri:0, instance:com.nse.test.NSEMainTest@100d6b1]" name="callValuesTest" duration-ms="7152" started-at="2020-01-07T04:51:09Z" data-provider="readTestData" finished-at="2020-01-07T04:51:16Z">
          <params>
            <param index="0">
              <value>
                <![CDATA[BHEL]]>
              </value>
            </param>
          </params>
          <reporter-output>
          </reporter-output>
        </test-method> <!-- callValuesTest -->
        <test-method status="PASS" signature="tearDown()[pri:0, instance:com.nse.test.NSEMainTest@100d6b1]" name="tearDown" is-config="true" duration-ms="678" started-at="2020-01-07T04:51:16Z" finished-at="2020-01-07T04:51:17Z">
          <reporter-output>
          </reporter-output>
        </test-method> <!-- tearDown -->
        <test-method status="PASS" signature="setUp()[pri:0, instance:com.nse.test.NSEMainTest@100d6b1]" name="setUp" is-config="true" duration-ms="9322" started-at="2020-01-07T04:51:17Z" finished-at="2020-01-07T04:51:26Z">
          <reporter-output>
          </reporter-output>
        </test-method> <!-- setUp -->
        <test-method status="PASS" signature="callValuesTest(java.lang.String)[pri:0, instance:com.nse.test.NSEMainTest@100d6b1]" name="callValuesTest" duration-ms="9091" started-at="2020-01-07T04:51:26Z" data-provider="readTestData" finished-at="2020-01-07T04:51:35Z">
          <params>
            <param index="0">
              <value>
                <![CDATA[BIOCON]]>
              </value>
            </param>
          </params>
          <reporter-output>
          </reporter-output>
        </test-method> <!-- callValuesTest -->
        <test-method status="PASS" signature="tearDown()[pri:0, instance:com.nse.test.NSEMainTest@100d6b1]" name="tearDown" is-config="true" duration-ms="630" started-at="2020-01-07T04:51:35Z" finished-at="2020-01-07T04:51:36Z">
          <reporter-output>
          </reporter-output>
        </test-method> <!-- tearDown -->
        <test-method status="PASS" signature="setUp()[pri:0, instance:com.nse.test.NSEMainTest@100d6b1]" name="setUp" is-config="true" duration-ms="9382" started-at="2020-01-07T04:51:36Z" finished-at="2020-01-07T04:51:45Z">
          <reporter-output>
          </reporter-output>
        </test-method> <!-- setUp -->
        <test-method status="FAIL" signature="callValuesTest(java.lang.String)[pri:0, instance:com.nse.test.NSEMainTest@100d6b1]" name="callValuesTest" duration-ms="8162" started-at="2020-01-07T04:51:45Z" data-provider="readTestData" finished-at="2020-01-07T04:51:53Z">
          <params>
            <param index="0">
              <value>
                <![CDATA[BOSCHLTD]]>
              </value>
            </param>
          </params>
          <exception class="java.lang.NumberFormatException">
            <message>
              <![CDATA[For input string: "-"]]>
            </message>
            <full-stacktrace>
              <![CDATA[java.lang.NumberFormatException: For input string: "-"
at sun.misc.FloatingDecimal.readJavaFormatString(FloatingDecimal.java:2043)
at sun.misc.FloatingDecimal.parseFloat(FloatingDecimal.java:122)
at java.lang.Float.parseFloat(Float.java:451)
at com.nse.pages.NSEMainPage.getCallLTPValue(NSEMainPage.java:117)
at com.nse.test.NSEMainTest.callValuesTest(NSEMainTest.java:64)
at sun.reflect.GeneratedMethodAccessor5.invoke(Unknown Source)
at sun.reflect.DelegatingMethodAccessorImpl.invoke(DelegatingMethodAccessorImpl.java:43)
at java.lang.reflect.Method.invoke(Method.java:498)
at org.testng.internal.MethodInvocationHelper.invokeMethod(MethodInvocationHelper.java:124)
at org.testng.internal.Invoker.invokeMethod(Invoker.java:583)
at org.testng.internal.Invoker.invokeTestMethod(Invoker.java:719)
at org.testng.internal.Invoker.invokeTestMethods(Invoker.java:989)
at org.testng.internal.TestMethodWorker.invokeTestMethods(TestMethodWorker.java:125)
at org.testng.internal.TestMethodWorker.run(TestMethodWorker.java:109)
at org.testng.TestRunner.privateRun(TestRunner.java:648)
at org.testng.TestRunner.run(TestRunner.java:505)
at org.testng.SuiteRunner.runTest(SuiteRunner.java:455)
at org.testng.SuiteRunner.runSequentially(SuiteRunner.java:450)
at org.testng.SuiteRunner.privateRun(SuiteRunner.java:415)
at org.testng.SuiteRunner.run(SuiteRunner.java:364)
at org.testng.SuiteRunnerWorker.runSuite(SuiteRunnerWorker.java:52)
at org.testng.SuiteRunnerWorker.run(SuiteRunnerWorker.java:84)
at org.testng.TestNG.runSuitesSequentially(TestNG.java:1208)
at org.testng.TestNG.runSuitesLocally(TestNG.java:1137)
at org.testng.TestNG.runSuites(TestNG.java:1049)
at org.testng.TestNG.run(TestNG.java:1017)
at org.testng.remote.AbstractRemoteTestNG.run(AbstractRemoteTestNG.java:114)
at org.testng.remote.RemoteTestNG.initAndRun(RemoteTestNG.java:251)
at org.testng.remote.RemoteTestNG.main(RemoteTestNG.java:77)
]]>
            </full-stacktrace>
          </exception> <!-- java.lang.NumberFormatException -->
          <reporter-output>
          </reporter-output>
        </test-method> <!-- callValuesTest -->
        <test-method status="PASS" signature="tearDown()[pri:0, instance:com.nse.test.NSEMainTest@100d6b1]" name="tearDown" is-config="true" duration-ms="636" started-at="2020-01-07T04:51:53Z" finished-at="2020-01-07T04:51:54Z">
          <reporter-output>
          </reporter-output>
        </test-method> <!-- tearDown -->
        <test-method status="PASS" signature="setUp()[pri:0, instance:com.nse.test.NSEMainTest@100d6b1]" name="setUp" is-config="true" duration-ms="9378" started-at="2020-01-07T04:51:54Z" finished-at="2020-01-07T04:52:03Z">
          <reporter-output>
          </reporter-output>
        </test-method> <!-- setUp -->
        <test-method status="PASS" signature="callValuesTest(java.lang.String)[pri:0, instance:com.nse.test.NSEMainTest@100d6b1]" name="callValuesTest" duration-ms="6658" started-at="2020-01-07T04:52:03Z" data-provider="readTestData" finished-at="2020-01-07T04:52:10Z">
          <params>
            <param index="0">
              <value>
                <![CDATA[BPCL]]>
              </value>
            </param>
          </params>
          <reporter-output>
          </reporter-output>
        </test-method> <!-- callValuesTest -->
        <test-method status="PASS" signature="tearDown()[pri:0, instance:com.nse.test.NSEMainTest@100d6b1]" name="tearDown" is-config="true" duration-ms="627" started-at="2020-01-07T04:52:10Z" finished-at="2020-01-07T04:52:11Z">
          <reporter-output>
          </reporter-output>
        </test-method> <!-- tearDown -->
        <test-method status="PASS" signature="setUp()[pri:0, instance:com.nse.test.NSEMainTest@100d6b1]" name="setUp" is-config="true" duration-ms="9282" started-at="2020-01-07T04:52:11Z" finished-at="2020-01-07T04:52:20Z">
          <reporter-output>
          </reporter-output>
        </test-method> <!-- setUp -->
        <test-method status="FAIL" signature="callValuesTest(java.lang.String)[pri:0, instance:com.nse.test.NSEMainTest@100d6b1]" name="callValuesTest" duration-ms="8897" started-at="2020-01-07T04:52:20Z" data-provider="readTestData" finished-at="2020-01-07T04:52:29Z">
          <params>
            <param index="0">
              <value>
                <![CDATA[BRITANNIA]]>
              </value>
            </param>
          </params>
          <exception class="java.lang.NumberFormatException">
            <message>
              <![CDATA[For input string: "-"]]>
            </message>
            <full-stacktrace>
              <![CDATA[java.lang.NumberFormatException: For input string: "-"
at sun.misc.FloatingDecimal.readJavaFormatString(FloatingDecimal.java:2043)
at sun.misc.FloatingDecimal.parseFloat(FloatingDecimal.java:122)
at java.lang.Float.parseFloat(Float.java:451)
at com.nse.pages.NSEMainPage.getPutLTPValue(NSEMainPage.java:125)
at com.nse.test.NSEMainTest.callValuesTest(NSEMainTest.java:65)
at sun.reflect.GeneratedMethodAccessor5.invoke(Unknown Source)
at sun.reflect.DelegatingMethodAccessorImpl.invoke(DelegatingMethodAccessorImpl.java:43)
at java.lang.reflect.Method.invoke(Method.java:498)
at org.testng.internal.MethodInvocationHelper.invokeMethod(MethodInvocationHelper.java:124)
at org.testng.internal.Invoker.invokeMethod(Invoker.java:583)
at org.testng.internal.Invoker.invokeTestMethod(Invoker.java:719)
at org.testng.internal.Invoker.invokeTestMethods(Invoker.java:989)
at org.testng.internal.TestMethodWorker.invokeTestMethods(TestMethodWorker.java:125)
at org.testng.internal.TestMethodWorker.run(TestMethodWorker.java:109)
at org.testng.TestRunner.privateRun(TestRunner.java:648)
at org.testng.TestRunner.run(TestRunner.java:505)
at org.testng.SuiteRunner.runTest(SuiteRunner.java:455)
at org.testng.SuiteRunner.runSequentially(SuiteRunner.java:450)
at org.testng.SuiteRunner.privateRun(SuiteRunner.java:415)
at org.testng.SuiteRunner.run(SuiteRunner.java:364)
at org.testng.SuiteRunnerWorker.runSuite(SuiteRunnerWorker.java:52)
at org.testng.SuiteRunnerWorker.run(SuiteRunnerWorker.java:84)
at org.testng.TestNG.runSuitesSequentially(TestNG.java:1208)
at org.testng.TestNG.runSuitesLocally(TestNG.java:1137)
at org.testng.TestNG.runSuites(TestNG.java:1049)
at org.testng.TestNG.run(TestNG.java:1017)
at org.testng.remote.AbstractRemoteTestNG.run(AbstractRemoteTestNG.java:114)
at org.testng.remote.RemoteTestNG.initAndRun(RemoteTestNG.java:251)
at org.testng.remote.RemoteTestNG.main(RemoteTestNG.java:77)
]]>
            </full-stacktrace>
          </exception> <!-- java.lang.NumberFormatException -->
          <reporter-output>
          </reporter-output>
        </test-method> <!-- callValuesTest -->
        <test-method status="PASS" signature="tearDown()[pri:0, instance:com.nse.test.NSEMainTest@100d6b1]" name="tearDown" is-config="true" duration-ms="630" started-at="2020-01-07T04:52:29Z" finished-at="2020-01-07T04:52:29Z">
          <reporter-output>
          </reporter-output>
        </test-method> <!-- tearDown -->
        <test-method status="PASS" signature="setUp()[pri:0, instance:com.nse.test.NSEMainTest@100d6b1]" name="setUp" is-config="true" duration-ms="9332" started-at="2020-01-07T04:52:29Z" finished-at="2020-01-07T04:52:39Z">
          <reporter-output>
          </reporter-output>
        </test-method> <!-- setUp -->
        <test-method status="PASS" signature="callValuesTest(java.lang.String)[pri:0, instance:com.nse.test.NSEMainTest@100d6b1]" name="callValuesTest" duration-ms="8357" started-at="2020-01-07T04:52:39Z" data-provider="readTestData" finished-at="2020-01-07T04:52:47Z">
          <params>
            <param index="0">
              <value>
                <![CDATA[CADILAHC]]>
              </value>
            </param>
          </params>
          <reporter-output>
          </reporter-output>
        </test-method> <!-- callValuesTest -->
        <test-method status="PASS" signature="tearDown()[pri:0, instance:com.nse.test.NSEMainTest@100d6b1]" name="tearDown" is-config="true" duration-ms="627" started-at="2020-01-07T04:52:47Z" finished-at="2020-01-07T04:52:48Z">
          <reporter-output>
          </reporter-output>
        </test-method> <!-- tearDown -->
        <test-method status="PASS" signature="setUp()[pri:0, instance:com.nse.test.NSEMainTest@100d6b1]" name="setUp" is-config="true" duration-ms="9317" started-at="2020-01-07T04:52:48Z" finished-at="2020-01-07T04:52:57Z">
          <reporter-output>
          </reporter-output>
        </test-method> <!-- setUp -->
        <test-method status="PASS" signature="callValuesTest(java.lang.String)[pri:0, instance:com.nse.test.NSEMainTest@100d6b1]" name="callValuesTest" duration-ms="7199" started-at="2020-01-07T04:52:57Z" data-provider="readTestData" finished-at="2020-01-07T04:53:04Z">
          <params>
            <param index="0">
              <value>
                <![CDATA[CANBK]]>
              </value>
            </param>
          </params>
          <reporter-output>
          </reporter-output>
        </test-method> <!-- callValuesTest -->
        <test-method status="PASS" signature="tearDown()[pri:0, instance:com.nse.test.NSEMainTest@100d6b1]" name="tearDown" is-config="true" duration-ms="644" started-at="2020-01-07T04:53:04Z" finished-at="2020-01-07T04:53:05Z">
          <reporter-output>
          </reporter-output>
        </test-method> <!-- tearDown -->
        <test-method status="PASS" signature="setUp()[pri:0, instance:com.nse.test.NSEMainTest@100d6b1]" name="setUp" is-config="true" duration-ms="9303" started-at="2020-01-07T04:53:05Z" finished-at="2020-01-07T04:53:14Z">
          <reporter-output>
          </reporter-output>
        </test-method> <!-- setUp -->
        <test-method status="FAIL" signature="callValuesTest(java.lang.String)[pri:0, instance:com.nse.test.NSEMainTest@100d6b1]" name="callValuesTest" duration-ms="7810" started-at="2020-01-07T04:53:14Z" data-provider="readTestData" finished-at="2020-01-07T04:53:22Z">
          <params>
            <param index="0">
              <value>
                <![CDATA[CASTROLIND]]>
              </value>
            </param>
          </params>
          <exception class="java.lang.NumberFormatException">
            <message>
              <![CDATA[For input string: "-"]]>
            </message>
            <full-stacktrace>
              <![CDATA[java.lang.NumberFormatException: For input string: "-"
at sun.misc.FloatingDecimal.readJavaFormatString(FloatingDecimal.java:2043)
at sun.misc.FloatingDecimal.parseFloat(FloatingDecimal.java:122)
at java.lang.Float.parseFloat(Float.java:451)
at com.nse.pages.NSEMainPage.getPutLTPValue(NSEMainPage.java:125)
at com.nse.test.NSEMainTest.callValuesTest(NSEMainTest.java:65)
at sun.reflect.GeneratedMethodAccessor5.invoke(Unknown Source)
at sun.reflect.DelegatingMethodAccessorImpl.invoke(DelegatingMethodAccessorImpl.java:43)
at java.lang.reflect.Method.invoke(Method.java:498)
at org.testng.internal.MethodInvocationHelper.invokeMethod(MethodInvocationHelper.java:124)
at org.testng.internal.Invoker.invokeMethod(Invoker.java:583)
at org.testng.internal.Invoker.invokeTestMethod(Invoker.java:719)
at org.testng.internal.Invoker.invokeTestMethods(Invoker.java:989)
at org.testng.internal.TestMethodWorker.invokeTestMethods(TestMethodWorker.java:125)
at org.testng.internal.TestMethodWorker.run(TestMethodWorker.java:109)
at org.testng.TestRunner.privateRun(TestRunner.java:648)
at org.testng.TestRunner.run(TestRunner.java:505)
at org.testng.SuiteRunner.runTest(SuiteRunner.java:455)
at org.testng.SuiteRunner.runSequentially(SuiteRunner.java:450)
at org.testng.SuiteRunner.privateRun(SuiteRunner.java:415)
at org.testng.SuiteRunner.run(SuiteRunner.java:364)
at org.testng.SuiteRunnerWorker.runSuite(SuiteRunnerWorker.java:52)
at org.testng.SuiteRunnerWorker.run(SuiteRunnerWorker.java:84)
at org.testng.TestNG.runSuitesSequentially(TestNG.java:1208)
at org.testng.TestNG.runSuitesLocally(TestNG.java:1137)
at org.testng.TestNG.runSuites(TestNG.java:1049)
at org.testng.TestNG.run(TestNG.java:1017)
at org.testng.remote.AbstractRemoteTestNG.run(AbstractRemoteTestNG.java:114)
at org.testng.remote.RemoteTestNG.initAndRun(RemoteTestNG.java:251)
at org.testng.remote.RemoteTestNG.main(RemoteTestNG.java:77)
]]>
            </full-stacktrace>
          </exception> <!-- java.lang.NumberFormatException -->
          <reporter-output>
          </reporter-output>
        </test-method> <!-- callValuesTest -->
        <test-method status="PASS" signature="tearDown()[pri:0, instance:com.nse.test.NSEMainTest@100d6b1]" name="tearDown" is-config="true" duration-ms="630" started-at="2020-01-07T04:53:22Z" finished-at="2020-01-07T04:53:23Z">
          <reporter-output>
          </reporter-output>
        </test-method> <!-- tearDown -->
        <test-method status="PASS" signature="setUp()[pri:0, instance:com.nse.test.NSEMainTest@100d6b1]" name="setUp" is-config="true" duration-ms="9343" started-at="2020-01-07T04:53:23Z" finished-at="2020-01-07T04:53:32Z">
          <reporter-output>
          </reporter-output>
        </test-method> <!-- setUp -->
        <test-method status="PASS" signature="callValuesTest(java.lang.String)[pri:0, instance:com.nse.test.NSEMainTest@100d6b1]" name="callValuesTest" duration-ms="7351" started-at="2020-01-07T04:53:32Z" data-provider="readTestData" finished-at="2020-01-07T04:53:39Z">
          <params>
            <param index="0">
              <value>
                <![CDATA[CENTURYTEX]]>
              </value>
            </param>
          </params>
          <reporter-output>
          </reporter-output>
        </test-method> <!-- callValuesTest -->
        <test-method status="PASS" signature="tearDown()[pri:0, instance:com.nse.test.NSEMainTest@100d6b1]" name="tearDown" is-config="true" duration-ms="620" started-at="2020-01-07T04:53:39Z" finished-at="2020-01-07T04:53:40Z">
          <reporter-output>
          </reporter-output>
        </test-method> <!-- tearDown -->
        <test-method status="PASS" signature="setUp()[pri:0, instance:com.nse.test.NSEMainTest@100d6b1]" name="setUp" is-config="true" duration-ms="9312" started-at="2020-01-07T04:53:40Z" finished-at="2020-01-07T04:53:49Z">
          <reporter-output>
          </reporter-output>
        </test-method> <!-- setUp -->
        <test-method status="FAIL" signature="callValuesTest(java.lang.String)[pri:0, instance:com.nse.test.NSEMainTest@100d6b1]" name="callValuesTest" duration-ms="6980" started-at="2020-01-07T04:53:49Z" data-provider="readTestData" finished-at="2020-01-07T04:53:56Z">
          <params>
            <param index="0">
              <value>
                <![CDATA[CESC]]>
              </value>
            </param>
          </params>
          <exception class="java.lang.NumberFormatException">
            <message>
              <![CDATA[For input string: "-"]]>
            </message>
            <full-stacktrace>
              <![CDATA[java.lang.NumberFormatException: For input string: "-"
at sun.misc.FloatingDecimal.readJavaFormatString(FloatingDecimal.java:2043)
at sun.misc.FloatingDecimal.parseFloat(FloatingDecimal.java:122)
at java.lang.Float.parseFloat(Float.java:451)
at com.nse.pages.NSEMainPage.getCallLTPValue(NSEMainPage.java:117)
at com.nse.test.NSEMainTest.callValuesTest(NSEMainTest.java:64)
at sun.reflect.GeneratedMethodAccessor5.invoke(Unknown Source)
at sun.reflect.DelegatingMethodAccessorImpl.invoke(DelegatingMethodAccessorImpl.java:43)
at java.lang.reflect.Method.invoke(Method.java:498)
at org.testng.internal.MethodInvocationHelper.invokeMethod(MethodInvocationHelper.java:124)
at org.testng.internal.Invoker.invokeMethod(Invoker.java:583)
at org.testng.internal.Invoker.invokeTestMethod(Invoker.java:719)
at org.testng.internal.Invoker.invokeTestMethods(Invoker.java:989)
at org.testng.internal.TestMethodWorker.invokeTestMethods(TestMethodWorker.java:125)
at org.testng.internal.TestMethodWorker.run(TestMethodWorker.java:109)
at org.testng.TestRunner.privateRun(TestRunner.java:648)
at org.testng.TestRunner.run(TestRunner.java:505)
at org.testng.SuiteRunner.runTest(SuiteRunner.java:455)
at org.testng.SuiteRunner.runSequentially(SuiteRunner.java:450)
at org.testng.SuiteRunner.privateRun(SuiteRunner.java:415)
at org.testng.SuiteRunner.run(SuiteRunner.java:364)
at org.testng.SuiteRunnerWorker.runSuite(SuiteRunnerWorker.java:52)
at org.testng.SuiteRunnerWorker.run(SuiteRunnerWorker.java:84)
at org.testng.TestNG.runSuitesSequentially(TestNG.java:1208)
at org.testng.TestNG.runSuitesLocally(TestNG.java:1137)
at org.testng.TestNG.runSuites(TestNG.java:1049)
at org.testng.TestNG.run(TestNG.java:1017)
at org.testng.remote.AbstractRemoteTestNG.run(AbstractRemoteTestNG.java:114)
at org.testng.remote.RemoteTestNG.initAndRun(RemoteTestNG.java:251)
at org.testng.remote.RemoteTestNG.main(RemoteTestNG.java:77)
]]>
            </full-stacktrace>
          </exception> <!-- java.lang.NumberFormatException -->
          <reporter-output>
          </reporter-output>
        </test-method> <!-- callValuesTest -->
        <test-method status="PASS" signature="tearDown()[pri:0, instance:com.nse.test.NSEMainTest@100d6b1]" name="tearDown" is-config="true" duration-ms="622" started-at="2020-01-07T04:53:56Z" finished-at="2020-01-07T04:53:57Z">
          <reporter-output>
          </reporter-output>
        </test-method> <!-- tearDown -->
        <test-method status="PASS" signature="setUp()[pri:0, instance:com.nse.test.NSEMainTest@100d6b1]" name="setUp" is-config="true" duration-ms="9326" started-at="2020-01-07T04:53:57Z" finished-at="2020-01-07T04:54:06Z">
          <reporter-output>
          </reporter-output>
        </test-method> <!-- setUp -->
        <test-method status="FAIL" signature="callValuesTest(java.lang.String)[pri:0, instance:com.nse.test.NSEMainTest@100d6b1]" name="callValuesTest" duration-ms="8099" started-at="2020-01-07T04:54:06Z" data-provider="readTestData" finished-at="2020-01-07T04:54:14Z">
          <params>
            <param index="0">
              <value>
                <![CDATA[CHOLAFIN]]>
              </value>
            </param>
          </params>
          <exception class="java.lang.NumberFormatException">
            <message>
              <![CDATA[For input string: "-"]]>
            </message>
            <full-stacktrace>
              <![CDATA[java.lang.NumberFormatException: For input string: "-"
at sun.misc.FloatingDecimal.readJavaFormatString(FloatingDecimal.java:2043)
at sun.misc.FloatingDecimal.parseFloat(FloatingDecimal.java:122)
at java.lang.Float.parseFloat(Float.java:451)
at com.nse.pages.NSEMainPage.getCallLTPValue(NSEMainPage.java:117)
at com.nse.test.NSEMainTest.callValuesTest(NSEMainTest.java:64)
at sun.reflect.GeneratedMethodAccessor5.invoke(Unknown Source)
at sun.reflect.DelegatingMethodAccessorImpl.invoke(DelegatingMethodAccessorImpl.java:43)
at java.lang.reflect.Method.invoke(Method.java:498)
at org.testng.internal.MethodInvocationHelper.invokeMethod(MethodInvocationHelper.java:124)
at org.testng.internal.Invoker.invokeMethod(Invoker.java:583)
at org.testng.internal.Invoker.invokeTestMethod(Invoker.java:719)
at org.testng.internal.Invoker.invokeTestMethods(Invoker.java:989)
at org.testng.internal.TestMethodWorker.invokeTestMethods(TestMethodWorker.java:125)
at org.testng.internal.TestMethodWorker.run(TestMethodWorker.java:109)
at org.testng.TestRunner.privateRun(TestRunner.java:648)
at org.testng.TestRunner.run(TestRunner.java:505)
at org.testng.SuiteRunner.runTest(SuiteRunner.java:455)
at org.testng.SuiteRunner.runSequentially(SuiteRunner.java:450)
at org.testng.SuiteRunner.privateRun(SuiteRunner.java:415)
at org.testng.SuiteRunner.run(SuiteRunner.java:364)
at org.testng.SuiteRunnerWorker.runSuite(SuiteRunnerWorker.java:52)
at org.testng.SuiteRunnerWorker.run(SuiteRunnerWorker.java:84)
at org.testng.TestNG.runSuitesSequentially(TestNG.java:1208)
at org.testng.TestNG.runSuitesLocally(TestNG.java:1137)
at org.testng.TestNG.runSuites(TestNG.java:1049)
at org.testng.TestNG.run(TestNG.java:1017)
at org.testng.remote.AbstractRemoteTestNG.run(AbstractRemoteTestNG.java:114)
at org.testng.remote.RemoteTestNG.initAndRun(RemoteTestNG.java:251)
at org.testng.remote.RemoteTestNG.main(RemoteTestNG.java:77)
]]>
            </full-stacktrace>
          </exception> <!-- java.lang.NumberFormatException -->
          <reporter-output>
          </reporter-output>
        </test-method> <!-- callValuesTest -->
        <test-method status="PASS" signature="tearDown()[pri:0, instance:com.nse.test.NSEMainTest@100d6b1]" name="tearDown" is-config="true" duration-ms="622" started-at="2020-01-07T04:54:14Z" finished-at="2020-01-07T04:54:15Z">
          <reporter-output>
          </reporter-output>
        </test-method> <!-- tearDown -->
        <test-method status="PASS" signature="setUp()[pri:0, instance:com.nse.test.NSEMainTest@100d6b1]" name="setUp" is-config="true" duration-ms="9386" started-at="2020-01-07T04:54:15Z" finished-at="2020-01-07T04:54:24Z">
          <reporter-output>
          </reporter-output>
        </test-method> <!-- setUp -->
        <test-method status="PASS" signature="callValuesTest(java.lang.String)[pri:0, instance:com.nse.test.NSEMainTest@100d6b1]" name="callValuesTest" duration-ms="5602" started-at="2020-01-07T04:54:24Z" data-provider="readTestData" finished-at="2020-01-07T04:54:30Z">
          <params>
            <param index="0">
              <value>
                <![CDATA[CIPLA]]>
              </value>
            </param>
          </params>
          <reporter-output>
          </reporter-output>
        </test-method> <!-- callValuesTest -->
        <test-method status="PASS" signature="tearDown()[pri:0, instance:com.nse.test.NSEMainTest@100d6b1]" name="tearDown" is-config="true" duration-ms="646" started-at="2020-01-07T04:54:30Z" finished-at="2020-01-07T04:54:31Z">
          <reporter-output>
          </reporter-output>
        </test-method> <!-- tearDown -->
        <test-method status="PASS" signature="setUp()[pri:0, instance:com.nse.test.NSEMainTest@100d6b1]" name="setUp" is-config="true" duration-ms="9281" started-at="2020-01-07T04:54:31Z" finished-at="2020-01-07T04:54:40Z">
          <reporter-output>
          </reporter-output>
        </test-method> <!-- setUp -->
        <test-method status="PASS" signature="callValuesTest(java.lang.String)[pri:0, instance:com.nse.test.NSEMainTest@100d6b1]" name="callValuesTest" duration-ms="7737" started-at="2020-01-07T04:54:40Z" data-provider="readTestData" finished-at="2020-01-07T04:54:48Z">
          <params>
            <param index="0">
              <value>
                <![CDATA[COALINDIA]]>
              </value>
            </param>
          </params>
          <reporter-output>
          </reporter-output>
        </test-method> <!-- callValuesTest -->
        <test-method status="PASS" signature="tearDown()[pri:0, instance:com.nse.test.NSEMainTest@100d6b1]" name="tearDown" is-config="true" duration-ms="613" started-at="2020-01-07T04:54:48Z" finished-at="2020-01-07T04:54:48Z">
          <reporter-output>
          </reporter-output>
        </test-method> <!-- tearDown -->
        <test-method status="PASS" signature="setUp()[pri:0, instance:com.nse.test.NSEMainTest@100d6b1]" name="setUp" is-config="true" duration-ms="9311" started-at="2020-01-07T04:54:48Z" finished-at="2020-01-07T04:54:57Z">
          <reporter-output>
          </reporter-output>
        </test-method> <!-- setUp -->
        <test-method status="FAIL" signature="callValuesTest(java.lang.String)[pri:0, instance:com.nse.test.NSEMainTest@100d6b1]" name="callValuesTest" duration-ms="8446" started-at="2020-01-07T04:54:57Z" data-provider="readTestData" finished-at="2020-01-07T04:55:06Z">
          <params>
            <param index="0">
              <value>
                <![CDATA[COLPAL]]>
              </value>
            </param>
          </params>
          <exception class="java.lang.NumberFormatException">
            <message>
              <![CDATA[For input string: "-"]]>
            </message>
            <full-stacktrace>
              <![CDATA[java.lang.NumberFormatException: For input string: "-"
at sun.misc.FloatingDecimal.readJavaFormatString(FloatingDecimal.java:2043)
at sun.misc.FloatingDecimal.parseFloat(FloatingDecimal.java:122)
at java.lang.Float.parseFloat(Float.java:451)
at com.nse.pages.NSEMainPage.getPutLTPValue(NSEMainPage.java:125)
at com.nse.test.NSEMainTest.callValuesTest(NSEMainTest.java:65)
at sun.reflect.GeneratedMethodAccessor5.invoke(Unknown Source)
at sun.reflect.DelegatingMethodAccessorImpl.invoke(DelegatingMethodAccessorImpl.java:43)
at java.lang.reflect.Method.invoke(Method.java:498)
at org.testng.internal.MethodInvocationHelper.invokeMethod(MethodInvocationHelper.java:124)
at org.testng.internal.Invoker.invokeMethod(Invoker.java:583)
at org.testng.internal.Invoker.invokeTestMethod(Invoker.java:719)
at org.testng.internal.Invoker.invokeTestMethods(Invoker.java:989)
at org.testng.internal.TestMethodWorker.invokeTestMethods(TestMethodWorker.java:125)
at org.testng.internal.TestMethodWorker.run(TestMethodWorker.java:109)
at org.testng.TestRunner.privateRun(TestRunner.java:648)
at org.testng.TestRunner.run(TestRunner.java:505)
at org.testng.SuiteRunner.runTest(SuiteRunner.java:455)
at org.testng.SuiteRunner.runSequentially(SuiteRunner.java:450)
at org.testng.SuiteRunner.privateRun(SuiteRunner.java:415)
at org.testng.SuiteRunner.run(SuiteRunner.java:364)
at org.testng.SuiteRunnerWorker.runSuite(SuiteRunnerWorker.java:52)
at org.testng.SuiteRunnerWorker.run(SuiteRunnerWorker.java:84)
at org.testng.TestNG.runSuitesSequentially(TestNG.java:1208)
at org.testng.TestNG.runSuitesLocally(TestNG.java:1137)
at org.testng.TestNG.runSuites(TestNG.java:1049)
at org.testng.TestNG.run(TestNG.java:1017)
at org.testng.remote.AbstractRemoteTestNG.run(AbstractRemoteTestNG.java:114)
at org.testng.remote.RemoteTestNG.initAndRun(RemoteTestNG.java:251)
at org.testng.remote.RemoteTestNG.main(RemoteTestNG.java:77)
]]>
            </full-stacktrace>
          </exception> <!-- java.lang.NumberFormatException -->
          <reporter-output>
          </reporter-output>
        </test-method> <!-- callValuesTest -->
        <test-method status="PASS" signature="tearDown()[pri:0, instance:com.nse.test.NSEMainTest@100d6b1]" name="tearDown" is-config="true" duration-ms="630" started-at="2020-01-07T04:55:06Z" finished-at="2020-01-07T04:55:07Z">
          <reporter-output>
          </reporter-output>
        </test-method> <!-- tearDown -->
        <test-method status="PASS" signature="setUp()[pri:0, instance:com.nse.test.NSEMainTest@100d6b1]" name="setUp" is-config="true" duration-ms="9373" started-at="2020-01-07T04:55:07Z" finished-at="2020-01-07T04:55:16Z">
          <reporter-output>
          </reporter-output>
        </test-method> <!-- setUp -->
        <test-method status="FAIL" signature="callValuesTest(java.lang.String)[pri:0, instance:com.nse.test.NSEMainTest@100d6b1]" name="callValuesTest" duration-ms="4860" started-at="2020-01-07T04:55:16Z" data-provider="readTestData" finished-at="2020-01-07T04:55:21Z">
          <params>
            <param index="0">
              <value>
                <![CDATA[CONCOR]]>
              </value>
            </param>
          </params>
          <exception class="java.lang.NumberFormatException">
            <message>
              <![CDATA[For input string: "-"]]>
            </message>
            <full-stacktrace>
              <![CDATA[java.lang.NumberFormatException: For input string: "-"
at sun.misc.FloatingDecimal.readJavaFormatString(FloatingDecimal.java:2043)
at sun.misc.FloatingDecimal.parseFloat(FloatingDecimal.java:122)
at java.lang.Float.parseFloat(Float.java:451)
at com.nse.pages.NSEMainPage.getCallLTPValue(NSEMainPage.java:117)
at com.nse.test.NSEMainTest.callValuesTest(NSEMainTest.java:64)
at sun.reflect.GeneratedMethodAccessor5.invoke(Unknown Source)
at sun.reflect.DelegatingMethodAccessorImpl.invoke(DelegatingMethodAccessorImpl.java:43)
at java.lang.reflect.Method.invoke(Method.java:498)
at org.testng.internal.MethodInvocationHelper.invokeMethod(MethodInvocationHelper.java:124)
at org.testng.internal.Invoker.invokeMethod(Invoker.java:583)
at org.testng.internal.Invoker.invokeTestMethod(Invoker.java:719)
at org.testng.internal.Invoker.invokeTestMethods(Invoker.java:989)
at org.testng.internal.TestMethodWorker.invokeTestMethods(TestMethodWorker.java:125)
at org.testng.internal.TestMethodWorker.run(TestMethodWorker.java:109)
at org.testng.TestRunner.privateRun(TestRunner.java:648)
at org.testng.TestRunner.run(TestRunner.java:505)
at org.testng.SuiteRunner.runTest(SuiteRunner.java:455)
at org.testng.SuiteRunner.runSequentially(SuiteRunner.java:450)
at org.testng.SuiteRunner.privateRun(SuiteRunner.java:415)
at org.testng.SuiteRunner.run(SuiteRunner.java:364)
at org.testng.SuiteRunnerWorker.runSuite(SuiteRunnerWorker.java:52)
at org.testng.SuiteRunnerWorker.run(SuiteRunnerWorker.java:84)
at org.testng.TestNG.runSuitesSequentially(TestNG.java:1208)
at org.testng.TestNG.runSuitesLocally(TestNG.java:1137)
at org.testng.TestNG.runSuites(TestNG.java:1049)
at org.testng.TestNG.run(TestNG.java:1017)
at org.testng.remote.AbstractRemoteTestNG.run(AbstractRemoteTestNG.java:114)
at org.testng.remote.RemoteTestNG.initAndRun(RemoteTestNG.java:251)
at org.testng.remote.RemoteTestNG.main(RemoteTestNG.java:77)
]]>
            </full-stacktrace>
          </exception> <!-- java.lang.NumberFormatException -->
          <reporter-output>
          </reporter-output>
        </test-method> <!-- callValuesTest -->
        <test-method status="PASS" signature="tearDown()[pri:0, instance:com.nse.test.NSEMainTest@100d6b1]" name="tearDown" is-config="true" duration-ms="624" started-at="2020-01-07T04:55:21Z" finished-at="2020-01-07T04:55:21Z">
          <reporter-output>
          </reporter-output>
        </test-method> <!-- tearDown -->
        <test-method status="PASS" signature="setUp()[pri:0, instance:com.nse.test.NSEMainTest@100d6b1]" name="setUp" is-config="true" duration-ms="9380" started-at="2020-01-07T04:55:21Z" finished-at="2020-01-07T04:55:31Z">
          <reporter-output>
          </reporter-output>
        </test-method> <!-- setUp -->
        <test-method status="FAIL" signature="callValuesTest(java.lang.String)[pri:0, instance:com.nse.test.NSEMainTest@100d6b1]" name="callValuesTest" duration-ms="9595" started-at="2020-01-07T04:55:31Z" data-provider="readTestData" finished-at="2020-01-07T04:55:40Z">
          <params>
            <param index="0">
              <value>
                <![CDATA[CUMMINSIND]]>
              </value>
            </param>
          </params>
          <exception class="java.lang.NumberFormatException">
            <message>
              <![CDATA[For input string: "-"]]>
            </message>
            <full-stacktrace>
              <![CDATA[java.lang.NumberFormatException: For input string: "-"
at sun.misc.FloatingDecimal.readJavaFormatString(FloatingDecimal.java:2043)
at sun.misc.FloatingDecimal.parseFloat(FloatingDecimal.java:122)
at java.lang.Float.parseFloat(Float.java:451)
at com.nse.pages.NSEMainPage.getPutLTPValue(NSEMainPage.java:125)
at com.nse.test.NSEMainTest.callValuesTest(NSEMainTest.java:65)
at sun.reflect.GeneratedMethodAccessor5.invoke(Unknown Source)
at sun.reflect.DelegatingMethodAccessorImpl.invoke(DelegatingMethodAccessorImpl.java:43)
at java.lang.reflect.Method.invoke(Method.java:498)
at org.testng.internal.MethodInvocationHelper.invokeMethod(MethodInvocationHelper.java:124)
at org.testng.internal.Invoker.invokeMethod(Invoker.java:583)
at org.testng.internal.Invoker.invokeTestMethod(Invoker.java:719)
at org.testng.internal.Invoker.invokeTestMethods(Invoker.java:989)
at org.testng.internal.TestMethodWorker.invokeTestMethods(TestMethodWorker.java:125)
at org.testng.internal.TestMethodWorker.run(TestMethodWorker.java:109)
at org.testng.TestRunner.privateRun(TestRunner.java:648)
at org.testng.TestRunner.run(TestRunner.java:505)
at org.testng.SuiteRunner.runTest(SuiteRunner.java:455)
at org.testng.SuiteRunner.runSequentially(SuiteRunner.java:450)
at org.testng.SuiteRunner.privateRun(SuiteRunner.java:415)
at org.testng.SuiteRunner.run(SuiteRunner.java:364)
at org.testng.SuiteRunnerWorker.runSuite(SuiteRunnerWorker.java:52)
at org.testng.SuiteRunnerWorker.run(SuiteRunnerWorker.java:84)
at org.testng.TestNG.runSuitesSequentially(TestNG.java:1208)
at org.testng.TestNG.runSuitesLocally(TestNG.java:1137)
at org.testng.TestNG.runSuites(TestNG.java:1049)
at org.testng.TestNG.run(TestNG.java:1017)
at org.testng.remote.AbstractRemoteTestNG.run(AbstractRemoteTestNG.java:114)
at org.testng.remote.RemoteTestNG.initAndRun(RemoteTestNG.java:251)
at org.testng.remote.RemoteTestNG.main(RemoteTestNG.java:77)
]]>
            </full-stacktrace>
          </exception> <!-- java.lang.NumberFormatException -->
          <reporter-output>
          </reporter-output>
        </test-method> <!-- callValuesTest -->
        <test-method status="PASS" signature="tearDown()[pri:0, instance:com.nse.test.NSEMainTest@100d6b1]" name="tearDown" is-config="true" duration-ms="642" started-at="2020-01-07T04:55:40Z" finished-at="2020-01-07T04:55:41Z">
          <reporter-output>
          </reporter-output>
        </test-method> <!-- tearDown -->
        <test-method status="PASS" signature="setUp()[pri:0, instance:com.nse.test.NSEMainTest@100d6b1]" name="setUp" is-config="true" duration-ms="9343" started-at="2020-01-07T04:55:41Z" finished-at="2020-01-07T04:55:50Z">
          <reporter-output>
          </reporter-output>
        </test-method> <!-- setUp -->
        <test-method status="PASS" signature="callValuesTest(java.lang.String)[pri:0, instance:com.nse.test.NSEMainTest@100d6b1]" name="callValuesTest" duration-ms="9155" started-at="2020-01-07T04:55:50Z" data-provider="readTestData" finished-at="2020-01-07T04:56:00Z">
          <params>
            <param index="0">
              <value>
                <![CDATA[DABUR]]>
              </value>
            </param>
          </params>
          <reporter-output>
          </reporter-output>
        </test-method> <!-- callValuesTest -->
        <test-method status="PASS" signature="tearDown()[pri:0, instance:com.nse.test.NSEMainTest@100d6b1]" name="tearDown" is-config="true" duration-ms="629" started-at="2020-01-07T04:56:00Z" finished-at="2020-01-07T04:56:00Z">
          <reporter-output>
          </reporter-output>
        </test-method> <!-- tearDown -->
        <test-method status="PASS" signature="setUp()[pri:0, instance:com.nse.test.NSEMainTest@100d6b1]" name="setUp" is-config="true" duration-ms="9243" started-at="2020-01-07T04:56:00Z" finished-at="2020-01-07T04:56:09Z">
          <reporter-output>
          </reporter-output>
        </test-method> <!-- setUp -->
        <test-method status="FAIL" signature="callValuesTest(java.lang.String)[pri:0, instance:com.nse.test.NSEMainTest@100d6b1]" name="callValuesTest" duration-ms="7586" started-at="2020-01-07T04:56:09Z" data-provider="readTestData" finished-at="2020-01-07T04:56:17Z">
          <params>
            <param index="0">
              <value>
                <![CDATA[DISHTV]]>
              </value>
            </param>
          </params>
          <exception class="java.lang.NumberFormatException">
            <message>
              <![CDATA[For input string: "-"]]>
            </message>
            <full-stacktrace>
              <![CDATA[java.lang.NumberFormatException: For input string: "-"
at sun.misc.FloatingDecimal.readJavaFormatString(FloatingDecimal.java:2043)
at sun.misc.FloatingDecimal.parseFloat(FloatingDecimal.java:122)
at java.lang.Float.parseFloat(Float.java:451)
at com.nse.pages.NSEMainPage.getCallLTPValue(NSEMainPage.java:117)
at com.nse.test.NSEMainTest.callValuesTest(NSEMainTest.java:64)
at sun.reflect.GeneratedMethodAccessor5.invoke(Unknown Source)
at sun.reflect.DelegatingMethodAccessorImpl.invoke(DelegatingMethodAccessorImpl.java:43)
at java.lang.reflect.Method.invoke(Method.java:498)
at org.testng.internal.MethodInvocationHelper.invokeMethod(MethodInvocationHelper.java:124)
at org.testng.internal.Invoker.invokeMethod(Invoker.java:583)
at org.testng.internal.Invoker.invokeTestMethod(Invoker.java:719)
at org.testng.internal.Invoker.invokeTestMethods(Invoker.java:989)
at org.testng.internal.TestMethodWorker.invokeTestMethods(TestMethodWorker.java:125)
at org.testng.internal.TestMethodWorker.run(TestMethodWorker.java:109)
at org.testng.TestRunner.privateRun(TestRunner.java:648)
at org.testng.TestRunner.run(TestRunner.java:505)
at org.testng.SuiteRunner.runTest(SuiteRunner.java:455)
at org.testng.SuiteRunner.runSequentially(SuiteRunner.java:450)
at org.testng.SuiteRunner.privateRun(SuiteRunner.java:415)
at org.testng.SuiteRunner.run(SuiteRunner.java:364)
at org.testng.SuiteRunnerWorker.runSuite(SuiteRunnerWorker.java:52)
at org.testng.SuiteRunnerWorker.run(SuiteRunnerWorker.java:84)
at org.testng.TestNG.runSuitesSequentially(TestNG.java:1208)
at org.testng.TestNG.runSuitesLocally(TestNG.java:1137)
at org.testng.TestNG.runSuites(TestNG.java:1049)
at org.testng.TestNG.run(TestNG.java:1017)
at org.testng.remote.AbstractRemoteTestNG.run(AbstractRemoteTestNG.java:114)
at org.testng.remote.RemoteTestNG.initAndRun(RemoteTestNG.java:251)
at org.testng.remote.RemoteTestNG.main(RemoteTestNG.java:77)
]]>
            </full-stacktrace>
          </exception> <!-- java.lang.NumberFormatException -->
          <reporter-output>
          </reporter-output>
        </test-method> <!-- callValuesTest -->
        <test-method status="PASS" signature="tearDown()[pri:0, instance:com.nse.test.NSEMainTest@100d6b1]" name="tearDown" is-config="true" duration-ms="608" started-at="2020-01-07T04:56:17Z" finished-at="2020-01-07T04:56:18Z">
          <reporter-output>
          </reporter-output>
        </test-method> <!-- tearDown -->
        <test-method status="PASS" signature="setUp()[pri:0, instance:com.nse.test.NSEMainTest@100d6b1]" name="setUp" is-config="true" duration-ms="9331" started-at="2020-01-07T04:56:18Z" finished-at="2020-01-07T04:56:27Z">
          <reporter-output>
          </reporter-output>
        </test-method> <!-- setUp -->
        <test-method status="PASS" signature="callValuesTest(java.lang.String)[pri:0, instance:com.nse.test.NSEMainTest@100d6b1]" name="callValuesTest" duration-ms="6060" started-at="2020-01-07T04:56:27Z" data-provider="readTestData" finished-at="2020-01-07T04:56:33Z">
          <params>
            <param index="0">
              <value>
                <![CDATA[DIVISLAB]]>
              </value>
            </param>
          </params>
          <reporter-output>
          </reporter-output>
        </test-method> <!-- callValuesTest -->
        <test-method status="PASS" signature="tearDown()[pri:0, instance:com.nse.test.NSEMainTest@100d6b1]" name="tearDown" is-config="true" duration-ms="669" started-at="2020-01-07T04:56:33Z" finished-at="2020-01-07T04:56:34Z">
          <reporter-output>
          </reporter-output>
        </test-method> <!-- tearDown -->
        <test-method status="PASS" signature="setUp()[pri:0, instance:com.nse.test.NSEMainTest@100d6b1]" name="setUp" is-config="true" duration-ms="9200" started-at="2020-01-07T04:56:34Z" finished-at="2020-01-07T04:56:43Z">
          <reporter-output>
          </reporter-output>
        </test-method> <!-- setUp -->
        <test-method status="PASS" signature="callValuesTest(java.lang.String)[pri:0, instance:com.nse.test.NSEMainTest@100d6b1]" name="callValuesTest" duration-ms="8807" started-at="2020-01-07T04:56:43Z" data-provider="readTestData" finished-at="2020-01-07T04:56:52Z">
          <params>
            <param index="0">
              <value>
                <![CDATA[DLF]]>
              </value>
            </param>
          </params>
          <reporter-output>
          </reporter-output>
        </test-method> <!-- callValuesTest -->
        <test-method status="PASS" signature="tearDown()[pri:0, instance:com.nse.test.NSEMainTest@100d6b1]" name="tearDown" is-config="true" duration-ms="643" started-at="2020-01-07T04:56:52Z" finished-at="2020-01-07T04:56:52Z">
          <reporter-output>
          </reporter-output>
        </test-method> <!-- tearDown -->
        <test-method status="PASS" signature="setUp()[pri:0, instance:com.nse.test.NSEMainTest@100d6b1]" name="setUp" is-config="true" duration-ms="9210" started-at="2020-01-07T04:56:52Z" finished-at="2020-01-07T04:57:02Z">
          <reporter-output>
          </reporter-output>
        </test-method> <!-- setUp -->
        <test-method status="PASS" signature="callValuesTest(java.lang.String)[pri:0, instance:com.nse.test.NSEMainTest@100d6b1]" name="callValuesTest" duration-ms="8141" started-at="2020-01-07T04:57:02Z" data-provider="readTestData" finished-at="2020-01-07T04:57:10Z">
          <params>
            <param index="0">
              <value>
                <![CDATA[DRREDDY]]>
              </value>
            </param>
          </params>
          <reporter-output>
          </reporter-output>
        </test-method> <!-- callValuesTest -->
        <test-method status="PASS" signature="tearDown()[pri:0, instance:com.nse.test.NSEMainTest@100d6b1]" name="tearDown" is-config="true" duration-ms="640" started-at="2020-01-07T04:57:10Z" finished-at="2020-01-07T04:57:10Z">
          <reporter-output>
          </reporter-output>
        </test-method> <!-- tearDown -->
        <test-method status="PASS" signature="setUp()[pri:0, instance:com.nse.test.NSEMainTest@100d6b1]" name="setUp" is-config="true" duration-ms="9251" started-at="2020-01-07T04:57:10Z" finished-at="2020-01-07T04:57:20Z">
          <reporter-output>
          </reporter-output>
        </test-method> <!-- setUp -->
        <test-method status="PASS" signature="callValuesTest(java.lang.String)[pri:0, instance:com.nse.test.NSEMainTest@100d6b1]" name="callValuesTest" duration-ms="5300" started-at="2020-01-07T04:57:20Z" data-provider="readTestData" finished-at="2020-01-07T04:57:25Z">
          <params>
            <param index="0">
              <value>
                <![CDATA[EICHERMOT]]>
              </value>
            </param>
          </params>
          <reporter-output>
          </reporter-output>
        </test-method> <!-- callValuesTest -->
        <test-method status="PASS" signature="tearDown()[pri:0, instance:com.nse.test.NSEMainTest@100d6b1]" name="tearDown" is-config="true" duration-ms="662" started-at="2020-01-07T04:57:25Z" finished-at="2020-01-07T04:57:26Z">
          <reporter-output>
          </reporter-output>
        </test-method> <!-- tearDown -->
        <test-method status="PASS" signature="setUp()[pri:0, instance:com.nse.test.NSEMainTest@100d6b1]" name="setUp" is-config="true" duration-ms="9169" started-at="2020-01-07T04:57:26Z" finished-at="2020-01-07T04:57:35Z">
          <reporter-output>
          </reporter-output>
        </test-method> <!-- setUp -->
        <test-method status="PASS" signature="callValuesTest(java.lang.String)[pri:0, instance:com.nse.test.NSEMainTest@100d6b1]" name="callValuesTest" duration-ms="8751" started-at="2020-01-07T04:57:35Z" data-provider="readTestData" finished-at="2020-01-07T04:57:43Z">
          <params>
            <param index="0">
              <value>
                <![CDATA[EQUITAS]]>
              </value>
            </param>
          </params>
          <reporter-output>
          </reporter-output>
        </test-method> <!-- callValuesTest -->
        <test-method status="PASS" signature="tearDown()[pri:0, instance:com.nse.test.NSEMainTest@100d6b1]" name="tearDown" is-config="true" duration-ms="664" started-at="2020-01-07T04:57:43Z" finished-at="2020-01-07T04:57:44Z">
          <reporter-output>
          </reporter-output>
        </test-method> <!-- tearDown -->
        <test-method status="PASS" signature="setUp()[pri:0, instance:com.nse.test.NSEMainTest@100d6b1]" name="setUp" is-config="true" duration-ms="9290" started-at="2020-01-07T04:57:44Z" finished-at="2020-01-07T04:57:53Z">
          <reporter-output>
          </reporter-output>
        </test-method> <!-- setUp -->
        <test-method status="PASS" signature="callValuesTest(java.lang.String)[pri:0, instance:com.nse.test.NSEMainTest@100d6b1]" name="callValuesTest" duration-ms="7530" started-at="2020-01-07T04:57:53Z" data-provider="readTestData" finished-at="2020-01-07T04:58:01Z">
          <params>
            <param index="0">
              <value>
                <![CDATA[ESCORTS]]>
              </value>
            </param>
          </params>
          <reporter-output>
          </reporter-output>
        </test-method> <!-- callValuesTest -->
        <test-method status="PASS" signature="tearDown()[pri:0, instance:com.nse.test.NSEMainTest@100d6b1]" name="tearDown" is-config="true" duration-ms="664" started-at="2020-01-07T04:58:01Z" finished-at="2020-01-07T04:58:02Z">
          <reporter-output>
          </reporter-output>
        </test-method> <!-- tearDown -->
        <test-method status="PASS" signature="setUp()[pri:0, instance:com.nse.test.NSEMainTest@100d6b1]" name="setUp" is-config="true" duration-ms="9236" started-at="2020-01-07T04:58:02Z" finished-at="2020-01-07T04:58:11Z">
          <reporter-output>
          </reporter-output>
        </test-method> <!-- setUp -->
        <test-method status="PASS" signature="callValuesTest(java.lang.String)[pri:0, instance:com.nse.test.NSEMainTest@100d6b1]" name="callValuesTest" duration-ms="8345" started-at="2020-01-07T04:58:11Z" data-provider="readTestData" finished-at="2020-01-07T04:58:19Z">
          <params>
            <param index="0">
              <value>
                <![CDATA[EXIDEIND]]>
              </value>
            </param>
          </params>
          <reporter-output>
          </reporter-output>
        </test-method> <!-- callValuesTest -->
        <test-method status="PASS" signature="tearDown()[pri:0, instance:com.nse.test.NSEMainTest@100d6b1]" name="tearDown" is-config="true" duration-ms="654" started-at="2020-01-07T04:58:19Z" finished-at="2020-01-07T04:58:20Z">
          <reporter-output>
          </reporter-output>
        </test-method> <!-- tearDown -->
        <test-method status="PASS" signature="setUp()[pri:0, instance:com.nse.test.NSEMainTest@100d6b1]" name="setUp" is-config="true" duration-ms="9293" started-at="2020-01-07T04:58:20Z" finished-at="2020-01-07T04:58:29Z">
          <reporter-output>
          </reporter-output>
        </test-method> <!-- setUp -->
        <test-method status="FAIL" signature="callValuesTest(java.lang.String)[pri:0, instance:com.nse.test.NSEMainTest@100d6b1]" name="callValuesTest" duration-ms="8498" started-at="2020-01-07T04:58:29Z" data-provider="readTestData" finished-at="2020-01-07T04:58:38Z">
          <params>
            <param index="0">
              <value>
                <![CDATA[FEDERALBNK]]>
              </value>
            </param>
          </params>
          <exception class="java.lang.NumberFormatException">
            <message>
              <![CDATA[For input string: "-"]]>
            </message>
            <full-stacktrace>
              <![CDATA[java.lang.NumberFormatException: For input string: "-"
at sun.misc.FloatingDecimal.readJavaFormatString(FloatingDecimal.java:2043)
at sun.misc.FloatingDecimal.parseFloat(FloatingDecimal.java:122)
at java.lang.Float.parseFloat(Float.java:451)
at com.nse.pages.NSEMainPage.getCallLTPValue(NSEMainPage.java:117)
at com.nse.test.NSEMainTest.callValuesTest(NSEMainTest.java:64)
at sun.reflect.GeneratedMethodAccessor5.invoke(Unknown Source)
at sun.reflect.DelegatingMethodAccessorImpl.invoke(DelegatingMethodAccessorImpl.java:43)
at java.lang.reflect.Method.invoke(Method.java:498)
at org.testng.internal.MethodInvocationHelper.invokeMethod(MethodInvocationHelper.java:124)
at org.testng.internal.Invoker.invokeMethod(Invoker.java:583)
at org.testng.internal.Invoker.invokeTestMethod(Invoker.java:719)
at org.testng.internal.Invoker.invokeTestMethods(Invoker.java:989)
at org.testng.internal.TestMethodWorker.invokeTestMethods(TestMethodWorker.java:125)
at org.testng.internal.TestMethodWorker.run(TestMethodWorker.java:109)
at org.testng.TestRunner.privateRun(TestRunner.java:648)
at org.testng.TestRunner.run(TestRunner.java:505)
at org.testng.SuiteRunner.runTest(SuiteRunner.java:455)
at org.testng.SuiteRunner.runSequentially(SuiteRunner.java:450)
at org.testng.SuiteRunner.privateRun(SuiteRunner.java:415)
at org.testng.SuiteRunner.run(SuiteRunner.java:364)
at org.testng.SuiteRunnerWorker.runSuite(SuiteRunnerWorker.java:52)
at org.testng.SuiteRunnerWorker.run(SuiteRunnerWorker.java:84)
at org.testng.TestNG.runSuitesSequentially(TestNG.java:1208)
at org.testng.TestNG.runSuitesLocally(TestNG.java:1137)
at org.testng.TestNG.runSuites(TestNG.java:1049)
at org.testng.TestNG.run(TestNG.java:1017)
at org.testng.remote.AbstractRemoteTestNG.run(AbstractRemoteTestNG.java:114)
at org.testng.remote.RemoteTestNG.initAndRun(RemoteTestNG.java:251)
at org.testng.remote.RemoteTestNG.main(RemoteTestNG.java:77)
]]>
            </full-stacktrace>
          </exception> <!-- java.lang.NumberFormatException -->
          <reporter-output>
          </reporter-output>
        </test-method> <!-- callValuesTest -->
        <test-method status="PASS" signature="tearDown()[pri:0, instance:com.nse.test.NSEMainTest@100d6b1]" name="tearDown" is-config="true" duration-ms="647" started-at="2020-01-07T04:58:38Z" finished-at="2020-01-07T04:58:38Z">
          <reporter-output>
          </reporter-output>
        </test-method> <!-- tearDown -->
        <test-method status="PASS" signature="setUp()[pri:0, instance:com.nse.test.NSEMainTest@100d6b1]" name="setUp" is-config="true" duration-ms="9319" started-at="2020-01-07T04:58:38Z" finished-at="2020-01-07T04:58:48Z">
          <reporter-output>
          </reporter-output>
        </test-method> <!-- setUp -->
        <test-method status="PASS" signature="callValuesTest(java.lang.String)[pri:0, instance:com.nse.test.NSEMainTest@100d6b1]" name="callValuesTest" duration-ms="9255" started-at="2020-01-07T04:58:48Z" data-provider="readTestData" finished-at="2020-01-07T04:58:57Z">
          <params>
            <param index="0">
              <value>
                <![CDATA[GAIL]]>
              </value>
            </param>
          </params>
          <reporter-output>
          </reporter-output>
        </test-method> <!-- callValuesTest -->
        <test-method status="PASS" signature="tearDown()[pri:0, instance:com.nse.test.NSEMainTest@100d6b1]" name="tearDown" is-config="true" duration-ms="633" started-at="2020-01-07T04:58:57Z" finished-at="2020-01-07T04:58:57Z">
          <reporter-output>
          </reporter-output>
        </test-method> <!-- tearDown -->
        <test-method status="PASS" signature="setUp()[pri:0, instance:com.nse.test.NSEMainTest@100d6b1]" name="setUp" is-config="true" duration-ms="9187" started-at="2020-01-07T04:58:57Z" finished-at="2020-01-07T04:59:07Z">
          <reporter-output>
          </reporter-output>
        </test-method> <!-- setUp -->
        <test-method status="PASS" signature="callValuesTest(java.lang.String)[pri:0, instance:com.nse.test.NSEMainTest@100d6b1]" name="callValuesTest" duration-ms="7227" started-at="2020-01-07T04:59:07Z" data-provider="readTestData" finished-at="2020-01-07T04:59:14Z">
          <params>
            <param index="0">
              <value>
                <![CDATA[GLENMARK]]>
              </value>
            </param>
          </params>
          <reporter-output>
          </reporter-output>
        </test-method> <!-- callValuesTest -->
        <test-method status="PASS" signature="tearDown()[pri:0, instance:com.nse.test.NSEMainTest@100d6b1]" name="tearDown" is-config="true" duration-ms="687" started-at="2020-01-07T04:59:14Z" finished-at="2020-01-07T04:59:15Z">
          <reporter-output>
          </reporter-output>
        </test-method> <!-- tearDown -->
        <test-method status="PASS" signature="setUp()[pri:0, instance:com.nse.test.NSEMainTest@100d6b1]" name="setUp" is-config="true" duration-ms="9287" started-at="2020-01-07T04:59:15Z" finished-at="2020-01-07T04:59:24Z">
          <reporter-output>
          </reporter-output>
        </test-method> <!-- setUp -->
        <test-method status="PASS" signature="callValuesTest(java.lang.String)[pri:0, instance:com.nse.test.NSEMainTest@100d6b1]" name="callValuesTest" duration-ms="7235" started-at="2020-01-07T04:59:24Z" data-provider="readTestData" finished-at="2020-01-07T04:59:31Z">
          <params>
            <param index="0">
              <value>
                <![CDATA[GMRINFRA]]>
              </value>
            </param>
          </params>
          <reporter-output>
          </reporter-output>
        </test-method> <!-- callValuesTest -->
        <test-method status="PASS" signature="tearDown()[pri:0, instance:com.nse.test.NSEMainTest@100d6b1]" name="tearDown" is-config="true" duration-ms="637" started-at="2020-01-07T04:59:31Z" finished-at="2020-01-07T04:59:32Z">
          <reporter-output>
          </reporter-output>
        </test-method> <!-- tearDown -->
        <test-method status="PASS" signature="setUp()[pri:0, instance:com.nse.test.NSEMainTest@100d6b1]" name="setUp" is-config="true" duration-ms="9294" started-at="2020-01-07T04:59:32Z" finished-at="2020-01-07T04:59:41Z">
          <reporter-output>
          </reporter-output>
        </test-method> <!-- setUp -->
        <test-method status="PASS" signature="callValuesTest(java.lang.String)[pri:0, instance:com.nse.test.NSEMainTest@100d6b1]" name="callValuesTest" duration-ms="8465" started-at="2020-01-07T04:59:41Z" data-provider="readTestData" finished-at="2020-01-07T04:59:50Z">
          <params>
            <param index="0">
              <value>
                <![CDATA[GODREJCP]]>
              </value>
            </param>
          </params>
          <reporter-output>
          </reporter-output>
        </test-method> <!-- callValuesTest -->
        <test-method status="PASS" signature="tearDown()[pri:0, instance:com.nse.test.NSEMainTest@100d6b1]" name="tearDown" is-config="true" duration-ms="613" started-at="2020-01-07T04:59:50Z" finished-at="2020-01-07T04:59:50Z">
          <reporter-output>
          </reporter-output>
        </test-method> <!-- tearDown -->
        <test-method status="PASS" signature="setUp()[pri:0, instance:com.nse.test.NSEMainTest@100d6b1]" name="setUp" is-config="true" duration-ms="9208" started-at="2020-01-07T04:59:50Z" finished-at="2020-01-07T04:59:59Z">
          <reporter-output>
          </reporter-output>
        </test-method> <!-- setUp -->
        <test-method status="PASS" signature="callValuesTest(java.lang.String)[pri:0, instance:com.nse.test.NSEMainTest@100d6b1]" name="callValuesTest" duration-ms="7297" started-at="2020-01-07T04:59:59Z" data-provider="readTestData" finished-at="2020-01-07T05:00:07Z">
          <params>
            <param index="0">
              <value>
                <![CDATA[GRASIM]]>
              </value>
            </param>
          </params>
          <reporter-output>
          </reporter-output>
        </test-method> <!-- callValuesTest -->
        <test-method status="PASS" signature="tearDown()[pri:0, instance:com.nse.test.NSEMainTest@100d6b1]" name="tearDown" is-config="true" duration-ms="641" started-at="2020-01-07T05:00:07Z" finished-at="2020-01-07T05:00:07Z">
          <reporter-output>
          </reporter-output>
        </test-method> <!-- tearDown -->
        <test-method status="PASS" signature="setUp()[pri:0, instance:com.nse.test.NSEMainTest@100d6b1]" name="setUp" is-config="true" duration-ms="9243" started-at="2020-01-07T05:00:07Z" finished-at="2020-01-07T05:00:17Z">
          <reporter-output>
          </reporter-output>
        </test-method> <!-- setUp -->
        <test-method status="PASS" signature="callValuesTest(java.lang.String)[pri:0, instance:com.nse.test.NSEMainTest@100d6b1]" name="callValuesTest" duration-ms="5196" started-at="2020-01-07T05:00:17Z" data-provider="readTestData" finished-at="2020-01-07T05:00:22Z">
          <params>
            <param index="0">
              <value>
                <![CDATA[HAVELLS]]>
              </value>
            </param>
          </params>
          <reporter-output>
          </reporter-output>
        </test-method> <!-- callValuesTest -->
        <test-method status="PASS" signature="tearDown()[pri:0, instance:com.nse.test.NSEMainTest@100d6b1]" name="tearDown" is-config="true" duration-ms="645" started-at="2020-01-07T05:00:22Z" finished-at="2020-01-07T05:00:22Z">
          <reporter-output>
          </reporter-output>
        </test-method> <!-- tearDown -->
        <test-method status="PASS" signature="setUp()[pri:0, instance:com.nse.test.NSEMainTest@100d6b1]" name="setUp" is-config="true" duration-ms="9341" started-at="2020-01-07T05:00:22Z" finished-at="2020-01-07T05:00:32Z">
          <reporter-output>
          </reporter-output>
        </test-method> <!-- setUp -->
        <test-method status="PASS" signature="callValuesTest(java.lang.String)[pri:0, instance:com.nse.test.NSEMainTest@100d6b1]" name="callValuesTest" duration-ms="6968" started-at="2020-01-07T05:00:32Z" data-provider="readTestData" finished-at="2020-01-07T05:00:39Z">
          <params>
            <param index="0">
              <value>
                <![CDATA[HCLTECH]]>
              </value>
            </param>
          </params>
          <reporter-output>
          </reporter-output>
        </test-method> <!-- callValuesTest -->
        <test-method status="PASS" signature="tearDown()[pri:0, instance:com.nse.test.NSEMainTest@100d6b1]" name="tearDown" is-config="true" duration-ms="641" started-at="2020-01-07T05:00:39Z" finished-at="2020-01-07T05:00:39Z">
          <reporter-output>
          </reporter-output>
        </test-method> <!-- tearDown -->
        <test-method status="PASS" signature="setUp()[pri:0, instance:com.nse.test.NSEMainTest@100d6b1]" name="setUp" is-config="true" duration-ms="9344" started-at="2020-01-07T05:00:39Z" finished-at="2020-01-07T05:00:49Z">
          <reporter-output>
          </reporter-output>
        </test-method> <!-- setUp -->
        <test-method status="PASS" signature="callValuesTest(java.lang.String)[pri:0, instance:com.nse.test.NSEMainTest@100d6b1]" name="callValuesTest" duration-ms="6765" started-at="2020-01-07T05:00:49Z" data-provider="readTestData" finished-at="2020-01-07T05:00:55Z">
          <params>
            <param index="0">
              <value>
                <![CDATA[HDFC]]>
              </value>
            </param>
          </params>
          <reporter-output>
          </reporter-output>
        </test-method> <!-- callValuesTest -->
        <test-method status="PASS" signature="tearDown()[pri:0, instance:com.nse.test.NSEMainTest@100d6b1]" name="tearDown" is-config="true" duration-ms="672" started-at="2020-01-07T05:00:55Z" finished-at="2020-01-07T05:00:56Z">
          <reporter-output>
          </reporter-output>
        </test-method> <!-- tearDown -->
        <test-method status="PASS" signature="setUp()[pri:0, instance:com.nse.test.NSEMainTest@100d6b1]" name="setUp" is-config="true" duration-ms="9459" started-at="2020-01-07T05:00:56Z" finished-at="2020-01-07T05:01:06Z">
          <reporter-output>
          </reporter-output>
        </test-method> <!-- setUp -->
        <test-method status="PASS" signature="callValuesTest(java.lang.String)[pri:0, instance:com.nse.test.NSEMainTest@100d6b1]" name="callValuesTest" duration-ms="8305" started-at="2020-01-07T05:01:06Z" data-provider="readTestData" finished-at="2020-01-07T05:01:14Z">
          <params>
            <param index="0">
              <value>
                <![CDATA[HDFCBANK]]>
              </value>
            </param>
          </params>
          <reporter-output>
          </reporter-output>
        </test-method> <!-- callValuesTest -->
        <test-method status="PASS" signature="tearDown()[pri:0, instance:com.nse.test.NSEMainTest@100d6b1]" name="tearDown" is-config="true" duration-ms="618" started-at="2020-01-07T05:01:14Z" finished-at="2020-01-07T05:01:14Z">
          <reporter-output>
          </reporter-output>
        </test-method> <!-- tearDown -->
        <test-method status="PASS" signature="setUp()[pri:0, instance:com.nse.test.NSEMainTest@100d6b1]" name="setUp" is-config="true" duration-ms="9331" started-at="2020-01-07T05:01:14Z" finished-at="2020-01-07T05:01:24Z">
          <reporter-output>
          </reporter-output>
        </test-method> <!-- setUp -->
        <test-method status="PASS" signature="callValuesTest(java.lang.String)[pri:0, instance:com.nse.test.NSEMainTest@100d6b1]" name="callValuesTest" duration-ms="5644" started-at="2020-01-07T05:01:24Z" data-provider="readTestData" finished-at="2020-01-07T05:01:29Z">
          <params>
            <param index="0">
              <value>
                <![CDATA[HEROMOTOCO]]>
              </value>
            </param>
          </params>
          <reporter-output>
          </reporter-output>
        </test-method> <!-- callValuesTest -->
        <test-method status="PASS" signature="tearDown()[pri:0, instance:com.nse.test.NSEMainTest@100d6b1]" name="tearDown" is-config="true" duration-ms="663" started-at="2020-01-07T05:01:29Z" finished-at="2020-01-07T05:01:30Z">
          <reporter-output>
          </reporter-output>
        </test-method> <!-- tearDown -->
        <test-method status="PASS" signature="setUp()[pri:0, instance:com.nse.test.NSEMainTest@100d6b1]" name="setUp" is-config="true" duration-ms="9281" started-at="2020-01-07T05:01:30Z" finished-at="2020-01-07T05:01:39Z">
          <reporter-output>
          </reporter-output>
        </test-method> <!-- setUp -->
        <test-method status="PASS" signature="callValuesTest(java.lang.String)[pri:0, instance:com.nse.test.NSEMainTest@100d6b1]" name="callValuesTest" duration-ms="8255" started-at="2020-01-07T05:01:39Z" data-provider="readTestData" finished-at="2020-01-07T05:01:48Z">
          <params>
            <param index="0">
              <value>
                <![CDATA[HINDALCO]]>
              </value>
            </param>
          </params>
          <reporter-output>
          </reporter-output>
        </test-method> <!-- callValuesTest -->
        <test-method status="PASS" signature="tearDown()[pri:0, instance:com.nse.test.NSEMainTest@100d6b1]" name="tearDown" is-config="true" duration-ms="654" started-at="2020-01-07T05:01:48Z" finished-at="2020-01-07T05:01:48Z">
          <reporter-output>
          </reporter-output>
        </test-method> <!-- tearDown -->
        <test-method status="PASS" signature="setUp()[pri:0, instance:com.nse.test.NSEMainTest@100d6b1]" name="setUp" is-config="true" duration-ms="9320" started-at="2020-01-07T05:01:48Z" finished-at="2020-01-07T05:01:58Z">
          <reporter-output>
          </reporter-output>
        </test-method> <!-- setUp -->
        <test-method status="PASS" signature="callValuesTest(java.lang.String)[pri:0, instance:com.nse.test.NSEMainTest@100d6b1]" name="callValuesTest" duration-ms="8640" started-at="2020-01-07T05:01:58Z" data-provider="readTestData" finished-at="2020-01-07T05:02:06Z">
          <params>
            <param index="0">
              <value>
                <![CDATA[HINDPETRO]]>
              </value>
            </param>
          </params>
          <reporter-output>
          </reporter-output>
        </test-method> <!-- callValuesTest -->
        <test-method status="PASS" signature="tearDown()[pri:0, instance:com.nse.test.NSEMainTest@100d6b1]" name="tearDown" is-config="true" duration-ms="652" started-at="2020-01-07T05:02:06Z" finished-at="2020-01-07T05:02:07Z">
          <reporter-output>
          </reporter-output>
        </test-method> <!-- tearDown -->
        <test-method status="PASS" signature="setUp()[pri:0, instance:com.nse.test.NSEMainTest@100d6b1]" name="setUp" is-config="true" duration-ms="9279" started-at="2020-01-07T05:02:07Z" finished-at="2020-01-07T05:02:16Z">
          <reporter-output>
          </reporter-output>
        </test-method> <!-- setUp -->
        <test-method status="PASS" signature="callValuesTest(java.lang.String)[pri:0, instance:com.nse.test.NSEMainTest@100d6b1]" name="callValuesTest" duration-ms="8710" started-at="2020-01-07T05:02:16Z" data-provider="readTestData" finished-at="2020-01-07T05:02:25Z">
          <params>
            <param index="0">
              <value>
                <![CDATA[HINDUNILVR]]>
              </value>
            </param>
          </params>
          <reporter-output>
          </reporter-output>
        </test-method> <!-- callValuesTest -->
        <test-method status="PASS" signature="tearDown()[pri:0, instance:com.nse.test.NSEMainTest@100d6b1]" name="tearDown" is-config="true" duration-ms="657" started-at="2020-01-07T05:02:25Z" finished-at="2020-01-07T05:02:26Z">
          <reporter-output>
          </reporter-output>
        </test-method> <!-- tearDown -->
        <test-method status="PASS" signature="setUp()[pri:0, instance:com.nse.test.NSEMainTest@100d6b1]" name="setUp" is-config="true" duration-ms="9298" started-at="2020-01-07T05:02:26Z" finished-at="2020-01-07T05:02:35Z">
          <reporter-output>
          </reporter-output>
        </test-method> <!-- setUp -->
        <test-method status="PASS" signature="callValuesTest(java.lang.String)[pri:0, instance:com.nse.test.NSEMainTest@100d6b1]" name="callValuesTest" duration-ms="7906" started-at="2020-01-07T05:02:35Z" data-provider="readTestData" finished-at="2020-01-07T05:02:43Z">
          <params>
            <param index="0">
              <value>
                <![CDATA[IBULHSGFIN]]>
              </value>
            </param>
          </params>
          <reporter-output>
          </reporter-output>
        </test-method> <!-- callValuesTest -->
        <test-method status="PASS" signature="tearDown()[pri:0, instance:com.nse.test.NSEMainTest@100d6b1]" name="tearDown" is-config="true" duration-ms="684" started-at="2020-01-07T05:02:43Z" finished-at="2020-01-07T05:02:43Z">
          <reporter-output>
          </reporter-output>
        </test-method> <!-- tearDown -->
        <test-method status="PASS" signature="setUp()[pri:0, instance:com.nse.test.NSEMainTest@100d6b1]" name="setUp" is-config="true" duration-ms="9378" started-at="2020-01-07T05:02:43Z" finished-at="2020-01-07T05:02:53Z">
          <reporter-output>
          </reporter-output>
        </test-method> <!-- setUp -->
        <test-method status="PASS" signature="callValuesTest(java.lang.String)[pri:0, instance:com.nse.test.NSEMainTest@100d6b1]" name="callValuesTest" duration-ms="7525" started-at="2020-01-07T05:02:53Z" data-provider="readTestData" finished-at="2020-01-07T05:03:00Z">
          <params>
            <param index="0">
              <value>
                <![CDATA[ICICIBANK]]>
              </value>
            </param>
          </params>
          <reporter-output>
          </reporter-output>
        </test-method> <!-- callValuesTest -->
        <test-method status="PASS" signature="tearDown()[pri:0, instance:com.nse.test.NSEMainTest@100d6b1]" name="tearDown" is-config="true" duration-ms="650" started-at="2020-01-07T05:03:00Z" finished-at="2020-01-07T05:03:01Z">
          <reporter-output>
          </reporter-output>
        </test-method> <!-- tearDown -->
        <test-method status="PASS" signature="setUp()[pri:0, instance:com.nse.test.NSEMainTest@100d6b1]" name="setUp" is-config="true" duration-ms="9318" started-at="2020-01-07T05:03:01Z" finished-at="2020-01-07T05:03:10Z">
          <reporter-output>
          </reporter-output>
        </test-method> <!-- setUp -->
        <test-method status="PASS" signature="callValuesTest(java.lang.String)[pri:0, instance:com.nse.test.NSEMainTest@100d6b1]" name="callValuesTest" duration-ms="7912" started-at="2020-01-07T05:03:10Z" data-provider="readTestData" finished-at="2020-01-07T05:03:18Z">
          <params>
            <param index="0">
              <value>
                <![CDATA[ICICIPRULI]]>
              </value>
            </param>
          </params>
          <reporter-output>
          </reporter-output>
        </test-method> <!-- callValuesTest -->
        <test-method status="PASS" signature="tearDown()[pri:0, instance:com.nse.test.NSEMainTest@100d6b1]" name="tearDown" is-config="true" duration-ms="654" started-at="2020-01-07T05:03:18Z" finished-at="2020-01-07T05:03:19Z">
          <reporter-output>
          </reporter-output>
        </test-method> <!-- tearDown -->
        <test-method status="PASS" signature="setUp()[pri:0, instance:com.nse.test.NSEMainTest@100d6b1]" name="setUp" is-config="true" duration-ms="9374" started-at="2020-01-07T05:03:19Z" finished-at="2020-01-07T05:03:28Z">
          <reporter-output>
          </reporter-output>
        </test-method> <!-- setUp -->
        <test-method status="PASS" signature="callValuesTest(java.lang.String)[pri:0, instance:com.nse.test.NSEMainTest@100d6b1]" name="callValuesTest" duration-ms="5155" started-at="2020-01-07T05:03:28Z" data-provider="readTestData" finished-at="2020-01-07T05:03:33Z">
          <params>
            <param index="0">
              <value>
                <![CDATA[IDEA]]>
              </value>
            </param>
          </params>
          <reporter-output>
          </reporter-output>
        </test-method> <!-- callValuesTest -->
        <test-method status="PASS" signature="tearDown()[pri:0, instance:com.nse.test.NSEMainTest@100d6b1]" name="tearDown" is-config="true" duration-ms="649" started-at="2020-01-07T05:03:33Z" finished-at="2020-01-07T05:03:34Z">
          <reporter-output>
          </reporter-output>
        </test-method> <!-- tearDown -->
        <test-method status="PASS" signature="setUp()[pri:0, instance:com.nse.test.NSEMainTest@100d6b1]" name="setUp" is-config="true" duration-ms="9289" started-at="2020-01-07T05:03:34Z" finished-at="2020-01-07T05:03:43Z">
          <reporter-output>
          </reporter-output>
        </test-method> <!-- setUp -->
        <test-method status="PASS" signature="callValuesTest(java.lang.String)[pri:0, instance:com.nse.test.NSEMainTest@100d6b1]" name="callValuesTest" duration-ms="8839" started-at="2020-01-07T05:03:43Z" data-provider="readTestData" finished-at="2020-01-07T05:03:52Z">
          <params>
            <param index="0">
              <value>
                <![CDATA[IDFCFIRSTB]]>
              </value>
            </param>
          </params>
          <reporter-output>
          </reporter-output>
        </test-method> <!-- callValuesTest -->
        <test-method status="PASS" signature="tearDown()[pri:0, instance:com.nse.test.NSEMainTest@100d6b1]" name="tearDown" is-config="true" duration-ms="655" started-at="2020-01-07T05:03:52Z" finished-at="2020-01-07T05:03:53Z">
          <reporter-output>
          </reporter-output>
        </test-method> <!-- tearDown -->
        <test-method status="PASS" signature="setUp()[pri:0, instance:com.nse.test.NSEMainTest@100d6b1]" name="setUp" is-config="true" duration-ms="9305" started-at="2020-01-07T05:03:53Z" finished-at="2020-01-07T05:04:02Z">
          <reporter-output>
          </reporter-output>
        </test-method> <!-- setUp -->
        <test-method status="PASS" signature="callValuesTest(java.lang.String)[pri:0, instance:com.nse.test.NSEMainTest@100d6b1]" name="callValuesTest" duration-ms="13009" started-at="2020-01-07T05:04:02Z" data-provider="readTestData" finished-at="2020-01-07T05:04:15Z">
          <params>
            <param index="0">
              <value>
                <![CDATA[IGL]]>
              </value>
            </param>
          </params>
          <reporter-output>
          </reporter-output>
        </test-method> <!-- callValuesTest -->
        <test-method status="PASS" signature="tearDown()[pri:0, instance:com.nse.test.NSEMainTest@100d6b1]" name="tearDown" is-config="true" duration-ms="655" started-at="2020-01-07T05:04:15Z" finished-at="2020-01-07T05:04:16Z">
          <reporter-output>
          </reporter-output>
        </test-method> <!-- tearDown -->
        <test-method status="PASS" signature="setUp()[pri:0, instance:com.nse.test.NSEMainTest@100d6b1]" name="setUp" is-config="true" duration-ms="9383" started-at="2020-01-07T05:04:16Z" finished-at="2020-01-07T05:04:25Z">
          <reporter-output>
          </reporter-output>
        </test-method> <!-- setUp -->
        <test-method status="PASS" signature="callValuesTest(java.lang.String)[pri:0, instance:com.nse.test.NSEMainTest@100d6b1]" name="callValuesTest" duration-ms="9162" started-at="2020-01-07T05:04:25Z" data-provider="readTestData" finished-at="2020-01-07T05:04:34Z">
          <params>
            <param index="0">
              <value>
                <![CDATA[INDIGO]]>
              </value>
            </param>
          </params>
          <reporter-output>
          </reporter-output>
        </test-method> <!-- callValuesTest -->
        <test-method status="PASS" signature="tearDown()[pri:0, instance:com.nse.test.NSEMainTest@100d6b1]" name="tearDown" is-config="true" duration-ms="649" started-at="2020-01-07T05:04:34Z" finished-at="2020-01-07T05:04:35Z">
          <reporter-output>
          </reporter-output>
        </test-method> <!-- tearDown -->
        <test-method status="PASS" signature="setUp()[pri:0, instance:com.nse.test.NSEMainTest@100d6b1]" name="setUp" is-config="true" duration-ms="9366" started-at="2020-01-07T05:04:35Z" finished-at="2020-01-07T05:04:44Z">
          <reporter-output>
          </reporter-output>
        </test-method> <!-- setUp -->
        <test-method status="PASS" signature="callValuesTest(java.lang.String)[pri:0, instance:com.nse.test.NSEMainTest@100d6b1]" name="callValuesTest" duration-ms="9645" started-at="2020-01-07T05:04:44Z" data-provider="readTestData" finished-at="2020-01-07T05:04:54Z">
          <params>
            <param index="0">
              <value>
                <![CDATA[INDUSINDBK]]>
              </value>
            </param>
          </params>
          <reporter-output>
          </reporter-output>
        </test-method> <!-- callValuesTest -->
        <test-method status="PASS" signature="tearDown()[pri:0, instance:com.nse.test.NSEMainTest@100d6b1]" name="tearDown" is-config="true" duration-ms="643" started-at="2020-01-07T05:04:54Z" finished-at="2020-01-07T05:04:55Z">
          <reporter-output>
          </reporter-output>
        </test-method> <!-- tearDown -->
        <test-method status="PASS" signature="setUp()[pri:0, instance:com.nse.test.NSEMainTest@100d6b1]" name="setUp" is-config="true" duration-ms="9294" started-at="2020-01-07T05:04:55Z" finished-at="2020-01-07T05:05:04Z">
          <reporter-output>
          </reporter-output>
        </test-method> <!-- setUp -->
        <test-method status="PASS" signature="callValuesTest(java.lang.String)[pri:0, instance:com.nse.test.NSEMainTest@100d6b1]" name="callValuesTest" duration-ms="9344" started-at="2020-01-07T05:05:04Z" data-provider="readTestData" finished-at="2020-01-07T05:05:13Z">
          <params>
            <param index="0">
              <value>
                <![CDATA[INFRATEL]]>
              </value>
            </param>
          </params>
          <reporter-output>
          </reporter-output>
        </test-method> <!-- callValuesTest -->
        <test-method status="PASS" signature="tearDown()[pri:0, instance:com.nse.test.NSEMainTest@100d6b1]" name="tearDown" is-config="true" duration-ms="648" started-at="2020-01-07T05:05:13Z" finished-at="2020-01-07T05:05:14Z">
          <reporter-output>
          </reporter-output>
        </test-method> <!-- tearDown -->
        <test-method status="PASS" signature="setUp()[pri:0, instance:com.nse.test.NSEMainTest@100d6b1]" name="setUp" is-config="true" duration-ms="9282" started-at="2020-01-07T05:05:14Z" finished-at="2020-01-07T05:05:23Z">
          <reporter-output>
          </reporter-output>
        </test-method> <!-- setUp -->
        <test-method status="PASS" signature="callValuesTest(java.lang.String)[pri:0, instance:com.nse.test.NSEMainTest@100d6b1]" name="callValuesTest" duration-ms="9128" started-at="2020-01-07T05:05:23Z" data-provider="readTestData" finished-at="2020-01-07T05:05:32Z">
          <params>
            <param index="0">
              <value>
                <![CDATA[INFY]]>
              </value>
            </param>
          </params>
          <reporter-output>
          </reporter-output>
        </test-method> <!-- callValuesTest -->
        <test-method status="PASS" signature="tearDown()[pri:0, instance:com.nse.test.NSEMainTest@100d6b1]" name="tearDown" is-config="true" duration-ms="641" started-at="2020-01-07T05:05:32Z" finished-at="2020-01-07T05:05:33Z">
          <reporter-output>
          </reporter-output>
        </test-method> <!-- tearDown -->
        <test-method status="PASS" signature="setUp()[pri:0, instance:com.nse.test.NSEMainTest@100d6b1]" name="setUp" is-config="true" duration-ms="9371" started-at="2020-01-07T05:05:33Z" finished-at="2020-01-07T05:05:42Z">
          <reporter-output>
          </reporter-output>
        </test-method> <!-- setUp -->
        <test-method status="PASS" signature="callValuesTest(java.lang.String)[pri:0, instance:com.nse.test.NSEMainTest@100d6b1]" name="callValuesTest" duration-ms="8602" started-at="2020-01-07T05:05:42Z" data-provider="readTestData" finished-at="2020-01-07T05:05:51Z">
          <params>
            <param index="0">
              <value>
                <![CDATA[IOC]]>
              </value>
            </param>
          </params>
          <reporter-output>
          </reporter-output>
        </test-method> <!-- callValuesTest -->
        <test-method status="PASS" signature="tearDown()[pri:0, instance:com.nse.test.NSEMainTest@100d6b1]" name="tearDown" is-config="true" duration-ms="635" started-at="2020-01-07T05:05:51Z" finished-at="2020-01-07T05:05:52Z">
          <reporter-output>
          </reporter-output>
        </test-method> <!-- tearDown -->
        <test-method status="PASS" signature="setUp()[pri:0, instance:com.nse.test.NSEMainTest@100d6b1]" name="setUp" is-config="true" duration-ms="9720" started-at="2020-01-07T05:05:52Z" finished-at="2020-01-07T05:06:01Z">
          <reporter-output>
          </reporter-output>
        </test-method> <!-- setUp -->
        <test-method status="PASS" signature="callValuesTest(java.lang.String)[pri:0, instance:com.nse.test.NSEMainTest@100d6b1]" name="callValuesTest" duration-ms="9499" started-at="2020-01-07T05:06:01Z" data-provider="readTestData" finished-at="2020-01-07T05:06:11Z">
          <params>
            <param index="0">
              <value>
                <![CDATA[ITC]]>
              </value>
            </param>
          </params>
          <reporter-output>
          </reporter-output>
        </test-method> <!-- callValuesTest -->
        <test-method status="PASS" signature="tearDown()[pri:0, instance:com.nse.test.NSEMainTest@100d6b1]" name="tearDown" is-config="true" duration-ms="648" started-at="2020-01-07T05:06:11Z" finished-at="2020-01-07T05:06:11Z">
          <reporter-output>
          </reporter-output>
        </test-method> <!-- tearDown -->
        <test-method status="PASS" signature="setUp()[pri:0, instance:com.nse.test.NSEMainTest@100d6b1]" name="setUp" is-config="true" duration-ms="9326" started-at="2020-01-07T05:06:11Z" finished-at="2020-01-07T05:06:21Z">
          <reporter-output>
          </reporter-output>
        </test-method> <!-- setUp -->
        <test-method status="PASS" signature="callValuesTest(java.lang.String)[pri:0, instance:com.nse.test.NSEMainTest@100d6b1]" name="callValuesTest" duration-ms="8205" started-at="2020-01-07T05:06:21Z" data-provider="readTestData" finished-at="2020-01-07T05:06:29Z">
          <params>
            <param index="0">
              <value>
                <![CDATA[JINDALSTEL]]>
              </value>
            </param>
          </params>
          <reporter-output>
          </reporter-output>
        </test-method> <!-- callValuesTest -->
        <test-method status="PASS" signature="tearDown()[pri:0, instance:com.nse.test.NSEMainTest@100d6b1]" name="tearDown" is-config="true" duration-ms="653" started-at="2020-01-07T05:06:29Z" finished-at="2020-01-07T05:06:30Z">
          <reporter-output>
          </reporter-output>
        </test-method> <!-- tearDown -->
        <test-method status="PASS" signature="setUp()[pri:0, instance:com.nse.test.NSEMainTest@100d6b1]" name="setUp" is-config="true" duration-ms="9298" started-at="2020-01-07T05:06:30Z" finished-at="2020-01-07T05:06:39Z">
          <reporter-output>
          </reporter-output>
        </test-method> <!-- setUp -->
        <test-method status="PASS" signature="callValuesTest(java.lang.String)[pri:0, instance:com.nse.test.NSEMainTest@100d6b1]" name="callValuesTest" duration-ms="8044" started-at="2020-01-07T05:06:39Z" data-provider="readTestData" finished-at="2020-01-07T05:06:47Z">
          <params>
            <param index="0">
              <value>
                <![CDATA[JSWSTEEL]]>
              </value>
            </param>
          </params>
          <reporter-output>
          </reporter-output>
        </test-method> <!-- callValuesTest -->
        <test-method status="PASS" signature="tearDown()[pri:0, instance:com.nse.test.NSEMainTest@100d6b1]" name="tearDown" is-config="true" duration-ms="614" started-at="2020-01-07T05:06:47Z" finished-at="2020-01-07T05:06:48Z">
          <reporter-output>
          </reporter-output>
        </test-method> <!-- tearDown -->
        <test-method status="PASS" signature="setUp()[pri:0, instance:com.nse.test.NSEMainTest@100d6b1]" name="setUp" is-config="true" duration-ms="9325" started-at="2020-01-07T05:06:48Z" finished-at="2020-01-07T05:06:57Z">
          <reporter-output>
          </reporter-output>
        </test-method> <!-- setUp -->
        <test-method status="PASS" signature="callValuesTest(java.lang.String)[pri:0, instance:com.nse.test.NSEMainTest@100d6b1]" name="callValuesTest" duration-ms="9923" started-at="2020-01-07T05:06:57Z" data-provider="readTestData" finished-at="2020-01-07T05:07:07Z">
          <params>
            <param index="0">
              <value>
                <![CDATA[JUBLFOOD]]>
              </value>
            </param>
          </params>
          <reporter-output>
          </reporter-output>
        </test-method> <!-- callValuesTest -->
        <test-method status="PASS" signature="tearDown()[pri:0, instance:com.nse.test.NSEMainTest@100d6b1]" name="tearDown" is-config="true" duration-ms="617" started-at="2020-01-07T05:07:07Z" finished-at="2020-01-07T05:07:07Z">
          <reporter-output>
          </reporter-output>
        </test-method> <!-- tearDown -->
        <test-method status="PASS" signature="setUp()[pri:0, instance:com.nse.test.NSEMainTest@100d6b1]" name="setUp" is-config="true" duration-ms="9383" started-at="2020-01-07T05:07:07Z" finished-at="2020-01-07T05:07:17Z">
          <reporter-output>
          </reporter-output>
        </test-method> <!-- setUp -->
        <test-method status="PASS" signature="callValuesTest(java.lang.String)[pri:0, instance:com.nse.test.NSEMainTest@100d6b1]" name="callValuesTest" duration-ms="5704" started-at="2020-01-07T05:07:17Z" data-provider="readTestData" finished-at="2020-01-07T05:07:23Z">
          <params>
            <param index="0">
              <value>
                <![CDATA[JUSTDIAL]]>
              </value>
            </param>
          </params>
          <reporter-output>
          </reporter-output>
        </test-method> <!-- callValuesTest -->
        <test-method status="PASS" signature="tearDown()[pri:0, instance:com.nse.test.NSEMainTest@100d6b1]" name="tearDown" is-config="true" duration-ms="621" started-at="2020-01-07T05:07:23Z" finished-at="2020-01-07T05:07:23Z">
          <reporter-output>
          </reporter-output>
        </test-method> <!-- tearDown -->
        <test-method status="PASS" signature="setUp()[pri:0, instance:com.nse.test.NSEMainTest@100d6b1]" name="setUp" is-config="true" duration-ms="9216" started-at="2020-01-07T05:07:23Z" finished-at="2020-01-07T05:07:32Z">
          <reporter-output>
          </reporter-output>
        </test-method> <!-- setUp -->
        <test-method status="PASS" signature="callValuesTest(java.lang.String)[pri:0, instance:com.nse.test.NSEMainTest@100d6b1]" name="callValuesTest" duration-ms="7464" started-at="2020-01-07T05:07:32Z" data-provider="readTestData" finished-at="2020-01-07T05:07:40Z">
          <params>
            <param index="0">
              <value>
                <![CDATA[KOTAKBANK]]>
              </value>
            </param>
          </params>
          <reporter-output>
          </reporter-output>
        </test-method> <!-- callValuesTest -->
        <test-method status="PASS" signature="tearDown()[pri:0, instance:com.nse.test.NSEMainTest@100d6b1]" name="tearDown" is-config="true" duration-ms="617" started-at="2020-01-07T05:07:40Z" finished-at="2020-01-07T05:07:41Z">
          <reporter-output>
          </reporter-output>
        </test-method> <!-- tearDown -->
        <test-method status="PASS" signature="setUp()[pri:0, instance:com.nse.test.NSEMainTest@100d6b1]" name="setUp" is-config="true" duration-ms="9228" started-at="2020-01-07T05:07:41Z" finished-at="2020-01-07T05:07:50Z">
          <reporter-output>
          </reporter-output>
        </test-method> <!-- setUp -->
        <test-method status="FAIL" signature="callValuesTest(java.lang.String)[pri:0, instance:com.nse.test.NSEMainTest@100d6b1]" name="callValuesTest" duration-ms="11699" started-at="2020-01-07T05:07:50Z" data-provider="readTestData" finished-at="2020-01-07T05:08:01Z">
          <params>
            <param index="0">
              <value>
                <![CDATA[L&TFH]]>
              </value>
            </param>
          </params>
          <exception class="org.openqa.selenium.NoSuchElementException">
            <message>
              <![CDATA[no such element: Unable to locate element: {"method":"xpath","selector":"//span[contains(text(), 'Underlying')]"}
  (Session info: chrome=79.0.3945.88)
For documentation on this error, please visit: https://www.seleniumhq.org/exceptions/no_such_element.html
Build info: version: '4.0.0-alpha-3', revision: '8c567de6dc'
System info: host: 'DESKTOP-5N4OCH5', ip: '192.168.140.1', os.name: 'Windows 10', os.arch: 'x86', os.version: '10.0', java.version: '1.8.0_221'
Driver info: org.openqa.selenium.chrome.ChromeDriver
Capabilities {acceptInsecureCerts: false, browserName: chrome, browserVersion: 79.0.3945.88, chrome: {chromedriverVersion: 79.0.3945.36 (3582db32b3389..., userDataDir: C:\Users\vikra\AppData\Loca...}, goog:chromeOptions: {debuggerAddress: localhost:55813}, javascriptEnabled: true, networkConnectionEnabled: false, pageLoadStrategy: normal, platform: WINDOWS, platformName: WINDOWS, proxy: Proxy(), setWindowRect: true, strictFileInteractability: false, timeouts: {implicit: 0, pageLoad: 300000, script: 30000}, unhandledPromptBehavior: dismiss and notify}
Session ID: e45cf390d10d9860129663cecde039f0
*** Element info: {Using=xpath, value=//span[contains(text(), 'Underlying')]}]]>
            </message>
            <full-stacktrace>
              <![CDATA[org.openqa.selenium.NoSuchElementException: no such element: Unable to locate element: {"method":"xpath","selector":"//span[contains(text(), 'Underlying')]"}
  (Session info: chrome=79.0.3945.88)
For documentation on this error, please visit: https://www.seleniumhq.org/exceptions/no_such_element.html
Build info: version: '4.0.0-alpha-3', revision: '8c567de6dc'
System info: host: 'DESKTOP-5N4OCH5', ip: '192.168.140.1', os.name: 'Windows 10', os.arch: 'x86', os.version: '10.0', java.version: '1.8.0_221'
Driver info: org.openqa.selenium.chrome.ChromeDriver
Capabilities {acceptInsecureCerts: false, browserName: chrome, browserVersion: 79.0.3945.88, chrome: {chromedriverVersion: 79.0.3945.36 (3582db32b3389..., userDataDir: C:\Users\vikra\AppData\Loca...}, goog:chromeOptions: {debuggerAddress: localhost:55813}, javascriptEnabled: true, networkConnectionEnabled: false, pageLoadStrategy: normal, platform: WINDOWS, platformName: WINDOWS, proxy: Proxy(), setWindowRect: true, strictFileInteractability: false, timeouts: {implicit: 0, pageLoad: 300000, script: 30000}, unhandledPromptBehavior: dismiss and notify}
Session ID: e45cf390d10d9860129663cecde039f0
*** Element info: {Using=xpath, value=//span[contains(text(), 'Underlying')]}
at sun.reflect.NativeConstructorAccessorImpl.newInstance0(Native Method)
at sun.reflect.NativeConstructorAccessorImpl.newInstance(NativeConstructorAccessorImpl.java:62)
at sun.reflect.DelegatingConstructorAccessorImpl.newInstance(DelegatingConstructorAccessorImpl.java:45)
at java.lang.reflect.Constructor.newInstance(Constructor.java:423)
at org.openqa.selenium.remote.codec.w3c.W3CHttpResponseCodec.createException(W3CHttpResponseCodec.java:191)
at org.openqa.selenium.remote.codec.w3c.W3CHttpResponseCodec.decode(W3CHttpResponseCodec.java:125)
at org.openqa.selenium.remote.codec.w3c.W3CHttpResponseCodec.decode(W3CHttpResponseCodec.java:52)
at org.openqa.selenium.remote.HttpCommandExecutor.execute(HttpCommandExecutor.java:161)
at org.openqa.selenium.remote.service.DriverCommandExecutor.execute(DriverCommandExecutor.java:83)
at org.openqa.selenium.remote.RemoteWebDriver.execute(RemoteWebDriver.java:576)
at org.openqa.selenium.remote.RemoteWebDriver.findElement(RemoteWebDriver.java:327)
at org.openqa.selenium.remote.RemoteWebDriver.findElementByXPath(RemoteWebDriver.java:445)
at org.openqa.selenium.By$ByXPath.findElement(By.java:396)
at org.openqa.selenium.remote.RemoteWebDriver.findElement(RemoteWebDriver.java:319)
at org.openqa.selenium.support.pagefactory.DefaultElementLocator.findElement(DefaultElementLocator.java:70)
at org.openqa.selenium.support.pagefactory.internal.LocatingElementHandler.invoke(LocatingElementHandler.java:39)
at com.sun.proxy.$Proxy10.getText(Unknown Source)
at com.nse.pages.NSEMainPage.getNiftyUnderLyingIndex(NSEMainPage.java:36)
at com.nse.test.NSEMainTest.callValuesTest(NSEMainTest.java:50)
at sun.reflect.GeneratedMethodAccessor5.invoke(Unknown Source)
at sun.reflect.DelegatingMethodAccessorImpl.invoke(DelegatingMethodAccessorImpl.java:43)
at java.lang.reflect.Method.invoke(Method.java:498)
at org.testng.internal.MethodInvocationHelper.invokeMethod(MethodInvocationHelper.java:124)
at org.testng.internal.Invoker.invokeMethod(Invoker.java:583)
at org.testng.internal.Invoker.invokeTestMethod(Invoker.java:719)
at org.testng.internal.Invoker.invokeTestMethods(Invoker.java:989)
at org.testng.internal.TestMethodWorker.invokeTestMethods(TestMethodWorker.java:125)
at org.testng.internal.TestMethodWorker.run(TestMethodWorker.java:109)
at org.testng.TestRunner.privateRun(TestRunner.java:648)
at org.testng.TestRunner.run(TestRunner.java:505)
at org.testng.SuiteRunner.runTest(SuiteRunner.java:455)
at org.testng.SuiteRunner.runSequentially(SuiteRunner.java:450)
at org.testng.SuiteRunner.privateRun(SuiteRunner.java:415)
at org.testng.SuiteRunner.run(SuiteRunner.java:364)
at org.testng.SuiteRunnerWorker.runSuite(SuiteRunnerWorker.java:52)
at org.testng.SuiteRunnerWorker.run(SuiteRunnerWorker.java:84)
at org.testng.TestNG.runSuitesSequentially(TestNG.java:1208)
at org.testng.TestNG.runSuitesLocally(TestNG.java:1137)
at org.testng.TestNG.runSuites(TestNG.java:1049)
at org.testng.TestNG.run(TestNG.java:1017)
at org.testng.remote.AbstractRemoteTestNG.run(AbstractRemoteTestNG.java:114)
at org.testng.remote.RemoteTestNG.initAndRun(RemoteTestNG.java:251)
at org.testng.remote.RemoteTestNG.main(RemoteTestNG.java:77)
]]>
            </full-stacktrace>
          </exception> <!-- org.openqa.selenium.NoSuchElementException -->
          <reporter-output>
          </reporter-output>
        </test-method> <!-- callValuesTest -->
        <test-method status="PASS" signature="tearDown()[pri:0, instance:com.nse.test.NSEMainTest@100d6b1]" name="tearDown" is-config="true" duration-ms="656" started-at="2020-01-07T05:08:01Z" finished-at="2020-01-07T05:08:02Z">
          <reporter-output>
          </reporter-output>
        </test-method> <!-- tearDown -->
        <test-method status="PASS" signature="setUp()[pri:0, instance:com.nse.test.NSEMainTest@100d6b1]" name="setUp" is-config="true" duration-ms="9265" started-at="2020-01-07T05:08:02Z" finished-at="2020-01-07T05:08:11Z">
          <reporter-output>
          </reporter-output>
        </test-method> <!-- setUp -->
        <test-method status="PASS" signature="callValuesTest(java.lang.String)[pri:0, instance:com.nse.test.NSEMainTest@100d6b1]" name="callValuesTest" duration-ms="6589" started-at="2020-01-07T05:08:11Z" data-provider="readTestData" finished-at="2020-01-07T05:08:18Z">
          <params>
            <param index="0">
              <value>
                <![CDATA[LICHSGFIN]]>
              </value>
            </param>
          </params>
          <reporter-output>
          </reporter-output>
        </test-method> <!-- callValuesTest -->
        <test-method status="PASS" signature="tearDown()[pri:0, instance:com.nse.test.NSEMainTest@100d6b1]" name="tearDown" is-config="true" duration-ms="653" started-at="2020-01-07T05:08:18Z" finished-at="2020-01-07T05:08:19Z">
          <reporter-output>
          </reporter-output>
        </test-method> <!-- tearDown -->
        <test-method status="PASS" signature="setUp()[pri:0, instance:com.nse.test.NSEMainTest@100d6b1]" name="setUp" is-config="true" duration-ms="9247" started-at="2020-01-07T05:08:19Z" finished-at="2020-01-07T05:08:28Z">
          <reporter-output>
          </reporter-output>
        </test-method> <!-- setUp -->
        <test-method status="PASS" signature="callValuesTest(java.lang.String)[pri:0, instance:com.nse.test.NSEMainTest@100d6b1]" name="callValuesTest" duration-ms="8199" started-at="2020-01-07T05:08:28Z" data-provider="readTestData" finished-at="2020-01-07T05:08:36Z">
          <params>
            <param index="0">
              <value>
                <![CDATA[LT]]>
              </value>
            </param>
          </params>
          <reporter-output>
          </reporter-output>
        </test-method> <!-- callValuesTest -->
        <test-method status="PASS" signature="tearDown()[pri:0, instance:com.nse.test.NSEMainTest@100d6b1]" name="tearDown" is-config="true" duration-ms="695" started-at="2020-01-07T05:08:36Z" finished-at="2020-01-07T05:08:37Z">
          <reporter-output>
          </reporter-output>
        </test-method> <!-- tearDown -->
        <test-method status="PASS" signature="setUp()[pri:0, instance:com.nse.test.NSEMainTest@100d6b1]" name="setUp" is-config="true" duration-ms="9266" started-at="2020-01-07T05:08:37Z" finished-at="2020-01-07T05:08:46Z">
          <reporter-output>
          </reporter-output>
        </test-method> <!-- setUp -->
        <test-method status="PASS" signature="callValuesTest(java.lang.String)[pri:0, instance:com.nse.test.NSEMainTest@100d6b1]" name="callValuesTest" duration-ms="5603" started-at="2020-01-07T05:08:46Z" data-provider="readTestData" finished-at="2020-01-07T05:08:52Z">
          <params>
            <param index="0">
              <value>
                <![CDATA[LUPIN]]>
              </value>
            </param>
          </params>
          <reporter-output>
          </reporter-output>
        </test-method> <!-- callValuesTest -->
        <test-method status="PASS" signature="tearDown()[pri:0, instance:com.nse.test.NSEMainTest@100d6b1]" name="tearDown" is-config="true" duration-ms="658" started-at="2020-01-07T05:08:52Z" finished-at="2020-01-07T05:08:52Z">
          <reporter-output>
          </reporter-output>
        </test-method> <!-- tearDown -->
        <test-method status="PASS" signature="setUp()[pri:0, instance:com.nse.test.NSEMainTest@100d6b1]" name="setUp" is-config="true" duration-ms="9216" started-at="2020-01-07T05:08:52Z" finished-at="2020-01-07T05:09:01Z">
          <reporter-output>
          </reporter-output>
        </test-method> <!-- setUp -->
        <test-method status="FAIL" signature="callValuesTest(java.lang.String)[pri:0, instance:com.nse.test.NSEMainTest@100d6b1]" name="callValuesTest" duration-ms="11729" started-at="2020-01-07T05:09:01Z" data-provider="readTestData" finished-at="2020-01-07T05:09:13Z">
          <params>
            <param index="0">
              <value>
                <![CDATA[M&M]]>
              </value>
            </param>
          </params>
          <exception class="org.openqa.selenium.NoSuchElementException">
            <message>
              <![CDATA[no such element: Unable to locate element: {"method":"xpath","selector":"//span[contains(text(), 'Underlying')]"}
  (Session info: chrome=79.0.3945.88)
For documentation on this error, please visit: https://www.seleniumhq.org/exceptions/no_such_element.html
Build info: version: '4.0.0-alpha-3', revision: '8c567de6dc'
System info: host: 'DESKTOP-5N4OCH5', ip: '192.168.140.1', os.name: 'Windows 10', os.arch: 'x86', os.version: '10.0', java.version: '1.8.0_221'
Driver info: org.openqa.selenium.chrome.ChromeDriver
Capabilities {acceptInsecureCerts: false, browserName: chrome, browserVersion: 79.0.3945.88, chrome: {chromedriverVersion: 79.0.3945.36 (3582db32b3389..., userDataDir: C:\Users\vikra\AppData\Loca...}, goog:chromeOptions: {debuggerAddress: localhost:55967}, javascriptEnabled: true, networkConnectionEnabled: false, pageLoadStrategy: normal, platform: WINDOWS, platformName: WINDOWS, proxy: Proxy(), setWindowRect: true, strictFileInteractability: false, timeouts: {implicit: 0, pageLoad: 300000, script: 30000}, unhandledPromptBehavior: dismiss and notify}
Session ID: 8be81c0745cb27ae15b8ecb997e91535
*** Element info: {Using=xpath, value=//span[contains(text(), 'Underlying')]}]]>
            </message>
            <full-stacktrace>
              <![CDATA[org.openqa.selenium.NoSuchElementException: no such element: Unable to locate element: {"method":"xpath","selector":"//span[contains(text(), 'Underlying')]"}
  (Session info: chrome=79.0.3945.88)
For documentation on this error, please visit: https://www.seleniumhq.org/exceptions/no_such_element.html
Build info: version: '4.0.0-alpha-3', revision: '8c567de6dc'
System info: host: 'DESKTOP-5N4OCH5', ip: '192.168.140.1', os.name: 'Windows 10', os.arch: 'x86', os.version: '10.0', java.version: '1.8.0_221'
Driver info: org.openqa.selenium.chrome.ChromeDriver
Capabilities {acceptInsecureCerts: false, browserName: chrome, browserVersion: 79.0.3945.88, chrome: {chromedriverVersion: 79.0.3945.36 (3582db32b3389..., userDataDir: C:\Users\vikra\AppData\Loca...}, goog:chromeOptions: {debuggerAddress: localhost:55967}, javascriptEnabled: true, networkConnectionEnabled: false, pageLoadStrategy: normal, platform: WINDOWS, platformName: WINDOWS, proxy: Proxy(), setWindowRect: true, strictFileInteractability: false, timeouts: {implicit: 0, pageLoad: 300000, script: 30000}, unhandledPromptBehavior: dismiss and notify}
Session ID: 8be81c0745cb27ae15b8ecb997e91535
*** Element info: {Using=xpath, value=//span[contains(text(), 'Underlying')]}
at sun.reflect.NativeConstructorAccessorImpl.newInstance0(Native Method)
at sun.reflect.NativeConstructorAccessorImpl.newInstance(NativeConstructorAccessorImpl.java:62)
at sun.reflect.DelegatingConstructorAccessorImpl.newInstance(DelegatingConstructorAccessorImpl.java:45)
at java.lang.reflect.Constructor.newInstance(Constructor.java:423)
at org.openqa.selenium.remote.codec.w3c.W3CHttpResponseCodec.createException(W3CHttpResponseCodec.java:191)
at org.openqa.selenium.remote.codec.w3c.W3CHttpResponseCodec.decode(W3CHttpResponseCodec.java:125)
at org.openqa.selenium.remote.codec.w3c.W3CHttpResponseCodec.decode(W3CHttpResponseCodec.java:52)
at org.openqa.selenium.remote.HttpCommandExecutor.execute(HttpCommandExecutor.java:161)
at org.openqa.selenium.remote.service.DriverCommandExecutor.execute(DriverCommandExecutor.java:83)
at org.openqa.selenium.remote.RemoteWebDriver.execute(RemoteWebDriver.java:576)
at org.openqa.selenium.remote.RemoteWebDriver.findElement(RemoteWebDriver.java:327)
at org.openqa.selenium.remote.RemoteWebDriver.findElementByXPath(RemoteWebDriver.java:445)
at org.openqa.selenium.By$ByXPath.findElement(By.java:396)
at org.openqa.selenium.remote.RemoteWebDriver.findElement(RemoteWebDriver.java:319)
at org.openqa.selenium.support.pagefactory.DefaultElementLocator.findElement(DefaultElementLocator.java:70)
at org.openqa.selenium.support.pagefactory.internal.LocatingElementHandler.invoke(LocatingElementHandler.java:39)
at com.sun.proxy.$Proxy10.getText(Unknown Source)
at com.nse.pages.NSEMainPage.getNiftyUnderLyingIndex(NSEMainPage.java:36)
at com.nse.test.NSEMainTest.callValuesTest(NSEMainTest.java:50)
at sun.reflect.GeneratedMethodAccessor5.invoke(Unknown Source)
at sun.reflect.DelegatingMethodAccessorImpl.invoke(DelegatingMethodAccessorImpl.java:43)
at java.lang.reflect.Method.invoke(Method.java:498)
at org.testng.internal.MethodInvocationHelper.invokeMethod(MethodInvocationHelper.java:124)
at org.testng.internal.Invoker.invokeMethod(Invoker.java:583)
at org.testng.internal.Invoker.invokeTestMethod(Invoker.java:719)
at org.testng.internal.Invoker.invokeTestMethods(Invoker.java:989)
at org.testng.internal.TestMethodWorker.invokeTestMethods(TestMethodWorker.java:125)
at org.testng.internal.TestMethodWorker.run(TestMethodWorker.java:109)
at org.testng.TestRunner.privateRun(TestRunner.java:648)
at org.testng.TestRunner.run(TestRunner.java:505)
at org.testng.SuiteRunner.runTest(SuiteRunner.java:455)
at org.testng.SuiteRunner.runSequentially(SuiteRunner.java:450)
at org.testng.SuiteRunner.privateRun(SuiteRunner.java:415)
at org.testng.SuiteRunner.run(SuiteRunner.java:364)
at org.testng.SuiteRunnerWorker.runSuite(SuiteRunnerWorker.java:52)
at org.testng.SuiteRunnerWorker.run(SuiteRunnerWorker.java:84)
at org.testng.TestNG.runSuitesSequentially(TestNG.java:1208)
at org.testng.TestNG.runSuitesLocally(TestNG.java:1137)
at org.testng.TestNG.runSuites(TestNG.java:1049)
at org.testng.TestNG.run(TestNG.java:1017)
at org.testng.remote.AbstractRemoteTestNG.run(AbstractRemoteTestNG.java:114)
at org.testng.remote.RemoteTestNG.initAndRun(RemoteTestNG.java:251)
at org.testng.remote.RemoteTestNG.main(RemoteTestNG.java:77)
]]>
            </full-stacktrace>
          </exception> <!-- org.openqa.selenium.NoSuchElementException -->
          <reporter-output>
          </reporter-output>
        </test-method> <!-- callValuesTest -->
        <test-method status="PASS" signature="tearDown()[pri:0, instance:com.nse.test.NSEMainTest@100d6b1]" name="tearDown" is-config="true" duration-ms="654" started-at="2020-01-07T05:09:13Z" finished-at="2020-01-07T05:09:14Z">
          <reporter-output>
          </reporter-output>
        </test-method> <!-- tearDown -->
        <test-method status="PASS" signature="setUp()[pri:0, instance:com.nse.test.NSEMainTest@100d6b1]" name="setUp" is-config="true" duration-ms="9306" started-at="2020-01-07T05:09:14Z" finished-at="2020-01-07T05:09:23Z">
          <reporter-output>
          </reporter-output>
        </test-method> <!-- setUp -->
        <test-method status="FAIL" signature="callValuesTest(java.lang.String)[pri:0, instance:com.nse.test.NSEMainTest@100d6b1]" name="callValuesTest" duration-ms="11777" started-at="2020-01-07T05:09:23Z" data-provider="readTestData" finished-at="2020-01-07T05:09:35Z">
          <params>
            <param index="0">
              <value>
                <![CDATA[M&MFIN]]>
              </value>
            </param>
          </params>
          <exception class="org.openqa.selenium.NoSuchElementException">
            <message>
              <![CDATA[no such element: Unable to locate element: {"method":"xpath","selector":"//span[contains(text(), 'Underlying')]"}
  (Session info: chrome=79.0.3945.88)
For documentation on this error, please visit: https://www.seleniumhq.org/exceptions/no_such_element.html
Build info: version: '4.0.0-alpha-3', revision: '8c567de6dc'
System info: host: 'DESKTOP-5N4OCH5', ip: '192.168.140.1', os.name: 'Windows 10', os.arch: 'x86', os.version: '10.0', java.version: '1.8.0_221'
Driver info: org.openqa.selenium.chrome.ChromeDriver
Capabilities {acceptInsecureCerts: false, browserName: chrome, browserVersion: 79.0.3945.88, chrome: {chromedriverVersion: 79.0.3945.36 (3582db32b3389..., userDataDir: C:\Users\vikra\AppData\Loca...}, goog:chromeOptions: {debuggerAddress: localhost:56013}, javascriptEnabled: true, networkConnectionEnabled: false, pageLoadStrategy: normal, platform: WINDOWS, platformName: WINDOWS, proxy: Proxy(), setWindowRect: true, strictFileInteractability: false, timeouts: {implicit: 0, pageLoad: 300000, script: 30000}, unhandledPromptBehavior: dismiss and notify}
Session ID: ecb968abc6868806890e43dd552e3aca
*** Element info: {Using=xpath, value=//span[contains(text(), 'Underlying')]}]]>
            </message>
            <full-stacktrace>
              <![CDATA[org.openqa.selenium.NoSuchElementException: no such element: Unable to locate element: {"method":"xpath","selector":"//span[contains(text(), 'Underlying')]"}
  (Session info: chrome=79.0.3945.88)
For documentation on this error, please visit: https://www.seleniumhq.org/exceptions/no_such_element.html
Build info: version: '4.0.0-alpha-3', revision: '8c567de6dc'
System info: host: 'DESKTOP-5N4OCH5', ip: '192.168.140.1', os.name: 'Windows 10', os.arch: 'x86', os.version: '10.0', java.version: '1.8.0_221'
Driver info: org.openqa.selenium.chrome.ChromeDriver
Capabilities {acceptInsecureCerts: false, browserName: chrome, browserVersion: 79.0.3945.88, chrome: {chromedriverVersion: 79.0.3945.36 (3582db32b3389..., userDataDir: C:\Users\vikra\AppData\Loca...}, goog:chromeOptions: {debuggerAddress: localhost:56013}, javascriptEnabled: true, networkConnectionEnabled: false, pageLoadStrategy: normal, platform: WINDOWS, platformName: WINDOWS, proxy: Proxy(), setWindowRect: true, strictFileInteractability: false, timeouts: {implicit: 0, pageLoad: 300000, script: 30000}, unhandledPromptBehavior: dismiss and notify}
Session ID: ecb968abc6868806890e43dd552e3aca
*** Element info: {Using=xpath, value=//span[contains(text(), 'Underlying')]}
at sun.reflect.NativeConstructorAccessorImpl.newInstance0(Native Method)
at sun.reflect.NativeConstructorAccessorImpl.newInstance(NativeConstructorAccessorImpl.java:62)
at sun.reflect.DelegatingConstructorAccessorImpl.newInstance(DelegatingConstructorAccessorImpl.java:45)
at java.lang.reflect.Constructor.newInstance(Constructor.java:423)
at org.openqa.selenium.remote.codec.w3c.W3CHttpResponseCodec.createException(W3CHttpResponseCodec.java:191)
at org.openqa.selenium.remote.codec.w3c.W3CHttpResponseCodec.decode(W3CHttpResponseCodec.java:125)
at org.openqa.selenium.remote.codec.w3c.W3CHttpResponseCodec.decode(W3CHttpResponseCodec.java:52)
at org.openqa.selenium.remote.HttpCommandExecutor.execute(HttpCommandExecutor.java:161)
at org.openqa.selenium.remote.service.DriverCommandExecutor.execute(DriverCommandExecutor.java:83)
at org.openqa.selenium.remote.RemoteWebDriver.execute(RemoteWebDriver.java:576)
at org.openqa.selenium.remote.RemoteWebDriver.findElement(RemoteWebDriver.java:327)
at org.openqa.selenium.remote.RemoteWebDriver.findElementByXPath(RemoteWebDriver.java:445)
at org.openqa.selenium.By$ByXPath.findElement(By.java:396)
at org.openqa.selenium.remote.RemoteWebDriver.findElement(RemoteWebDriver.java:319)
at org.openqa.selenium.support.pagefactory.DefaultElementLocator.findElement(DefaultElementLocator.java:70)
at org.openqa.selenium.support.pagefactory.internal.LocatingElementHandler.invoke(LocatingElementHandler.java:39)
at com.sun.proxy.$Proxy10.getText(Unknown Source)
at com.nse.pages.NSEMainPage.getNiftyUnderLyingIndex(NSEMainPage.java:36)
at com.nse.test.NSEMainTest.callValuesTest(NSEMainTest.java:50)
at sun.reflect.GeneratedMethodAccessor5.invoke(Unknown Source)
at sun.reflect.DelegatingMethodAccessorImpl.invoke(DelegatingMethodAccessorImpl.java:43)
at java.lang.reflect.Method.invoke(Method.java:498)
at org.testng.internal.MethodInvocationHelper.invokeMethod(MethodInvocationHelper.java:124)
at org.testng.internal.Invoker.invokeMethod(Invoker.java:583)
at org.testng.internal.Invoker.invokeTestMethod(Invoker.java:719)
at org.testng.internal.Invoker.invokeTestMethods(Invoker.java:989)
at org.testng.internal.TestMethodWorker.invokeTestMethods(TestMethodWorker.java:125)
at org.testng.internal.TestMethodWorker.run(TestMethodWorker.java:109)
at org.testng.TestRunner.privateRun(TestRunner.java:648)
at org.testng.TestRunner.run(TestRunner.java:505)
at org.testng.SuiteRunner.runTest(SuiteRunner.java:455)
at org.testng.SuiteRunner.runSequentially(SuiteRunner.java:450)
at org.testng.SuiteRunner.privateRun(SuiteRunner.java:415)
at org.testng.SuiteRunner.run(SuiteRunner.java:364)
at org.testng.SuiteRunnerWorker.runSuite(SuiteRunnerWorker.java:52)
at org.testng.SuiteRunnerWorker.run(SuiteRunnerWorker.java:84)
at org.testng.TestNG.runSuitesSequentially(TestNG.java:1208)
at org.testng.TestNG.runSuitesLocally(TestNG.java:1137)
at org.testng.TestNG.runSuites(TestNG.java:1049)
at org.testng.TestNG.run(TestNG.java:1017)
at org.testng.remote.AbstractRemoteTestNG.run(AbstractRemoteTestNG.java:114)
at org.testng.remote.RemoteTestNG.initAndRun(RemoteTestNG.java:251)
at org.testng.remote.RemoteTestNG.main(RemoteTestNG.java:77)
]]>
            </full-stacktrace>
          </exception> <!-- org.openqa.selenium.NoSuchElementException -->
          <reporter-output>
          </reporter-output>
        </test-method> <!-- callValuesTest -->
        <test-method status="PASS" signature="tearDown()[pri:0, instance:com.nse.test.NSEMainTest@100d6b1]" name="tearDown" is-config="true" duration-ms="654" started-at="2020-01-07T05:09:35Z" finished-at="2020-01-07T05:09:36Z">
          <reporter-output>
          </reporter-output>
        </test-method> <!-- tearDown -->
        <test-method status="PASS" signature="setUp()[pri:0, instance:com.nse.test.NSEMainTest@100d6b1]" name="setUp" is-config="true" duration-ms="9351" started-at="2020-01-07T05:09:36Z" finished-at="2020-01-07T05:09:45Z">
          <reporter-output>
          </reporter-output>
        </test-method> <!-- setUp -->
        <test-method status="PASS" signature="callValuesTest(java.lang.String)[pri:0, instance:com.nse.test.NSEMainTest@100d6b1]" name="callValuesTest" duration-ms="8622" started-at="2020-01-07T05:09:45Z" data-provider="readTestData" finished-at="2020-01-07T05:09:54Z">
          <params>
            <param index="0">
              <value>
                <![CDATA[MANAPPURAM]]>
              </value>
            </param>
          </params>
          <reporter-output>
          </reporter-output>
        </test-method> <!-- callValuesTest -->
        <test-method status="PASS" signature="tearDown()[pri:0, instance:com.nse.test.NSEMainTest@100d6b1]" name="tearDown" is-config="true" duration-ms="655" started-at="2020-01-07T05:09:54Z" finished-at="2020-01-07T05:09:54Z">
          <reporter-output>
          </reporter-output>
        </test-method> <!-- tearDown -->
        <test-method status="PASS" signature="setUp()[pri:0, instance:com.nse.test.NSEMainTest@100d6b1]" name="setUp" is-config="true" duration-ms="9186" started-at="2020-01-07T05:09:54Z" finished-at="2020-01-07T05:10:03Z">
          <reporter-output>
          </reporter-output>
        </test-method> <!-- setUp -->
        <test-method status="PASS" signature="callValuesTest(java.lang.String)[pri:0, instance:com.nse.test.NSEMainTest@100d6b1]" name="callValuesTest" duration-ms="8189" started-at="2020-01-07T05:10:03Z" data-provider="readTestData" finished-at="2020-01-07T05:10:12Z">
          <params>
            <param index="0">
              <value>
                <![CDATA[MARICO]]>
              </value>
            </param>
          </params>
          <reporter-output>
          </reporter-output>
        </test-method> <!-- callValuesTest -->
        <test-method status="PASS" signature="tearDown()[pri:0, instance:com.nse.test.NSEMainTest@100d6b1]" name="tearDown" is-config="true" duration-ms="659" started-at="2020-01-07T05:10:12Z" finished-at="2020-01-07T05:10:12Z">
          <reporter-output>
          </reporter-output>
        </test-method> <!-- tearDown -->
        <test-method status="PASS" signature="setUp()[pri:0, instance:com.nse.test.NSEMainTest@100d6b1]" name="setUp" is-config="true" duration-ms="9220" started-at="2020-01-07T05:10:12Z" finished-at="2020-01-07T05:10:22Z">
          <reporter-output>
          </reporter-output>
        </test-method> <!-- setUp -->
        <test-method status="PASS" signature="callValuesTest(java.lang.String)[pri:0, instance:com.nse.test.NSEMainTest@100d6b1]" name="callValuesTest" duration-ms="8561" started-at="2020-01-07T05:10:22Z" data-provider="readTestData" finished-at="2020-01-07T05:10:30Z">
          <params>
            <param index="0">
              <value>
                <![CDATA[MARUTI]]>
              </value>
            </param>
          </params>
          <reporter-output>
          </reporter-output>
        </test-method> <!-- callValuesTest -->
        <test-method status="PASS" signature="tearDown()[pri:0, instance:com.nse.test.NSEMainTest@100d6b1]" name="tearDown" is-config="true" duration-ms="660" started-at="2020-01-07T05:10:30Z" finished-at="2020-01-07T05:10:31Z">
          <reporter-output>
          </reporter-output>
        </test-method> <!-- tearDown -->
        <test-method status="PASS" signature="setUp()[pri:0, instance:com.nse.test.NSEMainTest@100d6b1]" name="setUp" is-config="true" duration-ms="9297" started-at="2020-01-07T05:10:31Z" finished-at="2020-01-07T05:10:40Z">
          <reporter-output>
          </reporter-output>
        </test-method> <!-- setUp -->
        <test-method status="PASS" signature="callValuesTest(java.lang.String)[pri:0, instance:com.nse.test.NSEMainTest@100d6b1]" name="callValuesTest" duration-ms="8825" started-at="2020-01-07T05:10:40Z" data-provider="readTestData" finished-at="2020-01-07T05:10:49Z">
          <params>
            <param index="0">
              <value>
                <![CDATA[MCDOWELL-N]]>
              </value>
            </param>
          </params>
          <reporter-output>
          </reporter-output>
        </test-method> <!-- callValuesTest -->
        <test-method status="PASS" signature="tearDown()[pri:0, instance:com.nse.test.NSEMainTest@100d6b1]" name="tearDown" is-config="true" duration-ms="638" started-at="2020-01-07T05:10:49Z" finished-at="2020-01-07T05:10:49Z">
          <reporter-output>
          </reporter-output>
        </test-method> <!-- tearDown -->
        <test-method status="PASS" signature="setUp()[pri:0, instance:com.nse.test.NSEMainTest@100d6b1]" name="setUp" is-config="true" duration-ms="9223" started-at="2020-01-07T05:10:49Z" finished-at="2020-01-07T05:10:59Z">
          <reporter-output>
          </reporter-output>
        </test-method> <!-- setUp -->
        <test-method status="PASS" signature="callValuesTest(java.lang.String)[pri:0, instance:com.nse.test.NSEMainTest@100d6b1]" name="callValuesTest" duration-ms="8315" started-at="2020-01-07T05:10:59Z" data-provider="readTestData" finished-at="2020-01-07T05:11:07Z">
          <params>
            <param index="0">
              <value>
                <![CDATA[MFSL]]>
              </value>
            </param>
          </params>
          <reporter-output>
          </reporter-output>
        </test-method> <!-- callValuesTest -->
        <test-method status="PASS" signature="tearDown()[pri:0, instance:com.nse.test.NSEMainTest@100d6b1]" name="tearDown" is-config="true" duration-ms="626" started-at="2020-01-07T05:11:07Z" finished-at="2020-01-07T05:11:08Z">
          <reporter-output>
          </reporter-output>
        </test-method> <!-- tearDown -->
        <test-method status="PASS" signature="setUp()[pri:0, instance:com.nse.test.NSEMainTest@100d6b1]" name="setUp" is-config="true" duration-ms="9262" started-at="2020-01-07T05:11:08Z" finished-at="2020-01-07T05:11:17Z">
          <reporter-output>
          </reporter-output>
        </test-method> <!-- setUp -->
        <test-method status="FAIL" signature="callValuesTest(java.lang.String)[pri:0, instance:com.nse.test.NSEMainTest@100d6b1]" name="callValuesTest" duration-ms="7854" started-at="2020-01-07T05:11:17Z" data-provider="readTestData" finished-at="2020-01-07T05:11:25Z">
          <params>
            <param index="0">
              <value>
                <![CDATA[MGL]]>
              </value>
            </param>
          </params>
          <exception class="java.lang.NumberFormatException">
            <message>
              <![CDATA[For input string: "-"]]>
            </message>
            <full-stacktrace>
              <![CDATA[java.lang.NumberFormatException: For input string: "-"
at sun.misc.FloatingDecimal.readJavaFormatString(FloatingDecimal.java:2043)
at sun.misc.FloatingDecimal.parseFloat(FloatingDecimal.java:122)
at java.lang.Float.parseFloat(Float.java:451)
at com.nse.pages.NSEMainPage.getCallLTPValue(NSEMainPage.java:117)
at com.nse.test.NSEMainTest.callValuesTest(NSEMainTest.java:64)
at sun.reflect.GeneratedMethodAccessor5.invoke(Unknown Source)
at sun.reflect.DelegatingMethodAccessorImpl.invoke(DelegatingMethodAccessorImpl.java:43)
at java.lang.reflect.Method.invoke(Method.java:498)
at org.testng.internal.MethodInvocationHelper.invokeMethod(MethodInvocationHelper.java:124)
at org.testng.internal.Invoker.invokeMethod(Invoker.java:583)
at org.testng.internal.Invoker.invokeTestMethod(Invoker.java:719)
at org.testng.internal.Invoker.invokeTestMethods(Invoker.java:989)
at org.testng.internal.TestMethodWorker.invokeTestMethods(TestMethodWorker.java:125)
at org.testng.internal.TestMethodWorker.run(TestMethodWorker.java:109)
at org.testng.TestRunner.privateRun(TestRunner.java:648)
at org.testng.TestRunner.run(TestRunner.java:505)
at org.testng.SuiteRunner.runTest(SuiteRunner.java:455)
at org.testng.SuiteRunner.runSequentially(SuiteRunner.java:450)
at org.testng.SuiteRunner.privateRun(SuiteRunner.java:415)
at org.testng.SuiteRunner.run(SuiteRunner.java:364)
at org.testng.SuiteRunnerWorker.runSuite(SuiteRunnerWorker.java:52)
at org.testng.SuiteRunnerWorker.run(SuiteRunnerWorker.java:84)
at org.testng.TestNG.runSuitesSequentially(TestNG.java:1208)
at org.testng.TestNG.runSuitesLocally(TestNG.java:1137)
at org.testng.TestNG.runSuites(TestNG.java:1049)
at org.testng.TestNG.run(TestNG.java:1017)
at org.testng.remote.AbstractRemoteTestNG.run(AbstractRemoteTestNG.java:114)
at org.testng.remote.RemoteTestNG.initAndRun(RemoteTestNG.java:251)
at org.testng.remote.RemoteTestNG.main(RemoteTestNG.java:77)
]]>
            </full-stacktrace>
          </exception> <!-- java.lang.NumberFormatException -->
          <reporter-output>
          </reporter-output>
        </test-method> <!-- callValuesTest -->
        <test-method status="PASS" signature="tearDown()[pri:0, instance:com.nse.test.NSEMainTest@100d6b1]" name="tearDown" is-config="true" duration-ms="624" started-at="2020-01-07T05:11:25Z" finished-at="2020-01-07T05:11:25Z">
          <reporter-output>
          </reporter-output>
        </test-method> <!-- tearDown -->
        <test-method status="PASS" signature="setUp()[pri:0, instance:com.nse.test.NSEMainTest@100d6b1]" name="setUp" is-config="true" duration-ms="9236" started-at="2020-01-07T05:11:25Z" finished-at="2020-01-07T05:11:35Z">
          <reporter-output>
          </reporter-output>
        </test-method> <!-- setUp -->
        <test-method status="PASS" signature="callValuesTest(java.lang.String)[pri:0, instance:com.nse.test.NSEMainTest@100d6b1]" name="callValuesTest" duration-ms="5269" started-at="2020-01-07T05:11:35Z" data-provider="readTestData" finished-at="2020-01-07T05:11:40Z">
          <params>
            <param index="0">
              <value>
                <![CDATA[MINDTREE]]>
              </value>
            </param>
          </params>
          <reporter-output>
          </reporter-output>
        </test-method> <!-- callValuesTest -->
        <test-method status="PASS" signature="tearDown()[pri:0, instance:com.nse.test.NSEMainTest@100d6b1]" name="tearDown" is-config="true" duration-ms="621" started-at="2020-01-07T05:11:40Z" finished-at="2020-01-07T05:11:41Z">
          <reporter-output>
          </reporter-output>
        </test-method> <!-- tearDown -->
        <test-method status="PASS" signature="setUp()[pri:0, instance:com.nse.test.NSEMainTest@100d6b1]" name="setUp" is-config="true" duration-ms="9256" started-at="2020-01-07T05:11:41Z" finished-at="2020-01-07T05:11:50Z">
          <reporter-output>
          </reporter-output>
        </test-method> <!-- setUp -->
        <test-method status="PASS" signature="callValuesTest(java.lang.String)[pri:0, instance:com.nse.test.NSEMainTest@100d6b1]" name="callValuesTest" duration-ms="8159" started-at="2020-01-07T05:11:50Z" data-provider="readTestData" finished-at="2020-01-07T05:11:58Z">
          <params>
            <param index="0">
              <value>
                <![CDATA[MOTHERSUMI]]>
              </value>
            </param>
          </params>
          <reporter-output>
          </reporter-output>
        </test-method> <!-- callValuesTest -->
        <test-method status="PASS" signature="tearDown()[pri:0, instance:com.nse.test.NSEMainTest@100d6b1]" name="tearDown" is-config="true" duration-ms="622" started-at="2020-01-07T05:11:58Z" finished-at="2020-01-07T05:11:59Z">
          <reporter-output>
          </reporter-output>
        </test-method> <!-- tearDown -->
        <test-method status="PASS" signature="setUp()[pri:0, instance:com.nse.test.NSEMainTest@100d6b1]" name="setUp" is-config="true" duration-ms="9240" started-at="2020-01-07T05:11:59Z" finished-at="2020-01-07T05:12:08Z">
          <reporter-output>
          </reporter-output>
        </test-method> <!-- setUp -->
        <test-method status="FAIL" signature="callValuesTest(java.lang.String)[pri:0, instance:com.nse.test.NSEMainTest@100d6b1]" name="callValuesTest" duration-ms="8578" started-at="2020-01-07T05:12:08Z" data-provider="readTestData" finished-at="2020-01-07T05:12:16Z">
          <params>
            <param index="0">
              <value>
                <![CDATA[MRF]]>
              </value>
            </param>
          </params>
          <exception class="java.lang.NumberFormatException">
            <message>
              <![CDATA[For input string: "-"]]>
            </message>
            <full-stacktrace>
              <![CDATA[java.lang.NumberFormatException: For input string: "-"
at sun.misc.FloatingDecimal.readJavaFormatString(FloatingDecimal.java:2043)
at sun.misc.FloatingDecimal.parseFloat(FloatingDecimal.java:122)
at java.lang.Float.parseFloat(Float.java:451)
at com.nse.pages.NSEMainPage.getCallLTPValue(NSEMainPage.java:117)
at com.nse.test.NSEMainTest.callValuesTest(NSEMainTest.java:64)
at sun.reflect.GeneratedMethodAccessor5.invoke(Unknown Source)
at sun.reflect.DelegatingMethodAccessorImpl.invoke(DelegatingMethodAccessorImpl.java:43)
at java.lang.reflect.Method.invoke(Method.java:498)
at org.testng.internal.MethodInvocationHelper.invokeMethod(MethodInvocationHelper.java:124)
at org.testng.internal.Invoker.invokeMethod(Invoker.java:583)
at org.testng.internal.Invoker.invokeTestMethod(Invoker.java:719)
at org.testng.internal.Invoker.invokeTestMethods(Invoker.java:989)
at org.testng.internal.TestMethodWorker.invokeTestMethods(TestMethodWorker.java:125)
at org.testng.internal.TestMethodWorker.run(TestMethodWorker.java:109)
at org.testng.TestRunner.privateRun(TestRunner.java:648)
at org.testng.TestRunner.run(TestRunner.java:505)
at org.testng.SuiteRunner.runTest(SuiteRunner.java:455)
at org.testng.SuiteRunner.runSequentially(SuiteRunner.java:450)
at org.testng.SuiteRunner.privateRun(SuiteRunner.java:415)
at org.testng.SuiteRunner.run(SuiteRunner.java:364)
at org.testng.SuiteRunnerWorker.runSuite(SuiteRunnerWorker.java:52)
at org.testng.SuiteRunnerWorker.run(SuiteRunnerWorker.java:84)
at org.testng.TestNG.runSuitesSequentially(TestNG.java:1208)
at org.testng.TestNG.runSuitesLocally(TestNG.java:1137)
at org.testng.TestNG.runSuites(TestNG.java:1049)
at org.testng.TestNG.run(TestNG.java:1017)
at org.testng.remote.AbstractRemoteTestNG.run(AbstractRemoteTestNG.java:114)
at org.testng.remote.RemoteTestNG.initAndRun(RemoteTestNG.java:251)
at org.testng.remote.RemoteTestNG.main(RemoteTestNG.java:77)
]]>
            </full-stacktrace>
          </exception> <!-- java.lang.NumberFormatException -->
          <reporter-output>
          </reporter-output>
        </test-method> <!-- callValuesTest -->
        <test-method status="PASS" signature="tearDown()[pri:0, instance:com.nse.test.NSEMainTest@100d6b1]" name="tearDown" is-config="true" duration-ms="627" started-at="2020-01-07T05:12:16Z" finished-at="2020-01-07T05:12:17Z">
          <reporter-output>
          </reporter-output>
        </test-method> <!-- tearDown -->
        <test-method status="PASS" signature="setUp()[pri:0, instance:com.nse.test.NSEMainTest@100d6b1]" name="setUp" is-config="true" duration-ms="9281" started-at="2020-01-07T05:12:17Z" finished-at="2020-01-07T05:12:26Z">
          <reporter-output>
          </reporter-output>
        </test-method> <!-- setUp -->
        <test-method status="PASS" signature="callValuesTest(java.lang.String)[pri:0, instance:com.nse.test.NSEMainTest@100d6b1]" name="callValuesTest" duration-ms="8136" started-at="2020-01-07T05:12:26Z" data-provider="readTestData" finished-at="2020-01-07T05:12:34Z">
          <params>
            <param index="0">
              <value>
                <![CDATA[MUTHOOTFIN]]>
              </value>
            </param>
          </params>
          <reporter-output>
          </reporter-output>
        </test-method> <!-- callValuesTest -->
        <test-method status="PASS" signature="tearDown()[pri:0, instance:com.nse.test.NSEMainTest@100d6b1]" name="tearDown" is-config="true" duration-ms="669" started-at="2020-01-07T05:12:34Z" finished-at="2020-01-07T05:12:35Z">
          <reporter-output>
          </reporter-output>
        </test-method> <!-- tearDown -->
        <test-method status="PASS" signature="setUp()[pri:0, instance:com.nse.test.NSEMainTest@100d6b1]" name="setUp" is-config="true" duration-ms="9280" started-at="2020-01-07T05:12:35Z" finished-at="2020-01-07T05:12:44Z">
          <reporter-output>
          </reporter-output>
        </test-method> <!-- setUp -->
        <test-method status="PASS" signature="callValuesTest(java.lang.String)[pri:0, instance:com.nse.test.NSEMainTest@100d6b1]" name="callValuesTest" duration-ms="8267" started-at="2020-01-07T05:12:44Z" data-provider="readTestData" finished-at="2020-01-07T05:12:53Z">
          <params>
            <param index="0">
              <value>
                <![CDATA[NATIONALUM]]>
              </value>
            </param>
          </params>
          <reporter-output>
          </reporter-output>
        </test-method> <!-- callValuesTest -->
        <test-method status="PASS" signature="tearDown()[pri:0, instance:com.nse.test.NSEMainTest@100d6b1]" name="tearDown" is-config="true" duration-ms="704" started-at="2020-01-07T05:12:53Z" finished-at="2020-01-07T05:12:53Z">
          <reporter-output>
          </reporter-output>
        </test-method> <!-- tearDown -->
        <test-method status="PASS" signature="setUp()[pri:0, instance:com.nse.test.NSEMainTest@100d6b1]" name="setUp" is-config="true" duration-ms="9321" started-at="2020-01-07T05:12:53Z" finished-at="2020-01-07T05:13:03Z">
          <reporter-output>
          </reporter-output>
        </test-method> <!-- setUp -->
        <test-method status="PASS" signature="callValuesTest(java.lang.String)[pri:0, instance:com.nse.test.NSEMainTest@100d6b1]" name="callValuesTest" duration-ms="8495" started-at="2020-01-07T05:13:03Z" data-provider="readTestData" finished-at="2020-01-07T05:13:11Z">
          <params>
            <param index="0">
              <value>
                <![CDATA[NBCC]]>
              </value>
            </param>
          </params>
          <reporter-output>
          </reporter-output>
        </test-method> <!-- callValuesTest -->
        <test-method status="PASS" signature="tearDown()[pri:0, instance:com.nse.test.NSEMainTest@100d6b1]" name="tearDown" is-config="true" duration-ms="644" started-at="2020-01-07T05:13:11Z" finished-at="2020-01-07T05:13:12Z">
          <reporter-output>
          </reporter-output>
        </test-method> <!-- tearDown -->
        <test-method status="PASS" signature="setUp()[pri:0, instance:com.nse.test.NSEMainTest@100d6b1]" name="setUp" is-config="true" duration-ms="9356" started-at="2020-01-07T05:13:12Z" finished-at="2020-01-07T05:13:21Z">
          <reporter-output>
          </reporter-output>
        </test-method> <!-- setUp -->
        <test-method status="PASS" signature="callValuesTest(java.lang.String)[pri:0, instance:com.nse.test.NSEMainTest@100d6b1]" name="callValuesTest" duration-ms="9833" started-at="2020-01-07T05:13:21Z" data-provider="readTestData" finished-at="2020-01-07T05:13:31Z">
          <params>
            <param index="0">
              <value>
                <![CDATA[NCC]]>
              </value>
            </param>
          </params>
          <reporter-output>
          </reporter-output>
        </test-method> <!-- callValuesTest -->
        <test-method status="PASS" signature="tearDown()[pri:0, instance:com.nse.test.NSEMainTest@100d6b1]" name="tearDown" is-config="true" duration-ms="654" started-at="2020-01-07T05:13:31Z" finished-at="2020-01-07T05:13:32Z">
          <reporter-output>
          </reporter-output>
        </test-method> <!-- tearDown -->
        <test-method status="PASS" signature="setUp()[pri:0, instance:com.nse.test.NSEMainTest@100d6b1]" name="setUp" is-config="true" duration-ms="9337" started-at="2020-01-07T05:13:32Z" finished-at="2020-01-07T05:13:41Z">
          <reporter-output>
          </reporter-output>
        </test-method> <!-- setUp -->
        <test-method status="FAIL" signature="callValuesTest(java.lang.String)[pri:0, instance:com.nse.test.NSEMainTest@100d6b1]" name="callValuesTest" duration-ms="7348" started-at="2020-01-07T05:13:41Z" data-provider="readTestData" finished-at="2020-01-07T05:13:48Z">
          <params>
            <param index="0">
              <value>
                <![CDATA[NESTLEIND]]>
              </value>
            </param>
          </params>
          <exception class="java.lang.NumberFormatException">
            <message>
              <![CDATA[For input string: "-"]]>
            </message>
            <full-stacktrace>
              <![CDATA[java.lang.NumberFormatException: For input string: "-"
at sun.misc.FloatingDecimal.readJavaFormatString(FloatingDecimal.java:2043)
at sun.misc.FloatingDecimal.parseFloat(FloatingDecimal.java:122)
at java.lang.Float.parseFloat(Float.java:451)
at com.nse.pages.NSEMainPage.getCallLTPValue(NSEMainPage.java:117)
at com.nse.test.NSEMainTest.callValuesTest(NSEMainTest.java:64)
at sun.reflect.GeneratedMethodAccessor5.invoke(Unknown Source)
at sun.reflect.DelegatingMethodAccessorImpl.invoke(DelegatingMethodAccessorImpl.java:43)
at java.lang.reflect.Method.invoke(Method.java:498)
at org.testng.internal.MethodInvocationHelper.invokeMethod(MethodInvocationHelper.java:124)
at org.testng.internal.Invoker.invokeMethod(Invoker.java:583)
at org.testng.internal.Invoker.invokeTestMethod(Invoker.java:719)
at org.testng.internal.Invoker.invokeTestMethods(Invoker.java:989)
at org.testng.internal.TestMethodWorker.invokeTestMethods(TestMethodWorker.java:125)
at org.testng.internal.TestMethodWorker.run(TestMethodWorker.java:109)
at org.testng.TestRunner.privateRun(TestRunner.java:648)
at org.testng.TestRunner.run(TestRunner.java:505)
at org.testng.SuiteRunner.runTest(SuiteRunner.java:455)
at org.testng.SuiteRunner.runSequentially(SuiteRunner.java:450)
at org.testng.SuiteRunner.privateRun(SuiteRunner.java:415)
at org.testng.SuiteRunner.run(SuiteRunner.java:364)
at org.testng.SuiteRunnerWorker.runSuite(SuiteRunnerWorker.java:52)
at org.testng.SuiteRunnerWorker.run(SuiteRunnerWorker.java:84)
at org.testng.TestNG.runSuitesSequentially(TestNG.java:1208)
at org.testng.TestNG.runSuitesLocally(TestNG.java:1137)
at org.testng.TestNG.runSuites(TestNG.java:1049)
at org.testng.TestNG.run(TestNG.java:1017)
at org.testng.remote.AbstractRemoteTestNG.run(AbstractRemoteTestNG.java:114)
at org.testng.remote.RemoteTestNG.initAndRun(RemoteTestNG.java:251)
at org.testng.remote.RemoteTestNG.main(RemoteTestNG.java:77)
]]>
            </full-stacktrace>
          </exception> <!-- java.lang.NumberFormatException -->
          <reporter-output>
          </reporter-output>
        </test-method> <!-- callValuesTest -->
        <test-method status="PASS" signature="tearDown()[pri:0, instance:com.nse.test.NSEMainTest@100d6b1]" name="tearDown" is-config="true" duration-ms="628" started-at="2020-01-07T05:13:48Z" finished-at="2020-01-07T05:13:49Z">
          <reporter-output>
          </reporter-output>
        </test-method> <!-- tearDown -->
        <test-method status="PASS" signature="setUp()[pri:0, instance:com.nse.test.NSEMainTest@100d6b1]" name="setUp" is-config="true" duration-ms="9373" started-at="2020-01-07T05:13:49Z" finished-at="2020-01-07T05:13:58Z">
          <reporter-output>
          </reporter-output>
        </test-method> <!-- setUp -->
        <test-method status="PASS" signature="callValuesTest(java.lang.String)[pri:0, instance:com.nse.test.NSEMainTest@100d6b1]" name="callValuesTest" duration-ms="11596" started-at="2020-01-07T05:13:58Z" data-provider="readTestData" finished-at="2020-01-07T05:14:10Z">
          <params>
            <param index="0">
              <value>
                <![CDATA[NIFTY]]>
              </value>
            </param>
          </params>
          <reporter-output>
          </reporter-output>
        </test-method> <!-- callValuesTest -->
        <test-method status="PASS" signature="tearDown()[pri:0, instance:com.nse.test.NSEMainTest@100d6b1]" name="tearDown" is-config="true" duration-ms="654" started-at="2020-01-07T05:14:10Z" finished-at="2020-01-07T05:14:11Z">
          <reporter-output>
          </reporter-output>
        </test-method> <!-- tearDown -->
        <test-method status="PASS" signature="setUp()[pri:0, instance:com.nse.test.NSEMainTest@100d6b1]" name="setUp" is-config="true" duration-ms="9356" started-at="2020-01-07T05:14:11Z" finished-at="2020-01-07T05:14:20Z">
          <reporter-output>
          </reporter-output>
        </test-method> <!-- setUp -->
        <test-method status="FAIL" signature="callValuesTest(java.lang.String)[pri:0, instance:com.nse.test.NSEMainTest@100d6b1]" name="callValuesTest" duration-ms="12645" started-at="2020-01-07T05:14:20Z" data-provider="readTestData" finished-at="2020-01-07T05:14:33Z">
          <params>
            <param index="0">
              <value>
                <![CDATA[NIFTYIT]]>
              </value>
            </param>
          </params>
          <exception class="org.openqa.selenium.NoSuchElementException">
            <message>
              <![CDATA[no such element: Unable to locate element: {"method":"xpath","selector":"//span[contains(text(), 'Underlying')]"}
  (Session info: chrome=79.0.3945.88)
For documentation on this error, please visit: https://www.seleniumhq.org/exceptions/no_such_element.html
Build info: version: '4.0.0-alpha-3', revision: '8c567de6dc'
System info: host: 'DESKTOP-5N4OCH5', ip: '192.168.140.1', os.name: 'Windows 10', os.arch: 'x86', os.version: '10.0', java.version: '1.8.0_221'
Driver info: org.openqa.selenium.chrome.ChromeDriver
Capabilities {acceptInsecureCerts: false, browserName: chrome, browserVersion: 79.0.3945.88, chrome: {chromedriverVersion: 79.0.3945.36 (3582db32b3389..., userDataDir: C:\Users\vikra\AppData\Loca...}, goog:chromeOptions: {debuggerAddress: localhost:56630}, javascriptEnabled: true, networkConnectionEnabled: false, pageLoadStrategy: normal, platform: WINDOWS, platformName: WINDOWS, proxy: Proxy(), setWindowRect: true, strictFileInteractability: false, timeouts: {implicit: 0, pageLoad: 300000, script: 30000}, unhandledPromptBehavior: dismiss and notify}
Session ID: cace7355abc133cddafd5905ac955a08
*** Element info: {Using=xpath, value=//span[contains(text(), 'Underlying')]}]]>
            </message>
            <full-stacktrace>
              <![CDATA[org.openqa.selenium.NoSuchElementException: no such element: Unable to locate element: {"method":"xpath","selector":"//span[contains(text(), 'Underlying')]"}
  (Session info: chrome=79.0.3945.88)
For documentation on this error, please visit: https://www.seleniumhq.org/exceptions/no_such_element.html
Build info: version: '4.0.0-alpha-3', revision: '8c567de6dc'
System info: host: 'DESKTOP-5N4OCH5', ip: '192.168.140.1', os.name: 'Windows 10', os.arch: 'x86', os.version: '10.0', java.version: '1.8.0_221'
Driver info: org.openqa.selenium.chrome.ChromeDriver
Capabilities {acceptInsecureCerts: false, browserName: chrome, browserVersion: 79.0.3945.88, chrome: {chromedriverVersion: 79.0.3945.36 (3582db32b3389..., userDataDir: C:\Users\vikra\AppData\Loca...}, goog:chromeOptions: {debuggerAddress: localhost:56630}, javascriptEnabled: true, networkConnectionEnabled: false, pageLoadStrategy: normal, platform: WINDOWS, platformName: WINDOWS, proxy: Proxy(), setWindowRect: true, strictFileInteractability: false, timeouts: {implicit: 0, pageLoad: 300000, script: 30000}, unhandledPromptBehavior: dismiss and notify}
Session ID: cace7355abc133cddafd5905ac955a08
*** Element info: {Using=xpath, value=//span[contains(text(), 'Underlying')]}
at sun.reflect.NativeConstructorAccessorImpl.newInstance0(Native Method)
at sun.reflect.NativeConstructorAccessorImpl.newInstance(NativeConstructorAccessorImpl.java:62)
at sun.reflect.DelegatingConstructorAccessorImpl.newInstance(DelegatingConstructorAccessorImpl.java:45)
at java.lang.reflect.Constructor.newInstance(Constructor.java:423)
at org.openqa.selenium.remote.codec.w3c.W3CHttpResponseCodec.createException(W3CHttpResponseCodec.java:191)
at org.openqa.selenium.remote.codec.w3c.W3CHttpResponseCodec.decode(W3CHttpResponseCodec.java:125)
at org.openqa.selenium.remote.codec.w3c.W3CHttpResponseCodec.decode(W3CHttpResponseCodec.java:52)
at org.openqa.selenium.remote.HttpCommandExecutor.execute(HttpCommandExecutor.java:161)
at org.openqa.selenium.remote.service.DriverCommandExecutor.execute(DriverCommandExecutor.java:83)
at org.openqa.selenium.remote.RemoteWebDriver.execute(RemoteWebDriver.java:576)
at org.openqa.selenium.remote.RemoteWebDriver.findElement(RemoteWebDriver.java:327)
at org.openqa.selenium.remote.RemoteWebDriver.findElementByXPath(RemoteWebDriver.java:445)
at org.openqa.selenium.By$ByXPath.findElement(By.java:396)
at org.openqa.selenium.remote.RemoteWebDriver.findElement(RemoteWebDriver.java:319)
at org.openqa.selenium.support.pagefactory.DefaultElementLocator.findElement(DefaultElementLocator.java:70)
at org.openqa.selenium.support.pagefactory.internal.LocatingElementHandler.invoke(LocatingElementHandler.java:39)
at com.sun.proxy.$Proxy10.getText(Unknown Source)
at com.nse.pages.NSEMainPage.getNiftyUnderLyingIndex(NSEMainPage.java:36)
at com.nse.test.NSEMainTest.callValuesTest(NSEMainTest.java:50)
at sun.reflect.GeneratedMethodAccessor5.invoke(Unknown Source)
at sun.reflect.DelegatingMethodAccessorImpl.invoke(DelegatingMethodAccessorImpl.java:43)
at java.lang.reflect.Method.invoke(Method.java:498)
at org.testng.internal.MethodInvocationHelper.invokeMethod(MethodInvocationHelper.java:124)
at org.testng.internal.Invoker.invokeMethod(Invoker.java:583)
at org.testng.internal.Invoker.invokeTestMethod(Invoker.java:719)
at org.testng.internal.Invoker.invokeTestMethods(Invoker.java:989)
at org.testng.internal.TestMethodWorker.invokeTestMethods(TestMethodWorker.java:125)
at org.testng.internal.TestMethodWorker.run(TestMethodWorker.java:109)
at org.testng.TestRunner.privateRun(TestRunner.java:648)
at org.testng.TestRunner.run(TestRunner.java:505)
at org.testng.SuiteRunner.runTest(SuiteRunner.java:455)
at org.testng.SuiteRunner.runSequentially(SuiteRunner.java:450)
at org.testng.SuiteRunner.privateRun(SuiteRunner.java:415)
at org.testng.SuiteRunner.run(SuiteRunner.java:364)
at org.testng.SuiteRunnerWorker.runSuite(SuiteRunnerWorker.java:52)
at org.testng.SuiteRunnerWorker.run(SuiteRunnerWorker.java:84)
at org.testng.TestNG.runSuitesSequentially(TestNG.java:1208)
at org.testng.TestNG.runSuitesLocally(TestNG.java:1137)
at org.testng.TestNG.runSuites(TestNG.java:1049)
at org.testng.TestNG.run(TestNG.java:1017)
at org.testng.remote.AbstractRemoteTestNG.run(AbstractRemoteTestNG.java:114)
at org.testng.remote.RemoteTestNG.initAndRun(RemoteTestNG.java:251)
at org.testng.remote.RemoteTestNG.main(RemoteTestNG.java:77)
]]>
            </full-stacktrace>
          </exception> <!-- org.openqa.selenium.NoSuchElementException -->
          <reporter-output>
          </reporter-output>
        </test-method> <!-- callValuesTest -->
        <test-method status="PASS" signature="tearDown()[pri:0, instance:com.nse.test.NSEMainTest@100d6b1]" name="tearDown" is-config="true" duration-ms="675" started-at="2020-01-07T05:14:33Z" finished-at="2020-01-07T05:14:33Z">
          <reporter-output>
          </reporter-output>
        </test-method> <!-- tearDown -->
        <test-method status="PASS" signature="setUp()[pri:0, instance:com.nse.test.NSEMainTest@100d6b1]" name="setUp" is-config="true" duration-ms="9372" started-at="2020-01-07T05:14:33Z" finished-at="2020-01-07T05:14:43Z">
          <reporter-output>
          </reporter-output>
        </test-method> <!-- setUp -->
        <test-method status="PASS" signature="callValuesTest(java.lang.String)[pri:0, instance:com.nse.test.NSEMainTest@100d6b1]" name="callValuesTest" duration-ms="7108" started-at="2020-01-07T05:14:43Z" data-provider="readTestData" finished-at="2020-01-07T05:14:50Z">
          <params>
            <param index="0">
              <value>
                <![CDATA[NIITTECH]]>
              </value>
            </param>
          </params>
          <reporter-output>
          </reporter-output>
        </test-method> <!-- callValuesTest -->
        <test-method status="PASS" signature="tearDown()[pri:0, instance:com.nse.test.NSEMainTest@100d6b1]" name="tearDown" is-config="true" duration-ms="638" started-at="2020-01-07T05:14:50Z" finished-at="2020-01-07T05:14:50Z">
          <reporter-output>
          </reporter-output>
        </test-method> <!-- tearDown -->
        <test-method status="PASS" signature="setUp()[pri:0, instance:com.nse.test.NSEMainTest@100d6b1]" name="setUp" is-config="true" duration-ms="9396" started-at="2020-01-07T05:14:50Z" finished-at="2020-01-07T05:15:00Z">
          <reporter-output>
          </reporter-output>
        </test-method> <!-- setUp -->
        <test-method status="PASS" signature="callValuesTest(java.lang.String)[pri:0, instance:com.nse.test.NSEMainTest@100d6b1]" name="callValuesTest" duration-ms="6947" started-at="2020-01-07T05:15:00Z" data-provider="readTestData" finished-at="2020-01-07T05:15:07Z">
          <params>
            <param index="0">
              <value>
                <![CDATA[NMDC]]>
              </value>
            </param>
          </params>
          <reporter-output>
          </reporter-output>
        </test-method> <!-- callValuesTest -->
        <test-method status="PASS" signature="tearDown()[pri:0, instance:com.nse.test.NSEMainTest@100d6b1]" name="tearDown" is-config="true" duration-ms="629" started-at="2020-01-07T05:15:07Z" finished-at="2020-01-07T05:15:07Z">
          <reporter-output>
          </reporter-output>
        </test-method> <!-- tearDown -->
        <test-method status="PASS" signature="setUp()[pri:0, instance:com.nse.test.NSEMainTest@100d6b1]" name="setUp" is-config="true" duration-ms="9277" started-at="2020-01-07T05:15:07Z" finished-at="2020-01-07T05:15:17Z">
          <reporter-output>
          </reporter-output>
        </test-method> <!-- setUp -->
        <test-method status="PASS" signature="callValuesTest(java.lang.String)[pri:0, instance:com.nse.test.NSEMainTest@100d6b1]" name="callValuesTest" duration-ms="8473" started-at="2020-01-07T05:15:17Z" data-provider="readTestData" finished-at="2020-01-07T05:15:25Z">
          <params>
            <param index="0">
              <value>
                <![CDATA[NTPC]]>
              </value>
            </param>
          </params>
          <reporter-output>
          </reporter-output>
        </test-method> <!-- callValuesTest -->
        <test-method status="PASS" signature="tearDown()[pri:0, instance:com.nse.test.NSEMainTest@100d6b1]" name="tearDown" is-config="true" duration-ms="630" started-at="2020-01-07T05:15:25Z" finished-at="2020-01-07T05:15:26Z">
          <reporter-output>
          </reporter-output>
        </test-method> <!-- tearDown -->
        <test-method status="PASS" signature="setUp()[pri:0, instance:com.nse.test.NSEMainTest@100d6b1]" name="setUp" is-config="true" duration-ms="9358" started-at="2020-01-07T05:15:26Z" finished-at="2020-01-07T05:15:35Z">
          <reporter-output>
          </reporter-output>
        </test-method> <!-- setUp -->
        <test-method status="FAIL" signature="callValuesTest(java.lang.String)[pri:0, instance:com.nse.test.NSEMainTest@100d6b1]" name="callValuesTest" duration-ms="5345" started-at="2020-01-07T05:15:35Z" data-provider="readTestData" finished-at="2020-01-07T05:15:40Z">
          <params>
            <param index="0">
              <value>
                <![CDATA[OIL]]>
              </value>
            </param>
          </params>
          <exception class="java.lang.NumberFormatException">
            <message>
              <![CDATA[For input string: "-"]]>
            </message>
            <full-stacktrace>
              <![CDATA[java.lang.NumberFormatException: For input string: "-"
at sun.misc.FloatingDecimal.readJavaFormatString(FloatingDecimal.java:2043)
at sun.misc.FloatingDecimal.parseFloat(FloatingDecimal.java:122)
at java.lang.Float.parseFloat(Float.java:451)
at com.nse.pages.NSEMainPage.getCallLTPValue(NSEMainPage.java:117)
at com.nse.test.NSEMainTest.callValuesTest(NSEMainTest.java:64)
at sun.reflect.GeneratedMethodAccessor5.invoke(Unknown Source)
at sun.reflect.DelegatingMethodAccessorImpl.invoke(DelegatingMethodAccessorImpl.java:43)
at java.lang.reflect.Method.invoke(Method.java:498)
at org.testng.internal.MethodInvocationHelper.invokeMethod(MethodInvocationHelper.java:124)
at org.testng.internal.Invoker.invokeMethod(Invoker.java:583)
at org.testng.internal.Invoker.invokeTestMethod(Invoker.java:719)
at org.testng.internal.Invoker.invokeTestMethods(Invoker.java:989)
at org.testng.internal.TestMethodWorker.invokeTestMethods(TestMethodWorker.java:125)
at org.testng.internal.TestMethodWorker.run(TestMethodWorker.java:109)
at org.testng.TestRunner.privateRun(TestRunner.java:648)
at org.testng.TestRunner.run(TestRunner.java:505)
at org.testng.SuiteRunner.runTest(SuiteRunner.java:455)
at org.testng.SuiteRunner.runSequentially(SuiteRunner.java:450)
at org.testng.SuiteRunner.privateRun(SuiteRunner.java:415)
at org.testng.SuiteRunner.run(SuiteRunner.java:364)
at org.testng.SuiteRunnerWorker.runSuite(SuiteRunnerWorker.java:52)
at org.testng.SuiteRunnerWorker.run(SuiteRunnerWorker.java:84)
at org.testng.TestNG.runSuitesSequentially(TestNG.java:1208)
at org.testng.TestNG.runSuitesLocally(TestNG.java:1137)
at org.testng.TestNG.runSuites(TestNG.java:1049)
at org.testng.TestNG.run(TestNG.java:1017)
at org.testng.remote.AbstractRemoteTestNG.run(AbstractRemoteTestNG.java:114)
at org.testng.remote.RemoteTestNG.initAndRun(RemoteTestNG.java:251)
at org.testng.remote.RemoteTestNG.main(RemoteTestNG.java:77)
]]>
            </full-stacktrace>
          </exception> <!-- java.lang.NumberFormatException -->
          <reporter-output>
          </reporter-output>
        </test-method> <!-- callValuesTest -->
        <test-method status="PASS" signature="tearDown()[pri:0, instance:com.nse.test.NSEMainTest@100d6b1]" name="tearDown" is-config="true" duration-ms="807" started-at="2020-01-07T05:15:40Z" finished-at="2020-01-07T05:15:41Z">
          <reporter-output>
          </reporter-output>
        </test-method> <!-- tearDown -->
        <test-method status="PASS" signature="setUp()[pri:0, instance:com.nse.test.NSEMainTest@100d6b1]" name="setUp" is-config="true" duration-ms="9417" started-at="2020-01-07T05:15:41Z" finished-at="2020-01-07T05:15:51Z">
          <reporter-output>
          </reporter-output>
        </test-method> <!-- setUp -->
        <test-method status="PASS" signature="callValuesTest(java.lang.String)[pri:0, instance:com.nse.test.NSEMainTest@100d6b1]" name="callValuesTest" duration-ms="7920" started-at="2020-01-07T05:15:51Z" data-provider="readTestData" finished-at="2020-01-07T05:15:59Z">
          <params>
            <param index="0">
              <value>
                <![CDATA[ONGC]]>
              </value>
            </param>
          </params>
          <reporter-output>
          </reporter-output>
        </test-method> <!-- callValuesTest -->
        <test-method status="PASS" signature="tearDown()[pri:0, instance:com.nse.test.NSEMainTest@100d6b1]" name="tearDown" is-config="true" duration-ms="624" started-at="2020-01-07T05:15:59Z" finished-at="2020-01-07T05:15:59Z">
          <reporter-output>
          </reporter-output>
        </test-method> <!-- tearDown -->
        <test-method status="PASS" signature="setUp()[pri:0, instance:com.nse.test.NSEMainTest@100d6b1]" name="setUp" is-config="true" duration-ms="9352" started-at="2020-01-07T05:15:59Z" finished-at="2020-01-07T05:16:09Z">
          <reporter-output>
          </reporter-output>
        </test-method> <!-- setUp -->
        <test-method status="FAIL" signature="callValuesTest(java.lang.String)[pri:0, instance:com.nse.test.NSEMainTest@100d6b1]" name="callValuesTest" duration-ms="7394" started-at="2020-01-07T05:16:09Z" data-provider="readTestData" finished-at="2020-01-07T05:16:16Z">
          <params>
            <param index="0">
              <value>
                <![CDATA[PAGEIND]]>
              </value>
            </param>
          </params>
          <exception class="java.lang.NumberFormatException">
            <message>
              <![CDATA[For input string: "-"]]>
            </message>
            <full-stacktrace>
              <![CDATA[java.lang.NumberFormatException: For input string: "-"
at sun.misc.FloatingDecimal.readJavaFormatString(FloatingDecimal.java:2043)
at sun.misc.FloatingDecimal.parseFloat(FloatingDecimal.java:122)
at java.lang.Float.parseFloat(Float.java:451)
at com.nse.pages.NSEMainPage.getPutLTPValue(NSEMainPage.java:125)
at com.nse.test.NSEMainTest.callValuesTest(NSEMainTest.java:65)
at sun.reflect.GeneratedMethodAccessor5.invoke(Unknown Source)
at sun.reflect.DelegatingMethodAccessorImpl.invoke(DelegatingMethodAccessorImpl.java:43)
at java.lang.reflect.Method.invoke(Method.java:498)
at org.testng.internal.MethodInvocationHelper.invokeMethod(MethodInvocationHelper.java:124)
at org.testng.internal.Invoker.invokeMethod(Invoker.java:583)
at org.testng.internal.Invoker.invokeTestMethod(Invoker.java:719)
at org.testng.internal.Invoker.invokeTestMethods(Invoker.java:989)
at org.testng.internal.TestMethodWorker.invokeTestMethods(TestMethodWorker.java:125)
at org.testng.internal.TestMethodWorker.run(TestMethodWorker.java:109)
at org.testng.TestRunner.privateRun(TestRunner.java:648)
at org.testng.TestRunner.run(TestRunner.java:505)
at org.testng.SuiteRunner.runTest(SuiteRunner.java:455)
at org.testng.SuiteRunner.runSequentially(SuiteRunner.java:450)
at org.testng.SuiteRunner.privateRun(SuiteRunner.java:415)
at org.testng.SuiteRunner.run(SuiteRunner.java:364)
at org.testng.SuiteRunnerWorker.runSuite(SuiteRunnerWorker.java:52)
at org.testng.SuiteRunnerWorker.run(SuiteRunnerWorker.java:84)
at org.testng.TestNG.runSuitesSequentially(TestNG.java:1208)
at org.testng.TestNG.runSuitesLocally(TestNG.java:1137)
at org.testng.TestNG.runSuites(TestNG.java:1049)
at org.testng.TestNG.run(TestNG.java:1017)
at org.testng.remote.AbstractRemoteTestNG.run(AbstractRemoteTestNG.java:114)
at org.testng.remote.RemoteTestNG.initAndRun(RemoteTestNG.java:251)
at org.testng.remote.RemoteTestNG.main(RemoteTestNG.java:77)
]]>
            </full-stacktrace>
          </exception> <!-- java.lang.NumberFormatException -->
          <reporter-output>
          </reporter-output>
        </test-method> <!-- callValuesTest -->
        <test-method status="PASS" signature="tearDown()[pri:0, instance:com.nse.test.NSEMainTest@100d6b1]" name="tearDown" is-config="true" duration-ms="649" started-at="2020-01-07T05:16:16Z" finished-at="2020-01-07T05:16:17Z">
          <reporter-output>
          </reporter-output>
        </test-method> <!-- tearDown -->
        <test-method status="PASS" signature="setUp()[pri:0, instance:com.nse.test.NSEMainTest@100d6b1]" name="setUp" is-config="true" duration-ms="9405" started-at="2020-01-07T05:16:17Z" finished-at="2020-01-07T05:16:26Z">
          <reporter-output>
          </reporter-output>
        </test-method> <!-- setUp -->
        <test-method status="PASS" signature="callValuesTest(java.lang.String)[pri:0, instance:com.nse.test.NSEMainTest@100d6b1]" name="callValuesTest" duration-ms="8435" started-at="2020-01-07T05:16:26Z" data-provider="readTestData" finished-at="2020-01-07T05:16:34Z">
          <params>
            <param index="0">
              <value>
                <![CDATA[PEL]]>
              </value>
            </param>
          </params>
          <reporter-output>
          </reporter-output>
        </test-method> <!-- callValuesTest -->
        <test-method status="PASS" signature="tearDown()[pri:0, instance:com.nse.test.NSEMainTest@100d6b1]" name="tearDown" is-config="true" duration-ms="671" started-at="2020-01-07T05:16:34Z" finished-at="2020-01-07T05:16:35Z">
          <reporter-output>
          </reporter-output>
        </test-method> <!-- tearDown -->
        <test-method status="PASS" signature="setUp()[pri:0, instance:com.nse.test.NSEMainTest@100d6b1]" name="setUp" is-config="true" duration-ms="9387" started-at="2020-01-07T05:16:35Z" finished-at="2020-01-07T05:16:45Z">
          <reporter-output>
          </reporter-output>
        </test-method> <!-- setUp -->
        <test-method status="PASS" signature="callValuesTest(java.lang.String)[pri:0, instance:com.nse.test.NSEMainTest@100d6b1]" name="callValuesTest" duration-ms="10796" started-at="2020-01-07T05:16:45Z" data-provider="readTestData" finished-at="2020-01-07T05:16:55Z">
          <params>
            <param index="0">
              <value>
                <![CDATA[PETRONET]]>
              </value>
            </param>
          </params>
          <reporter-output>
          </reporter-output>
        </test-method> <!-- callValuesTest -->
        <test-method status="PASS" signature="tearDown()[pri:0, instance:com.nse.test.NSEMainTest@100d6b1]" name="tearDown" is-config="true" duration-ms="672" started-at="2020-01-07T05:16:55Z" finished-at="2020-01-07T05:16:56Z">
          <reporter-output>
          </reporter-output>
        </test-method> <!-- tearDown -->
        <test-method status="PASS" signature="setUp()[pri:0, instance:com.nse.test.NSEMainTest@100d6b1]" name="setUp" is-config="true" duration-ms="9366" started-at="2020-01-07T05:16:56Z" finished-at="2020-01-07T05:17:05Z">
          <reporter-output>
          </reporter-output>
        </test-method> <!-- setUp -->
        <test-method status="PASS" signature="callValuesTest(java.lang.String)[pri:0, instance:com.nse.test.NSEMainTest@100d6b1]" name="callValuesTest" duration-ms="8938" started-at="2020-01-07T05:17:05Z" data-provider="readTestData" finished-at="2020-01-07T05:17:14Z">
          <params>
            <param index="0">
              <value>
                <![CDATA[PFC]]>
              </value>
            </param>
          </params>
          <reporter-output>
          </reporter-output>
        </test-method> <!-- callValuesTest -->
        <test-method status="PASS" signature="tearDown()[pri:0, instance:com.nse.test.NSEMainTest@100d6b1]" name="tearDown" is-config="true" duration-ms="700" started-at="2020-01-07T05:17:14Z" finished-at="2020-01-07T05:17:15Z">
          <reporter-output>
          </reporter-output>
        </test-method> <!-- tearDown -->
        <test-method status="PASS" signature="setUp()[pri:0, instance:com.nse.test.NSEMainTest@100d6b1]" name="setUp" is-config="true" duration-ms="9331" started-at="2020-01-07T05:17:15Z" finished-at="2020-01-07T05:17:24Z">
          <reporter-output>
          </reporter-output>
        </test-method> <!-- setUp -->
        <test-method status="PASS" signature="callValuesTest(java.lang.String)[pri:0, instance:com.nse.test.NSEMainTest@100d6b1]" name="callValuesTest" duration-ms="8766" started-at="2020-01-07T05:17:24Z" data-provider="readTestData" finished-at="2020-01-07T05:17:33Z">
          <params>
            <param index="0">
              <value>
                <![CDATA[PIDILITIND]]>
              </value>
            </param>
          </params>
          <reporter-output>
          </reporter-output>
        </test-method> <!-- callValuesTest -->
        <test-method status="PASS" signature="tearDown()[pri:0, instance:com.nse.test.NSEMainTest@100d6b1]" name="tearDown" is-config="true" duration-ms="675" started-at="2020-01-07T05:17:33Z" finished-at="2020-01-07T05:17:34Z">
          <reporter-output>
          </reporter-output>
        </test-method> <!-- tearDown -->
        <test-method status="PASS" signature="setUp()[pri:0, instance:com.nse.test.NSEMainTest@100d6b1]" name="setUp" is-config="true" duration-ms="9296" started-at="2020-01-07T05:17:34Z" finished-at="2020-01-07T05:17:43Z">
          <reporter-output>
          </reporter-output>
        </test-method> <!-- setUp -->
        <test-method status="PASS" signature="callValuesTest(java.lang.String)[pri:0, instance:com.nse.test.NSEMainTest@100d6b1]" name="callValuesTest" duration-ms="9294" started-at="2020-01-07T05:17:43Z" data-provider="readTestData" finished-at="2020-01-07T05:17:52Z">
          <params>
            <param index="0">
              <value>
                <![CDATA[PNB]]>
              </value>
            </param>
          </params>
          <reporter-output>
          </reporter-output>
        </test-method> <!-- callValuesTest -->
        <test-method status="PASS" signature="tearDown()[pri:0, instance:com.nse.test.NSEMainTest@100d6b1]" name="tearDown" is-config="true" duration-ms="633" started-at="2020-01-07T05:17:52Z" finished-at="2020-01-07T05:17:53Z">
          <reporter-output>
          </reporter-output>
        </test-method> <!-- tearDown -->
        <test-method status="PASS" signature="setUp()[pri:0, instance:com.nse.test.NSEMainTest@100d6b1]" name="setUp" is-config="true" duration-ms="9345" started-at="2020-01-07T05:17:53Z" finished-at="2020-01-07T05:18:02Z">
          <reporter-output>
          </reporter-output>
        </test-method> <!-- setUp -->
        <test-method status="PASS" signature="callValuesTest(java.lang.String)[pri:0, instance:com.nse.test.NSEMainTest@100d6b1]" name="callValuesTest" duration-ms="8303" started-at="2020-01-07T05:18:02Z" data-provider="readTestData" finished-at="2020-01-07T05:18:11Z">
          <params>
            <param index="0">
              <value>
                <![CDATA[POWERGRID]]>
              </value>
            </param>
          </params>
          <reporter-output>
          </reporter-output>
        </test-method> <!-- callValuesTest -->
        <test-method status="PASS" signature="tearDown()[pri:0, instance:com.nse.test.NSEMainTest@100d6b1]" name="tearDown" is-config="true" duration-ms="674" started-at="2020-01-07T05:18:11Z" finished-at="2020-01-07T05:18:11Z">
          <reporter-output>
          </reporter-output>
        </test-method> <!-- tearDown -->
        <test-method status="PASS" signature="setUp()[pri:0, instance:com.nse.test.NSEMainTest@100d6b1]" name="setUp" is-config="true" duration-ms="9366" started-at="2020-01-07T05:18:11Z" finished-at="2020-01-07T05:18:21Z">
          <reporter-output>
          </reporter-output>
        </test-method> <!-- setUp -->
        <test-method status="PASS" signature="callValuesTest(java.lang.String)[pri:0, instance:com.nse.test.NSEMainTest@100d6b1]" name="callValuesTest" duration-ms="6718" started-at="2020-01-07T05:18:21Z" data-provider="readTestData" finished-at="2020-01-07T05:18:27Z">
          <params>
            <param index="0">
              <value>
                <![CDATA[PVR]]>
              </value>
            </param>
          </params>
          <reporter-output>
          </reporter-output>
        </test-method> <!-- callValuesTest -->
        <test-method status="PASS" signature="tearDown()[pri:0, instance:com.nse.test.NSEMainTest@100d6b1]" name="tearDown" is-config="true" duration-ms="646" started-at="2020-01-07T05:18:27Z" finished-at="2020-01-07T05:18:28Z">
          <reporter-output>
          </reporter-output>
        </test-method> <!-- tearDown -->
        <test-method status="PASS" signature="setUp()[pri:0, instance:com.nse.test.NSEMainTest@100d6b1]" name="setUp" is-config="true" duration-ms="9291" started-at="2020-01-07T05:18:28Z" finished-at="2020-01-07T05:18:37Z">
          <reporter-output>
          </reporter-output>
        </test-method> <!-- setUp -->
        <test-method status="FAIL" signature="callValuesTest(java.lang.String)[pri:0, instance:com.nse.test.NSEMainTest@100d6b1]" name="callValuesTest" duration-ms="6184" started-at="2020-01-07T05:18:37Z" data-provider="readTestData" finished-at="2020-01-07T05:18:44Z">
          <params>
            <param index="0">
              <value>
                <![CDATA[RAMCOCEM]]>
              </value>
            </param>
          </params>
          <exception class="java.lang.NumberFormatException">
            <message>
              <![CDATA[For input string: "-"]]>
            </message>
            <full-stacktrace>
              <![CDATA[java.lang.NumberFormatException: For input string: "-"
at sun.misc.FloatingDecimal.readJavaFormatString(FloatingDecimal.java:2043)
at sun.misc.FloatingDecimal.parseFloat(FloatingDecimal.java:122)
at java.lang.Float.parseFloat(Float.java:451)
at com.nse.pages.NSEMainPage.getCallLTPValue(NSEMainPage.java:117)
at com.nse.test.NSEMainTest.callValuesTest(NSEMainTest.java:64)
at sun.reflect.GeneratedMethodAccessor5.invoke(Unknown Source)
at sun.reflect.DelegatingMethodAccessorImpl.invoke(DelegatingMethodAccessorImpl.java:43)
at java.lang.reflect.Method.invoke(Method.java:498)
at org.testng.internal.MethodInvocationHelper.invokeMethod(MethodInvocationHelper.java:124)
at org.testng.internal.Invoker.invokeMethod(Invoker.java:583)
at org.testng.internal.Invoker.invokeTestMethod(Invoker.java:719)
at org.testng.internal.Invoker.invokeTestMethods(Invoker.java:989)
at org.testng.internal.TestMethodWorker.invokeTestMethods(TestMethodWorker.java:125)
at org.testng.internal.TestMethodWorker.run(TestMethodWorker.java:109)
at org.testng.TestRunner.privateRun(TestRunner.java:648)
at org.testng.TestRunner.run(TestRunner.java:505)
at org.testng.SuiteRunner.runTest(SuiteRunner.java:455)
at org.testng.SuiteRunner.runSequentially(SuiteRunner.java:450)
at org.testng.SuiteRunner.privateRun(SuiteRunner.java:415)
at org.testng.SuiteRunner.run(SuiteRunner.java:364)
at org.testng.SuiteRunnerWorker.runSuite(SuiteRunnerWorker.java:52)
at org.testng.SuiteRunnerWorker.run(SuiteRunnerWorker.java:84)
at org.testng.TestNG.runSuitesSequentially(TestNG.java:1208)
at org.testng.TestNG.runSuitesLocally(TestNG.java:1137)
at org.testng.TestNG.runSuites(TestNG.java:1049)
at org.testng.TestNG.run(TestNG.java:1017)
at org.testng.remote.AbstractRemoteTestNG.run(AbstractRemoteTestNG.java:114)
at org.testng.remote.RemoteTestNG.initAndRun(RemoteTestNG.java:251)
at org.testng.remote.RemoteTestNG.main(RemoteTestNG.java:77)
]]>
            </full-stacktrace>
          </exception> <!-- java.lang.NumberFormatException -->
          <reporter-output>
          </reporter-output>
        </test-method> <!-- callValuesTest -->
        <test-method status="PASS" signature="tearDown()[pri:0, instance:com.nse.test.NSEMainTest@100d6b1]" name="tearDown" is-config="true" duration-ms="625" started-at="2020-01-07T05:18:44Z" finished-at="2020-01-07T05:18:44Z">
          <reporter-output>
          </reporter-output>
        </test-method> <!-- tearDown -->
        <test-method status="PASS" signature="setUp()[pri:0, instance:com.nse.test.NSEMainTest@100d6b1]" name="setUp" is-config="true" duration-ms="9337" started-at="2020-01-07T05:18:44Z" finished-at="2020-01-07T05:18:53Z">
          <reporter-output>
          </reporter-output>
        </test-method> <!-- setUp -->
        <test-method status="PASS" signature="callValuesTest(java.lang.String)[pri:0, instance:com.nse.test.NSEMainTest@100d6b1]" name="callValuesTest" duration-ms="7002" started-at="2020-01-07T05:18:53Z" data-provider="readTestData" finished-at="2020-01-07T05:19:00Z">
          <params>
            <param index="0">
              <value>
                <![CDATA[RBLBANK]]>
              </value>
            </param>
          </params>
          <reporter-output>
          </reporter-output>
        </test-method> <!-- callValuesTest -->
        <test-method status="PASS" signature="tearDown()[pri:0, instance:com.nse.test.NSEMainTest@100d6b1]" name="tearDown" is-config="true" duration-ms="665" started-at="2020-01-07T05:19:00Z" finished-at="2020-01-07T05:19:01Z">
          <reporter-output>
          </reporter-output>
        </test-method> <!-- tearDown -->
        <test-method status="PASS" signature="setUp()[pri:0, instance:com.nse.test.NSEMainTest@100d6b1]" name="setUp" is-config="true" duration-ms="9237" started-at="2020-01-07T05:19:01Z" finished-at="2020-01-07T05:19:10Z">
          <reporter-output>
          </reporter-output>
        </test-method> <!-- setUp -->
        <test-method status="PASS" signature="callValuesTest(java.lang.String)[pri:0, instance:com.nse.test.NSEMainTest@100d6b1]" name="callValuesTest" duration-ms="8489" started-at="2020-01-07T05:19:10Z" data-provider="readTestData" finished-at="2020-01-07T05:19:19Z">
          <params>
            <param index="0">
              <value>
                <![CDATA[RECLTD]]>
              </value>
            </param>
          </params>
          <reporter-output>
          </reporter-output>
        </test-method> <!-- callValuesTest -->
        <test-method status="PASS" signature="tearDown()[pri:0, instance:com.nse.test.NSEMainTest@100d6b1]" name="tearDown" is-config="true" duration-ms="633" started-at="2020-01-07T05:19:19Z" finished-at="2020-01-07T05:19:20Z">
          <reporter-output>
          </reporter-output>
        </test-method> <!-- tearDown -->
        <test-method status="PASS" signature="setUp()[pri:0, instance:com.nse.test.NSEMainTest@100d6b1]" name="setUp" is-config="true" duration-ms="9321" started-at="2020-01-07T05:19:20Z" finished-at="2020-01-07T05:19:29Z">
          <reporter-output>
          </reporter-output>
        </test-method> <!-- setUp -->
        <test-method status="PASS" signature="callValuesTest(java.lang.String)[pri:0, instance:com.nse.test.NSEMainTest@100d6b1]" name="callValuesTest" duration-ms="9354" started-at="2020-01-07T05:19:29Z" data-provider="readTestData" finished-at="2020-01-07T05:19:38Z">
          <params>
            <param index="0">
              <value>
                <![CDATA[RELIANCE]]>
              </value>
            </param>
          </params>
          <reporter-output>
          </reporter-output>
        </test-method> <!-- callValuesTest -->
        <test-method status="PASS" signature="tearDown()[pri:0, instance:com.nse.test.NSEMainTest@100d6b1]" name="tearDown" is-config="true" duration-ms="650" started-at="2020-01-07T05:19:38Z" finished-at="2020-01-07T05:19:39Z">
          <reporter-output>
          </reporter-output>
        </test-method> <!-- tearDown -->
        <test-method status="PASS" signature="setUp()[pri:0, instance:com.nse.test.NSEMainTest@100d6b1]" name="setUp" is-config="true" duration-ms="9296" started-at="2020-01-07T05:19:39Z" finished-at="2020-01-07T05:19:48Z">
          <reporter-output>
          </reporter-output>
        </test-method> <!-- setUp -->
        <test-method status="PASS" signature="callValuesTest(java.lang.String)[pri:0, instance:com.nse.test.NSEMainTest@100d6b1]" name="callValuesTest" duration-ms="8170" started-at="2020-01-07T05:19:48Z" data-provider="readTestData" finished-at="2020-01-07T05:19:56Z">
          <params>
            <param index="0">
              <value>
                <![CDATA[SAIL]]>
              </value>
            </param>
          </params>
          <reporter-output>
          </reporter-output>
        </test-method> <!-- callValuesTest -->
        <test-method status="PASS" signature="tearDown()[pri:0, instance:com.nse.test.NSEMainTest@100d6b1]" name="tearDown" is-config="true" duration-ms="1190" started-at="2020-01-07T05:19:56Z" finished-at="2020-01-07T05:19:58Z">
          <reporter-output>
          </reporter-output>
        </test-method> <!-- tearDown -->
        <test-method status="PASS" signature="setUp()[pri:0, instance:com.nse.test.NSEMainTest@100d6b1]" name="setUp" is-config="true" duration-ms="10398" started-at="2020-01-07T05:19:58Z" finished-at="2020-01-07T05:20:08Z">
          <reporter-output>
          </reporter-output>
        </test-method> <!-- setUp -->
        <test-method status="PASS" signature="callValuesTest(java.lang.String)[pri:0, instance:com.nse.test.NSEMainTest@100d6b1]" name="callValuesTest" duration-ms="7492" started-at="2020-01-07T05:20:08Z" data-provider="readTestData" finished-at="2020-01-07T05:20:15Z">
          <params>
            <param index="0">
              <value>
                <![CDATA[SBIN]]>
              </value>
            </param>
          </params>
          <reporter-output>
          </reporter-output>
        </test-method> <!-- callValuesTest -->
        <test-method status="PASS" signature="tearDown()[pri:0, instance:com.nse.test.NSEMainTest@100d6b1]" name="tearDown" is-config="true" duration-ms="739" started-at="2020-01-07T05:20:15Z" finished-at="2020-01-07T05:20:16Z">
          <reporter-output>
          </reporter-output>
        </test-method> <!-- tearDown -->
        <test-method status="PASS" signature="setUp()[pri:0, instance:com.nse.test.NSEMainTest@100d6b1]" name="setUp" is-config="true" duration-ms="9337" started-at="2020-01-07T05:20:16Z" finished-at="2020-01-07T05:20:25Z">
          <reporter-output>
          </reporter-output>
        </test-method> <!-- setUp -->
        <test-method status="FAIL" signature="callValuesTest(java.lang.String)[pri:0, instance:com.nse.test.NSEMainTest@100d6b1]" name="callValuesTest" duration-ms="6999" started-at="2020-01-07T05:20:25Z" data-provider="readTestData" finished-at="2020-01-07T05:20:32Z">
          <params>
            <param index="0">
              <value>
                <![CDATA[SHREECEM]]>
              </value>
            </param>
          </params>
          <exception class="java.lang.NumberFormatException">
            <message>
              <![CDATA[For input string: "-"]]>
            </message>
            <full-stacktrace>
              <![CDATA[java.lang.NumberFormatException: For input string: "-"
at sun.misc.FloatingDecimal.readJavaFormatString(FloatingDecimal.java:2043)
at sun.misc.FloatingDecimal.parseFloat(FloatingDecimal.java:122)
at java.lang.Float.parseFloat(Float.java:451)
at com.nse.pages.NSEMainPage.getCallLTPValue(NSEMainPage.java:117)
at com.nse.test.NSEMainTest.callValuesTest(NSEMainTest.java:64)
at sun.reflect.GeneratedMethodAccessor5.invoke(Unknown Source)
at sun.reflect.DelegatingMethodAccessorImpl.invoke(DelegatingMethodAccessorImpl.java:43)
at java.lang.reflect.Method.invoke(Method.java:498)
at org.testng.internal.MethodInvocationHelper.invokeMethod(MethodInvocationHelper.java:124)
at org.testng.internal.Invoker.invokeMethod(Invoker.java:583)
at org.testng.internal.Invoker.invokeTestMethod(Invoker.java:719)
at org.testng.internal.Invoker.invokeTestMethods(Invoker.java:989)
at org.testng.internal.TestMethodWorker.invokeTestMethods(TestMethodWorker.java:125)
at org.testng.internal.TestMethodWorker.run(TestMethodWorker.java:109)
at org.testng.TestRunner.privateRun(TestRunner.java:648)
at org.testng.TestRunner.run(TestRunner.java:505)
at org.testng.SuiteRunner.runTest(SuiteRunner.java:455)
at org.testng.SuiteRunner.runSequentially(SuiteRunner.java:450)
at org.testng.SuiteRunner.privateRun(SuiteRunner.java:415)
at org.testng.SuiteRunner.run(SuiteRunner.java:364)
at org.testng.SuiteRunnerWorker.runSuite(SuiteRunnerWorker.java:52)
at org.testng.SuiteRunnerWorker.run(SuiteRunnerWorker.java:84)
at org.testng.TestNG.runSuitesSequentially(TestNG.java:1208)
at org.testng.TestNG.runSuitesLocally(TestNG.java:1137)
at org.testng.TestNG.runSuites(TestNG.java:1049)
at org.testng.TestNG.run(TestNG.java:1017)
at org.testng.remote.AbstractRemoteTestNG.run(AbstractRemoteTestNG.java:114)
at org.testng.remote.RemoteTestNG.initAndRun(RemoteTestNG.java:251)
at org.testng.remote.RemoteTestNG.main(RemoteTestNG.java:77)
]]>
            </full-stacktrace>
          </exception> <!-- java.lang.NumberFormatException -->
          <reporter-output>
          </reporter-output>
        </test-method> <!-- callValuesTest -->
        <test-method status="PASS" signature="tearDown()[pri:0, instance:com.nse.test.NSEMainTest@100d6b1]" name="tearDown" is-config="true" duration-ms="640" started-at="2020-01-07T05:20:32Z" finished-at="2020-01-07T05:20:33Z">
          <reporter-output>
          </reporter-output>
        </test-method> <!-- tearDown -->
        <test-method status="PASS" signature="setUp()[pri:0, instance:com.nse.test.NSEMainTest@100d6b1]" name="setUp" is-config="true" duration-ms="9324" started-at="2020-01-07T05:20:33Z" finished-at="2020-01-07T05:20:42Z">
          <reporter-output>
          </reporter-output>
        </test-method> <!-- setUp -->
        <test-method status="PASS" signature="callValuesTest(java.lang.String)[pri:0, instance:com.nse.test.NSEMainTest@100d6b1]" name="callValuesTest" duration-ms="8631" started-at="2020-01-07T05:20:42Z" data-provider="readTestData" finished-at="2020-01-07T05:20:51Z">
          <params>
            <param index="0">
              <value>
                <![CDATA[SIEMENS]]>
              </value>
            </param>
          </params>
          <reporter-output>
          </reporter-output>
        </test-method> <!-- callValuesTest -->
        <test-method status="PASS" signature="tearDown()[pri:0, instance:com.nse.test.NSEMainTest@100d6b1]" name="tearDown" is-config="true" duration-ms="646" started-at="2020-01-07T05:20:51Z" finished-at="2020-01-07T05:20:52Z">
          <reporter-output>
          </reporter-output>
        </test-method> <!-- tearDown -->
        <test-method status="PASS" signature="setUp()[pri:0, instance:com.nse.test.NSEMainTest@100d6b1]" name="setUp" is-config="true" duration-ms="9340" started-at="2020-01-07T05:20:52Z" finished-at="2020-01-07T05:21:01Z">
          <reporter-output>
          </reporter-output>
        </test-method> <!-- setUp -->
        <test-method status="PASS" signature="callValuesTest(java.lang.String)[pri:0, instance:com.nse.test.NSEMainTest@100d6b1]" name="callValuesTest" duration-ms="8116" started-at="2020-01-07T05:21:01Z" data-provider="readTestData" finished-at="2020-01-07T05:21:09Z">
          <params>
            <param index="0">
              <value>
                <![CDATA[SRF]]>
              </value>
            </param>
          </params>
          <reporter-output>
          </reporter-output>
        </test-method> <!-- callValuesTest -->
        <test-method status="PASS" signature="tearDown()[pri:0, instance:com.nse.test.NSEMainTest@100d6b1]" name="tearDown" is-config="true" duration-ms="662" started-at="2020-01-07T05:21:09Z" finished-at="2020-01-07T05:21:10Z">
          <reporter-output>
          </reporter-output>
        </test-method> <!-- tearDown -->
        <test-method status="PASS" signature="setUp()[pri:0, instance:com.nse.test.NSEMainTest@100d6b1]" name="setUp" is-config="true" duration-ms="9358" started-at="2020-01-07T05:21:10Z" finished-at="2020-01-07T05:21:19Z">
          <reporter-output>
          </reporter-output>
        </test-method> <!-- setUp -->
        <test-method status="PASS" signature="callValuesTest(java.lang.String)[pri:0, instance:com.nse.test.NSEMainTest@100d6b1]" name="callValuesTest" duration-ms="8800" started-at="2020-01-07T05:21:19Z" data-provider="readTestData" finished-at="2020-01-07T05:21:28Z">
          <params>
            <param index="0">
              <value>
                <![CDATA[SRTRANSFIN]]>
              </value>
            </param>
          </params>
          <reporter-output>
          </reporter-output>
        </test-method> <!-- callValuesTest -->
        <test-method status="PASS" signature="tearDown()[pri:0, instance:com.nse.test.NSEMainTest@100d6b1]" name="tearDown" is-config="true" duration-ms="634" started-at="2020-01-07T05:21:28Z" finished-at="2020-01-07T05:21:29Z">
          <reporter-output>
          </reporter-output>
        </test-method> <!-- tearDown -->
        <test-method status="PASS" signature="setUp()[pri:0, instance:com.nse.test.NSEMainTest@100d6b1]" name="setUp" is-config="true" duration-ms="9348" started-at="2020-01-07T05:21:29Z" finished-at="2020-01-07T05:21:38Z">
          <reporter-output>
          </reporter-output>
        </test-method> <!-- setUp -->
        <test-method status="PASS" signature="callValuesTest(java.lang.String)[pri:0, instance:com.nse.test.NSEMainTest@100d6b1]" name="callValuesTest" duration-ms="8217" started-at="2020-01-07T05:21:38Z" data-provider="readTestData" finished-at="2020-01-07T05:21:46Z">
          <params>
            <param index="0">
              <value>
                <![CDATA[SUNPHARMA]]>
              </value>
            </param>
          </params>
          <reporter-output>
          </reporter-output>
        </test-method> <!-- callValuesTest -->
        <test-method status="PASS" signature="tearDown()[pri:0, instance:com.nse.test.NSEMainTest@100d6b1]" name="tearDown" is-config="true" duration-ms="668" started-at="2020-01-07T05:21:46Z" finished-at="2020-01-07T05:21:47Z">
          <reporter-output>
          </reporter-output>
        </test-method> <!-- tearDown -->
        <test-method status="PASS" signature="setUp()[pri:0, instance:com.nse.test.NSEMainTest@100d6b1]" name="setUp" is-config="true" duration-ms="9348" started-at="2020-01-07T05:21:47Z" finished-at="2020-01-07T05:21:56Z">
          <reporter-output>
          </reporter-output>
        </test-method> <!-- setUp -->
        <test-method status="PASS" signature="callValuesTest(java.lang.String)[pri:0, instance:com.nse.test.NSEMainTest@100d6b1]" name="callValuesTest" duration-ms="8016" started-at="2020-01-07T05:21:56Z" data-provider="readTestData" finished-at="2020-01-07T05:22:04Z">
          <params>
            <param index="0">
              <value>
                <![CDATA[SUNTV]]>
              </value>
            </param>
          </params>
          <reporter-output>
          </reporter-output>
        </test-method> <!-- callValuesTest -->
        <test-method status="PASS" signature="tearDown()[pri:0, instance:com.nse.test.NSEMainTest@100d6b1]" name="tearDown" is-config="true" duration-ms="635" started-at="2020-01-07T05:22:04Z" finished-at="2020-01-07T05:22:05Z">
          <reporter-output>
          </reporter-output>
        </test-method> <!-- tearDown -->
        <test-method status="PASS" signature="setUp()[pri:0, instance:com.nse.test.NSEMainTest@100d6b1]" name="setUp" is-config="true" duration-ms="9342" started-at="2020-01-07T05:22:05Z" finished-at="2020-01-07T05:22:14Z">
          <reporter-output>
          </reporter-output>
        </test-method> <!-- setUp -->
        <test-method status="PASS" signature="callValuesTest(java.lang.String)[pri:0, instance:com.nse.test.NSEMainTest@100d6b1]" name="callValuesTest" duration-ms="7126" started-at="2020-01-07T05:22:14Z" data-provider="readTestData" finished-at="2020-01-07T05:22:21Z">
          <params>
            <param index="0">
              <value>
                <![CDATA[TATACHEM]]>
              </value>
            </param>
          </params>
          <reporter-output>
          </reporter-output>
        </test-method> <!-- callValuesTest -->
        <test-method status="PASS" signature="tearDown()[pri:0, instance:com.nse.test.NSEMainTest@100d6b1]" name="tearDown" is-config="true" duration-ms="672" started-at="2020-01-07T05:22:21Z" finished-at="2020-01-07T05:22:22Z">
          <reporter-output>
          </reporter-output>
        </test-method> <!-- tearDown -->
        <test-method status="PASS" signature="setUp()[pri:0, instance:com.nse.test.NSEMainTest@100d6b1]" name="setUp" is-config="true" duration-ms="9356" started-at="2020-01-07T05:22:22Z" finished-at="2020-01-07T05:22:31Z">
          <reporter-output>
          </reporter-output>
        </test-method> <!-- setUp -->
        <test-method status="PASS" signature="callValuesTest(java.lang.String)[pri:0, instance:com.nse.test.NSEMainTest@100d6b1]" name="callValuesTest" duration-ms="9062" started-at="2020-01-07T05:22:31Z" data-provider="readTestData" finished-at="2020-01-07T05:22:40Z">
          <params>
            <param index="0">
              <value>
                <![CDATA[TATAGLOBAL]]>
              </value>
            </param>
          </params>
          <reporter-output>
          </reporter-output>
        </test-method> <!-- callValuesTest -->
        <test-method status="PASS" signature="tearDown()[pri:0, instance:com.nse.test.NSEMainTest@100d6b1]" name="tearDown" is-config="true" duration-ms="683" started-at="2020-01-07T05:22:40Z" finished-at="2020-01-07T05:22:41Z">
          <reporter-output>
          </reporter-output>
        </test-method> <!-- tearDown -->
        <test-method status="PASS" signature="setUp()[pri:0, instance:com.nse.test.NSEMainTest@100d6b1]" name="setUp" is-config="true" duration-ms="9461" started-at="2020-01-07T05:22:41Z" finished-at="2020-01-07T05:22:51Z">
          <reporter-output>
          </reporter-output>
        </test-method> <!-- setUp -->
        <test-method status="PASS" signature="callValuesTest(java.lang.String)[pri:0, instance:com.nse.test.NSEMainTest@100d6b1]" name="callValuesTest" duration-ms="7884" started-at="2020-01-07T05:22:51Z" data-provider="readTestData" finished-at="2020-01-07T05:22:58Z">
          <params>
            <param index="0">
              <value>
                <![CDATA[TATAMOTORS]]>
              </value>
            </param>
          </params>
          <reporter-output>
          </reporter-output>
        </test-method> <!-- callValuesTest -->
        <test-method status="PASS" signature="tearDown()[pri:0, instance:com.nse.test.NSEMainTest@100d6b1]" name="tearDown" is-config="true" duration-ms="686" started-at="2020-01-07T05:22:58Z" finished-at="2020-01-07T05:22:59Z">
          <reporter-output>
          </reporter-output>
        </test-method> <!-- tearDown -->
        <test-method status="PASS" signature="setUp()[pri:0, instance:com.nse.test.NSEMainTest@100d6b1]" name="setUp" is-config="true" duration-ms="9335" started-at="2020-01-07T05:22:59Z" finished-at="2020-01-07T05:23:08Z">
          <reporter-output>
          </reporter-output>
        </test-method> <!-- setUp -->
        <test-method status="FAIL" signature="callValuesTest(java.lang.String)[pri:0, instance:com.nse.test.NSEMainTest@100d6b1]" name="callValuesTest" duration-ms="8054" started-at="2020-01-07T05:23:08Z" data-provider="readTestData" finished-at="2020-01-07T05:23:17Z">
          <params>
            <param index="0">
              <value>
                <![CDATA[TATAMTRDVR]]>
              </value>
            </param>
          </params>
          <exception class="java.lang.NumberFormatException">
            <message>
              <![CDATA[For input string: "-"]]>
            </message>
            <full-stacktrace>
              <![CDATA[java.lang.NumberFormatException: For input string: "-"
at sun.misc.FloatingDecimal.readJavaFormatString(FloatingDecimal.java:2043)
at sun.misc.FloatingDecimal.parseFloat(FloatingDecimal.java:122)
at java.lang.Float.parseFloat(Float.java:451)
at com.nse.pages.NSEMainPage.getPutLTPValue(NSEMainPage.java:125)
at com.nse.test.NSEMainTest.callValuesTest(NSEMainTest.java:65)
at sun.reflect.GeneratedMethodAccessor5.invoke(Unknown Source)
at sun.reflect.DelegatingMethodAccessorImpl.invoke(DelegatingMethodAccessorImpl.java:43)
at java.lang.reflect.Method.invoke(Method.java:498)
at org.testng.internal.MethodInvocationHelper.invokeMethod(MethodInvocationHelper.java:124)
at org.testng.internal.Invoker.invokeMethod(Invoker.java:583)
at org.testng.internal.Invoker.invokeTestMethod(Invoker.java:719)
at org.testng.internal.Invoker.invokeTestMethods(Invoker.java:989)
at org.testng.internal.TestMethodWorker.invokeTestMethods(TestMethodWorker.java:125)
at org.testng.internal.TestMethodWorker.run(TestMethodWorker.java:109)
at org.testng.TestRunner.privateRun(TestRunner.java:648)
at org.testng.TestRunner.run(TestRunner.java:505)
at org.testng.SuiteRunner.runTest(SuiteRunner.java:455)
at org.testng.SuiteRunner.runSequentially(SuiteRunner.java:450)
at org.testng.SuiteRunner.privateRun(SuiteRunner.java:415)
at org.testng.SuiteRunner.run(SuiteRunner.java:364)
at org.testng.SuiteRunnerWorker.runSuite(SuiteRunnerWorker.java:52)
at org.testng.SuiteRunnerWorker.run(SuiteRunnerWorker.java:84)
at org.testng.TestNG.runSuitesSequentially(TestNG.java:1208)
at org.testng.TestNG.runSuitesLocally(TestNG.java:1137)
at org.testng.TestNG.runSuites(TestNG.java:1049)
at org.testng.TestNG.run(TestNG.java:1017)
at org.testng.remote.AbstractRemoteTestNG.run(AbstractRemoteTestNG.java:114)
at org.testng.remote.RemoteTestNG.initAndRun(RemoteTestNG.java:251)
at org.testng.remote.RemoteTestNG.main(RemoteTestNG.java:77)
]]>
            </full-stacktrace>
          </exception> <!-- java.lang.NumberFormatException -->
          <reporter-output>
          </reporter-output>
        </test-method> <!-- callValuesTest -->
        <test-method status="PASS" signature="tearDown()[pri:0, instance:com.nse.test.NSEMainTest@100d6b1]" name="tearDown" is-config="true" duration-ms="630" started-at="2020-01-07T05:23:17Z" finished-at="2020-01-07T05:23:17Z">
          <reporter-output>
          </reporter-output>
        </test-method> <!-- tearDown -->
        <test-method status="PASS" signature="setUp()[pri:0, instance:com.nse.test.NSEMainTest@100d6b1]" name="setUp" is-config="true" duration-ms="9281" started-at="2020-01-07T05:23:17Z" finished-at="2020-01-07T05:23:26Z">
          <reporter-output>
          </reporter-output>
        </test-method> <!-- setUp -->
        <test-method status="PASS" signature="callValuesTest(java.lang.String)[pri:0, instance:com.nse.test.NSEMainTest@100d6b1]" name="callValuesTest" duration-ms="10288" started-at="2020-01-07T05:23:26Z" data-provider="readTestData" finished-at="2020-01-07T05:23:37Z">
          <params>
            <param index="0">
              <value>
                <![CDATA[TATAPOWER]]>
              </value>
            </param>
          </params>
          <reporter-output>
          </reporter-output>
        </test-method> <!-- callValuesTest -->
        <test-method status="PASS" signature="tearDown()[pri:0, instance:com.nse.test.NSEMainTest@100d6b1]" name="tearDown" is-config="true" duration-ms="647" started-at="2020-01-07T05:23:37Z" finished-at="2020-01-07T05:23:37Z">
          <reporter-output>
          </reporter-output>
        </test-method> <!-- tearDown -->
        <test-method status="PASS" signature="setUp()[pri:0, instance:com.nse.test.NSEMainTest@100d6b1]" name="setUp" is-config="true" duration-ms="9272" started-at="2020-01-07T05:23:37Z" finished-at="2020-01-07T05:23:47Z">
          <reporter-output>
          </reporter-output>
        </test-method> <!-- setUp -->
        <test-method status="PASS" signature="callValuesTest(java.lang.String)[pri:0, instance:com.nse.test.NSEMainTest@100d6b1]" name="callValuesTest" duration-ms="8883" started-at="2020-01-07T05:23:47Z" data-provider="readTestData" finished-at="2020-01-07T05:23:56Z">
          <params>
            <param index="0">
              <value>
                <![CDATA[TATASTEEL]]>
              </value>
            </param>
          </params>
          <reporter-output>
          </reporter-output>
        </test-method> <!-- callValuesTest -->
        <test-method status="PASS" signature="tearDown()[pri:0, instance:com.nse.test.NSEMainTest@100d6b1]" name="tearDown" is-config="true" duration-ms="686" started-at="2020-01-07T05:23:56Z" finished-at="2020-01-07T05:23:56Z">
          <reporter-output>
          </reporter-output>
        </test-method> <!-- tearDown -->
        <test-method status="PASS" signature="setUp()[pri:0, instance:com.nse.test.NSEMainTest@100d6b1]" name="setUp" is-config="true" duration-ms="9325" started-at="2020-01-07T05:23:56Z" finished-at="2020-01-07T05:24:06Z">
          <reporter-output>
          </reporter-output>
        </test-method> <!-- setUp -->
        <test-method status="PASS" signature="callValuesTest(java.lang.String)[pri:0, instance:com.nse.test.NSEMainTest@100d6b1]" name="callValuesTest" duration-ms="7728" started-at="2020-01-07T05:24:06Z" data-provider="readTestData" finished-at="2020-01-07T05:24:13Z">
          <params>
            <param index="0">
              <value>
                <![CDATA[TCS]]>
              </value>
            </param>
          </params>
          <reporter-output>
          </reporter-output>
        </test-method> <!-- callValuesTest -->
        <test-method status="PASS" signature="tearDown()[pri:0, instance:com.nse.test.NSEMainTest@100d6b1]" name="tearDown" is-config="true" duration-ms="664" started-at="2020-01-07T05:24:13Z" finished-at="2020-01-07T05:24:14Z">
          <reporter-output>
          </reporter-output>
        </test-method> <!-- tearDown -->
        <test-method status="PASS" signature="setUp()[pri:0, instance:com.nse.test.NSEMainTest@100d6b1]" name="setUp" is-config="true" duration-ms="9356" started-at="2020-01-07T05:24:14Z" finished-at="2020-01-07T05:24:23Z">
          <reporter-output>
          </reporter-output>
        </test-method> <!-- setUp -->
        <test-method status="PASS" signature="callValuesTest(java.lang.String)[pri:0, instance:com.nse.test.NSEMainTest@100d6b1]" name="callValuesTest" duration-ms="11958" started-at="2020-01-07T05:24:23Z" data-provider="readTestData" finished-at="2020-01-07T05:24:35Z">
          <params>
            <param index="0">
              <value>
                <![CDATA[TECHM]]>
              </value>
            </param>
          </params>
          <reporter-output>
          </reporter-output>
        </test-method> <!-- callValuesTest -->
        <test-method status="PASS" signature="tearDown()[pri:0, instance:com.nse.test.NSEMainTest@100d6b1]" name="tearDown" is-config="true" duration-ms="670" started-at="2020-01-07T05:24:35Z" finished-at="2020-01-07T05:24:36Z">
          <reporter-output>
          </reporter-output>
        </test-method> <!-- tearDown -->
        <test-method status="PASS" signature="setUp()[pri:0, instance:com.nse.test.NSEMainTest@100d6b1]" name="setUp" is-config="true" duration-ms="9321" started-at="2020-01-07T05:24:36Z" finished-at="2020-01-07T05:24:45Z">
          <reporter-output>
          </reporter-output>
        </test-method> <!-- setUp -->
        <test-method status="PASS" signature="callValuesTest(java.lang.String)[pri:0, instance:com.nse.test.NSEMainTest@100d6b1]" name="callValuesTest" duration-ms="8534" started-at="2020-01-07T05:24:45Z" data-provider="readTestData" finished-at="2020-01-07T05:24:54Z">
          <params>
            <param index="0">
              <value>
                <![CDATA[TITAN]]>
              </value>
            </param>
          </params>
          <reporter-output>
          </reporter-output>
        </test-method> <!-- callValuesTest -->
        <test-method status="PASS" signature="tearDown()[pri:0, instance:com.nse.test.NSEMainTest@100d6b1]" name="tearDown" is-config="true" duration-ms="652" started-at="2020-01-07T05:24:54Z" finished-at="2020-01-07T05:24:54Z">
          <reporter-output>
          </reporter-output>
        </test-method> <!-- tearDown -->
        <test-method status="PASS" signature="setUp()[pri:0, instance:com.nse.test.NSEMainTest@100d6b1]" name="setUp" is-config="true" duration-ms="9263" started-at="2020-01-07T05:24:54Z" finished-at="2020-01-07T05:25:04Z">
          <reporter-output>
          </reporter-output>
        </test-method> <!-- setUp -->
        <test-method status="FAIL" signature="callValuesTest(java.lang.String)[pri:0, instance:com.nse.test.NSEMainTest@100d6b1]" name="callValuesTest" duration-ms="7700" started-at="2020-01-07T05:25:04Z" data-provider="readTestData" finished-at="2020-01-07T05:25:11Z">
          <params>
            <param index="0">
              <value>
                <![CDATA[TORNTPHARM]]>
              </value>
            </param>
          </params>
          <exception class="java.lang.NumberFormatException">
            <message>
              <![CDATA[For input string: "-"]]>
            </message>
            <full-stacktrace>
              <![CDATA[java.lang.NumberFormatException: For input string: "-"
at sun.misc.FloatingDecimal.readJavaFormatString(FloatingDecimal.java:2043)
at sun.misc.FloatingDecimal.parseFloat(FloatingDecimal.java:122)
at java.lang.Float.parseFloat(Float.java:451)
at com.nse.pages.NSEMainPage.getCallLTPValue(NSEMainPage.java:117)
at com.nse.test.NSEMainTest.callValuesTest(NSEMainTest.java:64)
at sun.reflect.GeneratedMethodAccessor5.invoke(Unknown Source)
at sun.reflect.DelegatingMethodAccessorImpl.invoke(DelegatingMethodAccessorImpl.java:43)
at java.lang.reflect.Method.invoke(Method.java:498)
at org.testng.internal.MethodInvocationHelper.invokeMethod(MethodInvocationHelper.java:124)
at org.testng.internal.Invoker.invokeMethod(Invoker.java:583)
at org.testng.internal.Invoker.invokeTestMethod(Invoker.java:719)
at org.testng.internal.Invoker.invokeTestMethods(Invoker.java:989)
at org.testng.internal.TestMethodWorker.invokeTestMethods(TestMethodWorker.java:125)
at org.testng.internal.TestMethodWorker.run(TestMethodWorker.java:109)
at org.testng.TestRunner.privateRun(TestRunner.java:648)
at org.testng.TestRunner.run(TestRunner.java:505)
at org.testng.SuiteRunner.runTest(SuiteRunner.java:455)
at org.testng.SuiteRunner.runSequentially(SuiteRunner.java:450)
at org.testng.SuiteRunner.privateRun(SuiteRunner.java:415)
at org.testng.SuiteRunner.run(SuiteRunner.java:364)
at org.testng.SuiteRunnerWorker.runSuite(SuiteRunnerWorker.java:52)
at org.testng.SuiteRunnerWorker.run(SuiteRunnerWorker.java:84)
at org.testng.TestNG.runSuitesSequentially(TestNG.java:1208)
at org.testng.TestNG.runSuitesLocally(TestNG.java:1137)
at org.testng.TestNG.runSuites(TestNG.java:1049)
at org.testng.TestNG.run(TestNG.java:1017)
at org.testng.remote.AbstractRemoteTestNG.run(AbstractRemoteTestNG.java:114)
at org.testng.remote.RemoteTestNG.initAndRun(RemoteTestNG.java:251)
at org.testng.remote.RemoteTestNG.main(RemoteTestNG.java:77)
]]>
            </full-stacktrace>
          </exception> <!-- java.lang.NumberFormatException -->
          <reporter-output>
          </reporter-output>
        </test-method> <!-- callValuesTest -->
        <test-method status="PASS" signature="tearDown()[pri:0, instance:com.nse.test.NSEMainTest@100d6b1]" name="tearDown" is-config="true" duration-ms="654" started-at="2020-01-07T05:25:11Z" finished-at="2020-01-07T05:25:12Z">
          <reporter-output>
          </reporter-output>
        </test-method> <!-- tearDown -->
        <test-method status="PASS" signature="setUp()[pri:0, instance:com.nse.test.NSEMainTest@100d6b1]" name="setUp" is-config="true" duration-ms="9300" started-at="2020-01-07T05:25:12Z" finished-at="2020-01-07T05:25:21Z">
          <reporter-output>
          </reporter-output>
        </test-method> <!-- setUp -->
        <test-method status="FAIL" signature="callValuesTest(java.lang.String)[pri:0, instance:com.nse.test.NSEMainTest@100d6b1]" name="callValuesTest" duration-ms="8820" started-at="2020-01-07T05:25:21Z" data-provider="readTestData" finished-at="2020-01-07T05:25:30Z">
          <params>
            <param index="0">
              <value>
                <![CDATA[TORNTPOWER]]>
              </value>
            </param>
          </params>
          <exception class="java.lang.NumberFormatException">
            <message>
              <![CDATA[For input string: "-"]]>
            </message>
            <full-stacktrace>
              <![CDATA[java.lang.NumberFormatException: For input string: "-"
at sun.misc.FloatingDecimal.readJavaFormatString(FloatingDecimal.java:2043)
at sun.misc.FloatingDecimal.parseFloat(FloatingDecimal.java:122)
at java.lang.Float.parseFloat(Float.java:451)
at com.nse.pages.NSEMainPage.getPutLTPValue(NSEMainPage.java:125)
at com.nse.test.NSEMainTest.callValuesTest(NSEMainTest.java:65)
at sun.reflect.GeneratedMethodAccessor5.invoke(Unknown Source)
at sun.reflect.DelegatingMethodAccessorImpl.invoke(DelegatingMethodAccessorImpl.java:43)
at java.lang.reflect.Method.invoke(Method.java:498)
at org.testng.internal.MethodInvocationHelper.invokeMethod(MethodInvocationHelper.java:124)
at org.testng.internal.Invoker.invokeMethod(Invoker.java:583)
at org.testng.internal.Invoker.invokeTestMethod(Invoker.java:719)
at org.testng.internal.Invoker.invokeTestMethods(Invoker.java:989)
at org.testng.internal.TestMethodWorker.invokeTestMethods(TestMethodWorker.java:125)
at org.testng.internal.TestMethodWorker.run(TestMethodWorker.java:109)
at org.testng.TestRunner.privateRun(TestRunner.java:648)
at org.testng.TestRunner.run(TestRunner.java:505)
at org.testng.SuiteRunner.runTest(SuiteRunner.java:455)
at org.testng.SuiteRunner.runSequentially(SuiteRunner.java:450)
at org.testng.SuiteRunner.privateRun(SuiteRunner.java:415)
at org.testng.SuiteRunner.run(SuiteRunner.java:364)
at org.testng.SuiteRunnerWorker.runSuite(SuiteRunnerWorker.java:52)
at org.testng.SuiteRunnerWorker.run(SuiteRunnerWorker.java:84)
at org.testng.TestNG.runSuitesSequentially(TestNG.java:1208)
at org.testng.TestNG.runSuitesLocally(TestNG.java:1137)
at org.testng.TestNG.runSuites(TestNG.java:1049)
at org.testng.TestNG.run(TestNG.java:1017)
at org.testng.remote.AbstractRemoteTestNG.run(AbstractRemoteTestNG.java:114)
at org.testng.remote.RemoteTestNG.initAndRun(RemoteTestNG.java:251)
at org.testng.remote.RemoteTestNG.main(RemoteTestNG.java:77)
]]>
            </full-stacktrace>
          </exception> <!-- java.lang.NumberFormatException -->
          <reporter-output>
          </reporter-output>
        </test-method> <!-- callValuesTest -->
        <test-method status="PASS" signature="tearDown()[pri:0, instance:com.nse.test.NSEMainTest@100d6b1]" name="tearDown" is-config="true" duration-ms="672" started-at="2020-01-07T05:25:30Z" finished-at="2020-01-07T05:25:31Z">
          <reporter-output>
          </reporter-output>
        </test-method> <!-- tearDown -->
        <test-method status="PASS" signature="setUp()[pri:0, instance:com.nse.test.NSEMainTest@100d6b1]" name="setUp" is-config="true" duration-ms="9358" started-at="2020-01-07T05:25:31Z" finished-at="2020-01-07T05:25:40Z">
          <reporter-output>
          </reporter-output>
        </test-method> <!-- setUp -->
        <test-method status="PASS" signature="callValuesTest(java.lang.String)[pri:0, instance:com.nse.test.NSEMainTest@100d6b1]" name="callValuesTest" duration-ms="7625" started-at="2020-01-07T05:25:40Z" data-provider="readTestData" finished-at="2020-01-07T05:25:48Z">
          <params>
            <param index="0">
              <value>
                <![CDATA[TVSMOTOR]]>
              </value>
            </param>
          </params>
          <reporter-output>
          </reporter-output>
        </test-method> <!-- callValuesTest -->
        <test-method status="PASS" signature="tearDown()[pri:0, instance:com.nse.test.NSEMainTest@100d6b1]" name="tearDown" is-config="true" duration-ms="723" started-at="2020-01-07T05:25:48Z" finished-at="2020-01-07T05:25:49Z">
          <reporter-output>
          </reporter-output>
        </test-method> <!-- tearDown -->
        <test-method status="PASS" signature="setUp()[pri:0, instance:com.nse.test.NSEMainTest@100d6b1]" name="setUp" is-config="true" duration-ms="9322" started-at="2020-01-07T05:25:49Z" finished-at="2020-01-07T05:25:58Z">
          <reporter-output>
          </reporter-output>
        </test-method> <!-- setUp -->
        <test-method status="PASS" signature="callValuesTest(java.lang.String)[pri:0, instance:com.nse.test.NSEMainTest@100d6b1]" name="callValuesTest" duration-ms="5929" started-at="2020-01-07T05:25:58Z" data-provider="readTestData" finished-at="2020-01-07T05:26:04Z">
          <params>
            <param index="0">
              <value>
                <![CDATA[UBL]]>
              </value>
            </param>
          </params>
          <reporter-output>
          </reporter-output>
        </test-method> <!-- callValuesTest -->
        <test-method status="PASS" signature="tearDown()[pri:0, instance:com.nse.test.NSEMainTest@100d6b1]" name="tearDown" is-config="true" duration-ms="673" started-at="2020-01-07T05:26:04Z" finished-at="2020-01-07T05:26:04Z">
          <reporter-output>
          </reporter-output>
        </test-method> <!-- tearDown -->
        <test-method status="PASS" signature="setUp()[pri:0, instance:com.nse.test.NSEMainTest@100d6b1]" name="setUp" is-config="true" duration-ms="9249" started-at="2020-01-07T05:26:04Z" finished-at="2020-01-07T05:26:14Z">
          <reporter-output>
          </reporter-output>
        </test-method> <!-- setUp -->
        <test-method status="PASS" signature="callValuesTest(java.lang.String)[pri:0, instance:com.nse.test.NSEMainTest@100d6b1]" name="callValuesTest" duration-ms="6366" started-at="2020-01-07T05:26:14Z" data-provider="readTestData" finished-at="2020-01-07T05:26:20Z">
          <params>
            <param index="0">
              <value>
                <![CDATA[UJJIVAN]]>
              </value>
            </param>
          </params>
          <reporter-output>
          </reporter-output>
        </test-method> <!-- callValuesTest -->
        <test-method status="PASS" signature="tearDown()[pri:0, instance:com.nse.test.NSEMainTest@100d6b1]" name="tearDown" is-config="true" duration-ms="668" started-at="2020-01-07T05:26:20Z" finished-at="2020-01-07T05:26:21Z">
          <reporter-output>
          </reporter-output>
        </test-method> <!-- tearDown -->
        <test-method status="PASS" signature="setUp()[pri:0, instance:com.nse.test.NSEMainTest@100d6b1]" name="setUp" is-config="true" duration-ms="9300" started-at="2020-01-07T05:26:21Z" finished-at="2020-01-07T05:26:30Z">
          <reporter-output>
          </reporter-output>
        </test-method> <!-- setUp -->
        <test-method status="PASS" signature="callValuesTest(java.lang.String)[pri:0, instance:com.nse.test.NSEMainTest@100d6b1]" name="callValuesTest" duration-ms="9795" started-at="2020-01-07T05:26:30Z" data-provider="readTestData" finished-at="2020-01-07T05:26:40Z">
          <params>
            <param index="0">
              <value>
                <![CDATA[ULTRACEMCO]]>
              </value>
            </param>
          </params>
          <reporter-output>
          </reporter-output>
        </test-method> <!-- callValuesTest -->
        <test-method status="PASS" signature="tearDown()[pri:0, instance:com.nse.test.NSEMainTest@100d6b1]" name="tearDown" is-config="true" duration-ms="664" started-at="2020-01-07T05:26:40Z" finished-at="2020-01-07T05:26:41Z">
          <reporter-output>
          </reporter-output>
        </test-method> <!-- tearDown -->
        <test-method status="PASS" signature="setUp()[pri:0, instance:com.nse.test.NSEMainTest@100d6b1]" name="setUp" is-config="true" duration-ms="9342" started-at="2020-01-07T05:26:41Z" finished-at="2020-01-07T05:26:50Z">
          <reporter-output>
          </reporter-output>
        </test-method> <!-- setUp -->
        <test-method status="PASS" signature="callValuesTest(java.lang.String)[pri:0, instance:com.nse.test.NSEMainTest@100d6b1]" name="callValuesTest" duration-ms="8553" started-at="2020-01-07T05:26:50Z" data-provider="readTestData" finished-at="2020-01-07T05:26:58Z">
          <params>
            <param index="0">
              <value>
                <![CDATA[UPL]]>
              </value>
            </param>
          </params>
          <reporter-output>
          </reporter-output>
        </test-method> <!-- callValuesTest -->
        <test-method status="PASS" signature="tearDown()[pri:0, instance:com.nse.test.NSEMainTest@100d6b1]" name="tearDown" is-config="true" duration-ms="662" started-at="2020-01-07T05:26:58Z" finished-at="2020-01-07T05:26:59Z">
          <reporter-output>
          </reporter-output>
        </test-method> <!-- tearDown -->
        <test-method status="PASS" signature="setUp()[pri:0, instance:com.nse.test.NSEMainTest@100d6b1]" name="setUp" is-config="true" duration-ms="9333" started-at="2020-01-07T05:26:59Z" finished-at="2020-01-07T05:27:08Z">
          <reporter-output>
          </reporter-output>
        </test-method> <!-- setUp -->
        <test-method status="PASS" signature="callValuesTest(java.lang.String)[pri:0, instance:com.nse.test.NSEMainTest@100d6b1]" name="callValuesTest" duration-ms="5934" started-at="2020-01-07T05:27:08Z" data-provider="readTestData" finished-at="2020-01-07T05:27:14Z">
          <params>
            <param index="0">
              <value>
                <![CDATA[VEDL]]>
              </value>
            </param>
          </params>
          <reporter-output>
          </reporter-output>
        </test-method> <!-- callValuesTest -->
        <test-method status="PASS" signature="tearDown()[pri:0, instance:com.nse.test.NSEMainTest@100d6b1]" name="tearDown" is-config="true" duration-ms="714" started-at="2020-01-07T05:27:14Z" finished-at="2020-01-07T05:27:15Z">
          <reporter-output>
          </reporter-output>
        </test-method> <!-- tearDown -->
        <test-method status="PASS" signature="setUp()[pri:0, instance:com.nse.test.NSEMainTest@100d6b1]" name="setUp" is-config="true" duration-ms="9307" started-at="2020-01-07T05:27:15Z" finished-at="2020-01-07T05:27:24Z">
          <reporter-output>
          </reporter-output>
        </test-method> <!-- setUp -->
        <test-method status="PASS" signature="callValuesTest(java.lang.String)[pri:0, instance:com.nse.test.NSEMainTest@100d6b1]" name="callValuesTest" duration-ms="8967" started-at="2020-01-07T05:27:24Z" data-provider="readTestData" finished-at="2020-01-07T05:27:33Z">
          <params>
            <param index="0">
              <value>
                <![CDATA[VOLTAS]]>
              </value>
            </param>
          </params>
          <reporter-output>
          </reporter-output>
        </test-method> <!-- callValuesTest -->
        <test-method status="PASS" signature="tearDown()[pri:0, instance:com.nse.test.NSEMainTest@100d6b1]" name="tearDown" is-config="true" duration-ms="671" started-at="2020-01-07T05:27:33Z" finished-at="2020-01-07T05:27:34Z">
          <reporter-output>
          </reporter-output>
        </test-method> <!-- tearDown -->
        <test-method status="PASS" signature="setUp()[pri:0, instance:com.nse.test.NSEMainTest@100d6b1]" name="setUp" is-config="true" duration-ms="9290" started-at="2020-01-07T05:27:34Z" finished-at="2020-01-07T05:27:43Z">
          <reporter-output>
          </reporter-output>
        </test-method> <!-- setUp -->
        <test-method status="PASS" signature="callValuesTest(java.lang.String)[pri:0, instance:com.nse.test.NSEMainTest@100d6b1]" name="callValuesTest" duration-ms="7648" started-at="2020-01-07T05:27:43Z" data-provider="readTestData" finished-at="2020-01-07T05:27:51Z">
          <params>
            <param index="0">
              <value>
                <![CDATA[WIPRO]]>
              </value>
            </param>
          </params>
          <reporter-output>
          </reporter-output>
        </test-method> <!-- callValuesTest -->
        <test-method status="PASS" signature="tearDown()[pri:0, instance:com.nse.test.NSEMainTest@100d6b1]" name="tearDown" is-config="true" duration-ms="675" started-at="2020-01-07T05:27:51Z" finished-at="2020-01-07T05:27:52Z">
          <reporter-output>
          </reporter-output>
        </test-method> <!-- tearDown -->
        <test-method status="PASS" signature="setUp()[pri:0, instance:com.nse.test.NSEMainTest@100d6b1]" name="setUp" is-config="true" duration-ms="9389" started-at="2020-01-07T05:27:52Z" finished-at="2020-01-07T05:28:01Z">
          <reporter-output>
          </reporter-output>
        </test-method> <!-- setUp -->
        <test-method status="PASS" signature="callValuesTest(java.lang.String)[pri:0, instance:com.nse.test.NSEMainTest@100d6b1]" name="callValuesTest" duration-ms="7910" started-at="2020-01-07T05:28:01Z" data-provider="readTestData" finished-at="2020-01-07T05:28:09Z">
          <params>
            <param index="0">
              <value>
                <![CDATA[YESBANK]]>
              </value>
            </param>
          </params>
          <reporter-output>
          </reporter-output>
        </test-method> <!-- callValuesTest -->
        <test-method status="PASS" signature="tearDown()[pri:0, instance:com.nse.test.NSEMainTest@100d6b1]" name="tearDown" is-config="true" duration-ms="669" started-at="2020-01-07T05:28:09Z" finished-at="2020-01-07T05:28:10Z">
          <reporter-output>
          </reporter-output>
        </test-method> <!-- tearDown -->
        <test-method status="PASS" signature="setUp()[pri:0, instance:com.nse.test.NSEMainTest@100d6b1]" name="setUp" is-config="true" duration-ms="9311" started-at="2020-01-07T05:28:10Z" finished-at="2020-01-07T05:28:19Z">
          <reporter-output>
          </reporter-output>
        </test-method> <!-- setUp -->
        <test-method status="PASS" signature="callValuesTest(java.lang.String)[pri:0, instance:com.nse.test.NSEMainTest@100d6b1]" name="callValuesTest" duration-ms="6557" started-at="2020-01-07T05:28:19Z" data-provider="readTestData" finished-at="2020-01-07T05:28:25Z">
          <params>
            <param index="0">
              <value>
                <![CDATA[ZEEL]]>
              </value>
            </param>
          </params>
          <reporter-output>
          </reporter-output>
        </test-method> <!-- callValuesTest -->
        <test-method status="PASS" signature="tearDown()[pri:0, instance:com.nse.test.NSEMainTest@100d6b1]" name="tearDown" is-config="true" duration-ms="674" started-at="2020-01-07T05:28:25Z" finished-at="2020-01-07T05:28:26Z">
          <reporter-output>
          </reporter-output>
        </test-method> <!-- tearDown -->
      </class> <!-- com.nse.test.NSEMainTest -->
    </test> <!-- Default test -->
  </suite> <!-- Default suite -->
</testng-results>
